        -:    0:Source:c:/mingw/lib/gcc/mingw32/6.3.0/include/c++/bits/basic_string.h
        -:    0:Graph:C:\Users\valum\Documents\GitHub\TPI-AED1-2C2021\cmake-build-debug\CMakeFiles\tpi.dir\Funciones_TPI.gcno
        -:    0:Data:C:\Users\valum\Documents\GitHub\TPI-AED1-2C2021\cmake-build-debug\CMakeFiles\tpi.dir\Funciones_TPI.gcda
        -:    0:Runs:1
        -:    0:Programs:1
        -:    1:// Components for manipulating sequences of characters -*- C++ -*-
        -:    2:
        -:    3:// Copyright (C) 1997-2016 Free Software Foundation, Inc.
        -:    4://
        -:    5:// This file is part of the GNU ISO C++ Library.  This library is free
        -:    6:// software; you can redistribute it and/or modify it under the
        -:    7:// terms of the GNU General Public License as published by the
        -:    8:// Free Software Foundation; either version 3, or (at your option)
        -:    9:// any later version.
        -:   10:
        -:   11:// This library is distributed in the hope that it will be useful,
        -:   12:// but WITHOUT ANY WARRANTY; without even the implied warranty of
        -:   13:// MERCHANTABILITY or FITNESS FOR A PARTICULAR PURPOSE.  See the
        -:   14:// GNU General Public License for more details.
        -:   15:
        -:   16:// Under Section 7 of GPL version 3, you are granted additional
        -:   17:// permissions described in the GCC Runtime Library Exception, version
        -:   18:// 3.1, as published by the Free Software Foundation.
        -:   19:
        -:   20:// You should have received a copy of the GNU General Public License and
        -:   21:// a copy of the GCC Runtime Library Exception along with this program;
        -:   22:// see the files COPYING3 and COPYING.RUNTIME respectively.  If not, see
        -:   23:// <http://www.gnu.org/licenses/>.
        -:   24:
        -:   25:/** @file bits/basic_string.h
        -:   26: *  This is an internal header file, included by other library headers.
        -:   27: *  Do not attempt to use it directly. @headername{string}
        -:   28: */
        -:   29:
        -:   30://
        -:   31:// ISO C++ 14882: 21 Strings library
        -:   32://
        -:   33:
        -:   34:#ifndef _BASIC_STRING_H
        -:   35:#define _BASIC_STRING_H 1
        -:   36:
        -:   37:#pragma GCC system_header
        -:   38:
        -:   39:#include <ext/atomicity.h>
        -:   40:#include <ext/alloc_traits.h>
        -:   41:#include <debug/debug.h>
        -:   42:
        -:   43:#if __cplusplus >= 201103L
        -:   44:#include <initializer_list>
        -:   45:#endif
        -:   46:
        -:   47:namespace std _GLIBCXX_VISIBILITY(default)
        -:   48:{
        -:   49:_GLIBCXX_BEGIN_NAMESPACE_VERSION
        -:   50:
        -:   51:#if _GLIBCXX_USE_CXX11_ABI
        -:   52:_GLIBCXX_BEGIN_NAMESPACE_CXX11
        -:   53:  /**
        -:   54:   *  @class basic_string basic_string.h <string>
        -:   55:   *  @brief  Managing sequences of characters and character-like objects.
        -:   56:   *
        -:   57:   *  @ingroup strings
        -:   58:   *  @ingroup sequences
        -:   59:   *
        -:   60:   *  @tparam _CharT  Type of character
        -:   61:   *  @tparam _Traits  Traits for character type, defaults to
        -:   62:   *                   char_traits<_CharT>.
        -:   63:   *  @tparam _Alloc  Allocator type, defaults to allocator<_CharT>.
        -:   64:   *
        -:   65:   *  Meets the requirements of a <a href="tables.html#65">container</a>, a
        -:   66:   *  <a href="tables.html#66">reversible container</a>, and a
        -:   67:   *  <a href="tables.html#67">sequence</a>.  Of the
        -:   68:   *  <a href="tables.html#68">optional sequence requirements</a>, only
        -:   69:   *  @c push_back, @c at, and @c %array access are supported.
        -:   70:   */
        -:   71:  template<typename _CharT, typename _Traits, typename _Alloc>
        -:   72:    class basic_string
        -:   73:    {
        -:   74:      typedef typename __gnu_cxx::__alloc_traits<_Alloc>::template
        -:   75:	rebind<_CharT>::other _Char_alloc_type;
        -:   76:      typedef __gnu_cxx::__alloc_traits<_Char_alloc_type> _Alloc_traits;
        -:   77:
        -:   78:      // Types:
        -:   79:    public:
        -:   80:      typedef _Traits					traits_type;
        -:   81:      typedef typename _Traits::char_type		value_type;
        -:   82:      typedef _Char_alloc_type				allocator_type;
        -:   83:      typedef typename _Alloc_traits::size_type		size_type;
        -:   84:      typedef typename _Alloc_traits::difference_type	difference_type;
        -:   85:      typedef typename _Alloc_traits::reference		reference;
        -:   86:      typedef typename _Alloc_traits::const_reference	const_reference;
        -:   87:      typedef typename _Alloc_traits::pointer		pointer;
        -:   88:      typedef typename _Alloc_traits::const_pointer	const_pointer;
        -:   89:      typedef __gnu_cxx::__normal_iterator<pointer, basic_string>  iterator;
        -:   90:      typedef __gnu_cxx::__normal_iterator<const_pointer, basic_string>
        -:   91:							const_iterator;
        -:   92:      typedef std::reverse_iterator<const_iterator>	const_reverse_iterator;
        -:   93:      typedef std::reverse_iterator<iterator>		reverse_iterator;
        -:   94:
        -:   95:      ///  Value returned by various member functions when they fail.
        -:   96:      static const size_type	npos = static_cast<size_type>(-1);
        -:   97:
        -:   98:    private:
        -:   99:      // type used for positions in insert, erase etc.
        -:  100:#if __cplusplus < 201103L
        -:  101:      typedef iterator __const_iterator;
        -:  102:#else
        -:  103:      typedef const_iterator __const_iterator;
        -:  104:#endif
        -:  105:
        -:  106:      // Use empty-base optimization: http://www.cantrip.org/emptyopt.html
        -:  107:      struct _Alloc_hider : allocator_type // TODO check __is_final
        -:  108:      {
        -:  109:	_Alloc_hider(pointer __dat, const _Alloc& __a = _Alloc())
        -:  110:	: allocator_type(__a), _M_p(__dat) { }
        -:  111:
        -:  112:	pointer _M_p; // The actual data.
        -:  113:      };
        -:  114:
        -:  115:      _Alloc_hider	_M_dataplus;
        -:  116:      size_type		_M_string_length;
        -:  117:
        -:  118:      enum { _S_local_capacity = 15 / sizeof(_CharT) };
        -:  119:
        -:  120:      union
        -:  121:      {
        -:  122:	_CharT           _M_local_buf[_S_local_capacity + 1];
        -:  123:	size_type        _M_allocated_capacity;
        -:  124:      };
        -:  125:
        -:  126:      void
        -:  127:      _M_data(pointer __p)
        -:  128:      { _M_dataplus._M_p = __p; }
        -:  129:
        -:  130:      void
        -:  131:      _M_length(size_type __length)
        -:  132:      { _M_string_length = __length; }
        -:  133:
        -:  134:      pointer
        -:  135:      _M_data() const
        -:  136:      { return _M_dataplus._M_p; }
        -:  137:
        -:  138:      pointer
        -:  139:      _M_local_data()
        -:  140:      {
        -:  141:#if __cplusplus >= 201103L
        -:  142:	return std::pointer_traits<pointer>::pointer_to(*_M_local_buf);
        -:  143:#else
        -:  144:	return pointer(_M_local_buf);
        -:  145:#endif
        -:  146:      }
        -:  147:
        -:  148:      const_pointer
        -:  149:      _M_local_data() const
        -:  150:      {
        -:  151:#if __cplusplus >= 201103L
        -:  152:	return std::pointer_traits<const_pointer>::pointer_to(*_M_local_buf);
        -:  153:#else
        -:  154:	return const_pointer(_M_local_buf);
        -:  155:#endif
        -:  156:      }
        -:  157:
        -:  158:      void
        -:  159:      _M_capacity(size_type __capacity)
        -:  160:      { _M_allocated_capacity = __capacity; }
        -:  161:
        -:  162:      void
        -:  163:      _M_set_length(size_type __n)
        -:  164:      {
        -:  165:	_M_length(__n);
        -:  166:	traits_type::assign(_M_data()[__n], _CharT());
        -:  167:      }
        -:  168:
        -:  169:      bool
        -:  170:      _M_is_local() const
        -:  171:      { return _M_data() == _M_local_data(); }
        -:  172:
        -:  173:      // Create & Destroy
        -:  174:      pointer
        -:  175:      _M_create(size_type&, size_type);
        -:  176:
        -:  177:      void
        -:  178:      _M_dispose()
        -:  179:      {
        -:  180:	if (!_M_is_local())
        -:  181:	  _M_destroy(_M_allocated_capacity);
        -:  182:      }
        -:  183:
        -:  184:      void
        -:  185:      _M_destroy(size_type __size) throw()
        -:  186:      { _Alloc_traits::deallocate(_M_get_allocator(), _M_data(), __size + 1); }
        -:  187:
        -:  188:      // _M_construct_aux is used to implement the 21.3.1 para 15 which
        -:  189:      // requires special behaviour if _InIterator is an integral type
        -:  190:      template<typename _InIterator>
        -:  191:        void
        -:  192:        _M_construct_aux(_InIterator __beg, _InIterator __end,
        -:  193:			 std::__false_type)
        -:  194:	{
        -:  195:          typedef typename iterator_traits<_InIterator>::iterator_category _Tag;
        -:  196:          _M_construct(__beg, __end, _Tag());
        -:  197:	}
        -:  198:
        -:  199:      // _GLIBCXX_RESOLVE_LIB_DEFECTS
        -:  200:      // 438. Ambiguity in the "do the right thing" clause
        -:  201:      template<typename _Integer>
        -:  202:        void
        -:  203:        _M_construct_aux(_Integer __beg, _Integer __end, std::__true_type)
        -:  204:	{ _M_construct_aux_2(static_cast<size_type>(__beg), __end); }
        -:  205:
        -:  206:      void
        -:  207:      _M_construct_aux_2(size_type __req, _CharT __c)
        -:  208:      { _M_construct(__req, __c); }
        -:  209:
        -:  210:      template<typename _InIterator>
        -:  211:        void
        -:  212:        _M_construct(_InIterator __beg, _InIterator __end)
        -:  213:	{
        -:  214:	  typedef typename std::__is_integer<_InIterator>::__type _Integral;
        -:  215:	  _M_construct_aux(__beg, __end, _Integral());
        -:  216:        }
        -:  217:
        -:  218:      // For Input Iterators, used in istreambuf_iterators, etc.
        -:  219:      template<typename _InIterator>
        -:  220:        void
        -:  221:        _M_construct(_InIterator __beg, _InIterator __end,
        -:  222:		     std::input_iterator_tag);
        -:  223:
        -:  224:      // For forward_iterators up to random_access_iterators, used for
        -:  225:      // string::iterator, _CharT*, etc.
        -:  226:      template<typename _FwdIterator>
        -:  227:        void
        -:  228:        _M_construct(_FwdIterator __beg, _FwdIterator __end,
        -:  229:		     std::forward_iterator_tag);
        -:  230:
        -:  231:      void
        -:  232:      _M_construct(size_type __req, _CharT __c);
        -:  233:
        -:  234:      allocator_type&
        -:  235:      _M_get_allocator()
        -:  236:      { return _M_dataplus; }
        -:  237:
        -:  238:      const allocator_type&
        -:  239:      _M_get_allocator() const
        -:  240:      { return _M_dataplus; }
        -:  241:
        -:  242:    private:
        -:  243:
        -:  244:#ifdef _GLIBCXX_DISAMBIGUATE_REPLACE_INST
        -:  245:      // The explicit instantiations in misc-inst.cc require this due to
        -:  246:      // https://gcc.gnu.org/bugzilla/show_bug.cgi?id=64063
        -:  247:      template<typename _Tp, bool _Requires =
        -:  248:	       !__are_same<_Tp, _CharT*>::__value
        -:  249:	       && !__are_same<_Tp, const _CharT*>::__value
        -:  250:	       && !__are_same<_Tp, iterator>::__value
        -:  251:	       && !__are_same<_Tp, const_iterator>::__value>
        -:  252:	struct __enable_if_not_native_iterator
        -:  253:	{ typedef basic_string& __type; };
        -:  254:      template<typename _Tp>
        -:  255:	struct __enable_if_not_native_iterator<_Tp, false> { };
        -:  256:#endif
        -:  257:
        -:  258:      size_type
        -:  259:      _M_check(size_type __pos, const char* __s) const
        -:  260:      {
        -:  261:	if (__pos > this->size())
        -:  262:	  __throw_out_of_range_fmt(__N("%s: __pos (which is %zu) > "
        -:  263:				       "this->size() (which is %zu)"),
        -:  264:				   __s, __pos, this->size());
        -:  265:	return __pos;
        -:  266:      }
        -:  267:
        -:  268:      void
        -:  269:      _M_check_length(size_type __n1, size_type __n2, const char* __s) const
        -:  270:      {
        -:  271:	if (this->max_size() - (this->size() - __n1) < __n2)
        -:  272:	  __throw_length_error(__N(__s));
        -:  273:      }
        -:  274:
        -:  275:
        -:  276:      // NB: _M_limit doesn't check for a bad __pos value.
        -:  277:      size_type
        -:  278:      _M_limit(size_type __pos, size_type __off) const _GLIBCXX_NOEXCEPT
        -:  279:      {
        -:  280:	const bool __testoff =  __off < this->size() - __pos;
        -:  281:	return __testoff ? __off : this->size() - __pos;
        -:  282:      }
        -:  283:
        -:  284:      // True if _Rep and source do not overlap.
        -:  285:      bool
        -:  286:      _M_disjunct(const _CharT* __s) const _GLIBCXX_NOEXCEPT
        -:  287:      {
        -:  288:	return (less<const _CharT*>()(__s, _M_data())
        -:  289:		|| less<const _CharT*>()(_M_data() + this->size(), __s));
        -:  290:      }
        -:  291:
        -:  292:      // When __n = 1 way faster than the general multichar
        -:  293:      // traits_type::copy/move/assign.
        -:  294:      static void
        -:  295:      _S_copy(_CharT* __d, const _CharT* __s, size_type __n)
        -:  296:      {
        -:  297:	if (__n == 1)
        -:  298:	  traits_type::assign(*__d, *__s);
        -:  299:	else
        -:  300:	  traits_type::copy(__d, __s, __n);
        -:  301:      }
        -:  302:
        -:  303:      static void
        -:  304:      _S_move(_CharT* __d, const _CharT* __s, size_type __n)
        -:  305:      {
        -:  306:	if (__n == 1)
        -:  307:	  traits_type::assign(*__d, *__s);
        -:  308:	else
        -:  309:	  traits_type::move(__d, __s, __n);
        -:  310:      }
        -:  311:
        -:  312:      static void
        -:  313:      _S_assign(_CharT* __d, size_type __n, _CharT __c)
        -:  314:      {
        -:  315:	if (__n == 1)
        -:  316:	  traits_type::assign(*__d, __c);
        -:  317:	else
        -:  318:	  traits_type::assign(__d, __n, __c);
        -:  319:      }
        -:  320:
        -:  321:      // _S_copy_chars is a separate template to permit specialization
        -:  322:      // to optimize for the common case of pointers as iterators.
        -:  323:      template<class _Iterator>
        -:  324:        static void
        -:  325:        _S_copy_chars(_CharT* __p, _Iterator __k1, _Iterator __k2)
        -:  326:        {
        -:  327:	  for (; __k1 != __k2; ++__k1, (void)++__p)
        -:  328:	    traits_type::assign(*__p, *__k1); // These types are off.
        -:  329:	}
        -:  330:
        -:  331:      static void
        -:  332:      _S_copy_chars(_CharT* __p, iterator __k1, iterator __k2) _GLIBCXX_NOEXCEPT
        -:  333:      { _S_copy_chars(__p, __k1.base(), __k2.base()); }
        -:  334:
        -:  335:      static void
        -:  336:      _S_copy_chars(_CharT* __p, const_iterator __k1, const_iterator __k2)
        -:  337:      _GLIBCXX_NOEXCEPT
        -:  338:      { _S_copy_chars(__p, __k1.base(), __k2.base()); }
        -:  339:
        -:  340:      static void
        -:  341:      _S_copy_chars(_CharT* __p, _CharT* __k1, _CharT* __k2) _GLIBCXX_NOEXCEPT
        -:  342:      { _S_copy(__p, __k1, __k2 - __k1); }
        -:  343:
        -:  344:      static void
        -:  345:      _S_copy_chars(_CharT* __p, const _CharT* __k1, const _CharT* __k2)
        -:  346:      _GLIBCXX_NOEXCEPT
        -:  347:      { _S_copy(__p, __k1, __k2 - __k1); }
        -:  348:
        -:  349:      static int
        -:  350:      _S_compare(size_type __n1, size_type __n2) _GLIBCXX_NOEXCEPT
        -:  351:      {
        -:  352:	const difference_type __d = difference_type(__n1 - __n2);
        -:  353:
        -:  354:	if (__d > __gnu_cxx::__numeric_traits<int>::__max)
        -:  355:	  return __gnu_cxx::__numeric_traits<int>::__max;
        -:  356:	else if (__d < __gnu_cxx::__numeric_traits<int>::__min)
        -:  357:	  return __gnu_cxx::__numeric_traits<int>::__min;
        -:  358:	else
        -:  359:	  return int(__d);
        -:  360:      }
        -:  361:
        -:  362:      void
        -:  363:      _M_assign(const basic_string& __rcs);
        -:  364:
        -:  365:      void
        -:  366:      _M_mutate(size_type __pos, size_type __len1, const _CharT* __s,
        -:  367:		size_type __len2);
        -:  368:
        -:  369:      void
        -:  370:      _M_erase(size_type __pos, size_type __n);
        -:  371:
        -:  372:    public:
        -:  373:      // Construct/copy/destroy:
        -:  374:      // NB: We overload ctors in some cases instead of using default
        -:  375:      // arguments, per 17.4.4.4 para. 2 item 2.
        -:  376:
        -:  377:      /**
        -:  378:       *  @brief  Default constructor creates an empty string.
        -:  379:       */
        -:  380:      basic_string()
        -:  381:      _GLIBCXX_NOEXCEPT_IF(is_nothrow_default_constructible<_Alloc>::value)
        -:  382:      : _M_dataplus(_M_local_data())
        -:  383:      { _M_set_length(0); }
        -:  384:
        -:  385:      /**
        -:  386:       *  @brief  Construct an empty string using allocator @a a.
        -:  387:       */
        -:  388:      explicit
        -:  389:      basic_string(const _Alloc& __a) _GLIBCXX_NOEXCEPT
        -:  390:      : _M_dataplus(_M_local_data(), __a)
        -:  391:      { _M_set_length(0); }
        -:  392:
        -:  393:      /**
        -:  394:       *  @brief  Construct string with copy of value of @a __str.
        -:  395:       *  @param  __str  Source string.
        -:  396:       */
        -:  397:      basic_string(const basic_string& __str)
        -:  398:      : _M_dataplus(_M_local_data(),
        -:  399:		    _Alloc_traits::_S_select_on_copy(__str._M_get_allocator()))
        -:  400:      { _M_construct(__str._M_data(), __str._M_data() + __str.length()); }
        -:  401:
        -:  402:      /**
        -:  403:       *  @brief  Construct string as copy of a substring.
        -:  404:       *  @param  __str  Source string.
        -:  405:       *  @param  __pos  Index of first character to copy from.
        -:  406:       *  @param  __n  Number of characters to copy (default remainder).
        -:  407:       */
        -:  408:      // _GLIBCXX_RESOLVE_LIB_DEFECTS
        -:  409:      // 2402. [this constructor] shouldn't use Allocator()
        -:  410:      basic_string(const basic_string& __str, size_type __pos,
        -:  411:		   size_type __n = npos)
        -:  412:      : _M_dataplus(_M_local_data())
        -:  413:      {
        -:  414:	const _CharT* __start = __str._M_data()
        -:  415:	  + __str._M_check(__pos, "basic_string::basic_string");
        -:  416:	_M_construct(__start, __start + __str._M_limit(__pos, __n));
        -:  417:      }
        -:  418:
        -:  419:      /**
        -:  420:       *  @brief  Construct string as copy of a substring.
        -:  421:       *  @param  __str  Source string.
        -:  422:       *  @param  __pos  Index of first character to copy from.
        -:  423:       *  @param  __n  Number of characters to copy (default remainder).
        -:  424:       *  @param  __a  Allocator to use.
        -:  425:       */
        -:  426:      basic_string(const basic_string& __str, size_type __pos,
        -:  427:		   size_type __n, const _Alloc& __a)
        -:  428:      : _M_dataplus(_M_local_data(), __a)
        -:  429:      {
        -:  430:	const _CharT* __start
        -:  431:	  = __str._M_data() + __str._M_check(__pos, "string::string");
        -:  432:	_M_construct(__start, __start + __str._M_limit(__pos, __n));
        -:  433:      }
        -:  434:
        -:  435:      /**
        -:  436:       *  @brief  Construct string initialized by a character %array.
        -:  437:       *  @param  __s  Source character %array.
        -:  438:       *  @param  __n  Number of characters to copy.
        -:  439:       *  @param  __a  Allocator to use (default is default allocator).
        -:  440:       *
        -:  441:       *  NB: @a __s must have at least @a __n characters, &apos;\\0&apos;
        -:  442:       *  has no special meaning.
        -:  443:       */
        -:  444:      basic_string(const _CharT* __s, size_type __n,
        -:  445:		   const _Alloc& __a = _Alloc())
        -:  446:      : _M_dataplus(_M_local_data(), __a)
        -:  447:      { _M_construct(__s, __s + __n); }
        -:  448:
        -:  449:      /**
        -:  450:       *  @brief  Construct string as copy of a C string.
        -:  451:       *  @param  __s  Source C string.
        -:  452:       *  @param  __a  Allocator to use (default is default allocator).
        -:  453:       */
        -:  454:      basic_string(const _CharT* __s, const _Alloc& __a = _Alloc())
        -:  455:      : _M_dataplus(_M_local_data(), __a)
        -:  456:      { _M_construct(__s, __s ? __s + traits_type::length(__s) : __s+npos); }
        -:  457:
        -:  458:      /**
        -:  459:       *  @brief  Construct string as multiple characters.
        -:  460:       *  @param  __n  Number of characters.
        -:  461:       *  @param  __c  Character to use.
        -:  462:       *  @param  __a  Allocator to use (default is default allocator).
        -:  463:       */
        -:  464:      basic_string(size_type __n, _CharT __c, const _Alloc& __a = _Alloc())
        -:  465:      : _M_dataplus(_M_local_data(), __a)
        -:  466:      { _M_construct(__n, __c); }
        -:  467:
        -:  468:#if __cplusplus >= 201103L
        -:  469:      /**
        -:  470:       *  @brief  Move construct string.
        -:  471:       *  @param  __str  Source string.
        -:  472:       *
        -:  473:       *  The newly-created string contains the exact contents of @a __str.
        -:  474:       *  @a __str is a valid, but unspecified string.
        -:  475:       **/
        -:  476:      basic_string(basic_string&& __str) noexcept
        -:  477:      : _M_dataplus(_M_local_data(), std::move(__str._M_get_allocator()))
        -:  478:      {
        -:  479:	if (__str._M_is_local())
        -:  480:	  {
        -:  481:	    traits_type::copy(_M_local_buf, __str._M_local_buf,
        -:  482:			      _S_local_capacity + 1);
        -:  483:	  }
        -:  484:	else
        -:  485:	  {
        -:  486:	    _M_data(__str._M_data());
        -:  487:	    _M_capacity(__str._M_allocated_capacity);
        -:  488:	  }
        -:  489:
        -:  490:	// Must use _M_length() here not _M_set_length() because
        -:  491:	// basic_stringbuf relies on writing into unallocated capacity so
        -:  492:	// we mess up the contents if we put a '\0' in the string.
        -:  493:	_M_length(__str.length());
        -:  494:	__str._M_data(__str._M_local_data());
        -:  495:	__str._M_set_length(0);
        -:  496:      }
        -:  497:
        -:  498:      /**
        -:  499:       *  @brief  Construct string from an initializer %list.
        -:  500:       *  @param  __l  std::initializer_list of characters.
        -:  501:       *  @param  __a  Allocator to use (default is default allocator).
        -:  502:       */
        -:  503:      basic_string(initializer_list<_CharT> __l, const _Alloc& __a = _Alloc())
        -:  504:      : _M_dataplus(_M_local_data(), __a)
        -:  505:      { _M_construct(__l.begin(), __l.end()); }
        -:  506:
        -:  507:      basic_string(const basic_string& __str, const _Alloc& __a)
        -:  508:      : _M_dataplus(_M_local_data(), __a)
        -:  509:      { _M_construct(__str.begin(), __str.end()); }
        -:  510:
        -:  511:      basic_string(basic_string&& __str, const _Alloc& __a)
        -:  512:      noexcept(_Alloc_traits::_S_always_equal())
        -:  513:      : _M_dataplus(_M_local_data(), __a)
        -:  514:      {
        -:  515:	if (__str._M_is_local())
        -:  516:	  {
        -:  517:	    traits_type::copy(_M_local_buf, __str._M_local_buf,
        -:  518:			      _S_local_capacity + 1);
        -:  519:	    _M_length(__str.length());
        -:  520:	    __str._M_set_length(0);
        -:  521:	  }
        -:  522:	else if (_Alloc_traits::_S_always_equal()
        -:  523:	    || __str.get_allocator() == __a)
        -:  524:	  {
        -:  525:	    _M_data(__str._M_data());
        -:  526:	    _M_length(__str.length());
        -:  527:	    _M_capacity(__str._M_allocated_capacity);
        -:  528:	    __str._M_data(__str._M_local_buf);
        -:  529:	    __str._M_set_length(0);
        -:  530:	  }
        -:  531:	else
        -:  532:	  _M_construct(__str.begin(), __str.end());
        -:  533:      }
        -:  534:
        -:  535:#endif // C++11
        -:  536:
        -:  537:      /**
        -:  538:       *  @brief  Construct string as copy of a range.
        -:  539:       *  @param  __beg  Start of range.
        -:  540:       *  @param  __end  End of range.
        -:  541:       *  @param  __a  Allocator to use (default is default allocator).
        -:  542:       */
        -:  543:#if __cplusplus >= 201103L
        -:  544:      template<typename _InputIterator,
        -:  545:	       typename = std::_RequireInputIter<_InputIterator>>
        -:  546:#else
        -:  547:      template<typename _InputIterator>
        -:  548:#endif
        -:  549:        basic_string(_InputIterator __beg, _InputIterator __end,
        -:  550:		     const _Alloc& __a = _Alloc())
        -:  551:	: _M_dataplus(_M_local_data(), __a)
        -:  552:	{ _M_construct(__beg, __end); }
        -:  553:
        -:  554:      /**
        -:  555:       *  @brief  Destroy the string instance.
        -:  556:       */
        -:  557:      ~basic_string()
        -:  558:      { _M_dispose(); }
        -:  559:
        -:  560:      /**
        -:  561:       *  @brief  Assign the value of @a str to this string.
        -:  562:       *  @param  __str  Source string.
        -:  563:       */
        -:  564:      basic_string&
        -:  565:      operator=(const basic_string& __str)
        -:  566:      {
        -:  567:#if __cplusplus >= 201103L
        -:  568:	if (_Alloc_traits::_S_propagate_on_copy_assign())
        -:  569:	  {
        -:  570:	    if (!_Alloc_traits::_S_always_equal() && !_M_is_local()
        -:  571:		&& _M_get_allocator() != __str._M_get_allocator())
        -:  572:	      {
        -:  573:		// replacement allocator cannot free existing storage
        -:  574:		_M_destroy(_M_allocated_capacity);
        -:  575:		_M_data(_M_local_data());
        -:  576:		_M_set_length(0);
        -:  577:	      }
        -:  578:	    std::__alloc_on_copy(_M_get_allocator(), __str._M_get_allocator());
        -:  579:	  }
        -:  580:#endif
        -:  581:	return this->assign(__str);
        -:  582:      }
        -:  583:
        -:  584:      /**
        -:  585:       *  @brief  Copy contents of @a s into this string.
        -:  586:       *  @param  __s  Source null-terminated string.
        -:  587:       */
        -:  588:      basic_string&
        -:  589:      operator=(const _CharT* __s)
        -:  590:      { return this->assign(__s); }
        -:  591:
        -:  592:      /**
        -:  593:       *  @brief  Set value to string of length 1.
        -:  594:       *  @param  __c  Source character.
        -:  595:       *
        -:  596:       *  Assigning to a character makes this string length 1 and
        -:  597:       *  (*this)[0] == @a c.
        -:  598:       */
        -:  599:      basic_string&
        -:  600:      operator=(_CharT __c)
        -:  601:      {
        -:  602:	this->assign(1, __c);
        -:  603:	return *this;
        -:  604:      }
        -:  605:
        -:  606:#if __cplusplus >= 201103L
        -:  607:      /**
        -:  608:       *  @brief  Move assign the value of @a str to this string.
        -:  609:       *  @param  __str  Source string.
        -:  610:       *
        -:  611:       *  The contents of @a str are moved into this string (without copying).
        -:  612:       *  @a str is a valid, but unspecified string.
        -:  613:       **/
        -:  614:      // PR 58265, this should be noexcept.
        -:  615:      // _GLIBCXX_RESOLVE_LIB_DEFECTS
        -:  616:      // 2063. Contradictory requirements for string move assignment
        -:  617:      basic_string&
        -:  618:      operator=(basic_string&& __str)
        -:  619:      noexcept(_Alloc_traits::_S_nothrow_move())
        -:  620:      {
        -:  621:	if (!_M_is_local() && _Alloc_traits::_S_propagate_on_move_assign()
        -:  622:	    && !_Alloc_traits::_S_always_equal()
        -:  623:	    && _M_get_allocator() != __str._M_get_allocator())
        -:  624:	  {
        -:  625:	    // Destroy existing storage before replacing allocator.
        -:  626:	    _M_destroy(_M_allocated_capacity);
        -:  627:	    _M_data(_M_local_data());
        -:  628:	    _M_set_length(0);
        -:  629:	  }
        -:  630:	// Replace allocator if POCMA is true.
        -:  631:	std::__alloc_on_move(_M_get_allocator(), __str._M_get_allocator());
        -:  632:
        -:  633:	if (!__str._M_is_local()
        -:  634:	    && (_Alloc_traits::_S_propagate_on_move_assign()
        -:  635:	      || _Alloc_traits::_S_always_equal()))
        -:  636:	  {
        -:  637:	    pointer __data = nullptr;
        -:  638:	    size_type __capacity;
        -:  639:	    if (!_M_is_local())
        -:  640:	      {
        -:  641:		if (_Alloc_traits::_S_always_equal())
        -:  642:		  {
        -:  643:		    __data = _M_data();
        -:  644:		    __capacity = _M_allocated_capacity;
        -:  645:		  }
        -:  646:		else
        -:  647:		  _M_destroy(_M_allocated_capacity);
        -:  648:	      }
        -:  649:
        -:  650:	    _M_data(__str._M_data());
        -:  651:	    _M_length(__str.length());
        -:  652:	    _M_capacity(__str._M_allocated_capacity);
        -:  653:	    if (__data)
        -:  654:	      {
        -:  655:		__str._M_data(__data);
        -:  656:		__str._M_capacity(__capacity);
        -:  657:	      }
        -:  658:	    else
        -:  659:	      __str._M_data(__str._M_local_buf);
        -:  660:	  }
        -:  661:	else
        -:  662:	    assign(__str);
        -:  663:	__str.clear();
        -:  664:	return *this;
        -:  665:      }
        -:  666:
        -:  667:      /**
        -:  668:       *  @brief  Set value to string constructed from initializer %list.
        -:  669:       *  @param  __l  std::initializer_list.
        -:  670:       */
        -:  671:      basic_string&
        -:  672:      operator=(initializer_list<_CharT> __l)
        -:  673:      {
        -:  674:	this->assign(__l.begin(), __l.size());
        -:  675:	return *this;
        -:  676:      }
        -:  677:#endif // C++11
        -:  678:
        -:  679:      // Iterators:
        -:  680:      /**
        -:  681:       *  Returns a read/write iterator that points to the first character in
        -:  682:       *  the %string.
        -:  683:       */
        -:  684:      iterator
        -:  685:      begin() _GLIBCXX_NOEXCEPT
        -:  686:      { return iterator(_M_data()); }
        -:  687:
        -:  688:      /**
        -:  689:       *  Returns a read-only (constant) iterator that points to the first
        -:  690:       *  character in the %string.
        -:  691:       */
        -:  692:      const_iterator
        -:  693:      begin() const _GLIBCXX_NOEXCEPT
        -:  694:      { return const_iterator(_M_data()); }
        -:  695:
        -:  696:      /**
        -:  697:       *  Returns a read/write iterator that points one past the last
        -:  698:       *  character in the %string.
        -:  699:       */
        -:  700:      iterator
        -:  701:      end() _GLIBCXX_NOEXCEPT
        -:  702:      { return iterator(_M_data() + this->size()); }
        -:  703:
        -:  704:      /**
        -:  705:       *  Returns a read-only (constant) iterator that points one past the
        -:  706:       *  last character in the %string.
        -:  707:       */
        -:  708:      const_iterator
        -:  709:      end() const _GLIBCXX_NOEXCEPT
        -:  710:      { return const_iterator(_M_data() + this->size()); }
        -:  711:
        -:  712:      /**
        -:  713:       *  Returns a read/write reverse iterator that points to the last
        -:  714:       *  character in the %string.  Iteration is done in reverse element
        -:  715:       *  order.
        -:  716:       */
        -:  717:      reverse_iterator
        -:  718:      rbegin() _GLIBCXX_NOEXCEPT
        -:  719:      { return reverse_iterator(this->end()); }
        -:  720:
        -:  721:      /**
        -:  722:       *  Returns a read-only (constant) reverse iterator that points
        -:  723:       *  to the last character in the %string.  Iteration is done in
        -:  724:       *  reverse element order.
        -:  725:       */
        -:  726:      const_reverse_iterator
        -:  727:      rbegin() const _GLIBCXX_NOEXCEPT
        -:  728:      { return const_reverse_iterator(this->end()); }
        -:  729:
        -:  730:      /**
        -:  731:       *  Returns a read/write reverse iterator that points to one before the
        -:  732:       *  first character in the %string.  Iteration is done in reverse
        -:  733:       *  element order.
        -:  734:       */
        -:  735:      reverse_iterator
        -:  736:      rend() _GLIBCXX_NOEXCEPT
        -:  737:      { return reverse_iterator(this->begin()); }
        -:  738:
        -:  739:      /**
        -:  740:       *  Returns a read-only (constant) reverse iterator that points
        -:  741:       *  to one before the first character in the %string.  Iteration
        -:  742:       *  is done in reverse element order.
        -:  743:       */
        -:  744:      const_reverse_iterator
        -:  745:      rend() const _GLIBCXX_NOEXCEPT
        -:  746:      { return const_reverse_iterator(this->begin()); }
        -:  747:
        -:  748:#if __cplusplus >= 201103L
        -:  749:      /**
        -:  750:       *  Returns a read-only (constant) iterator that points to the first
        -:  751:       *  character in the %string.
        -:  752:       */
        -:  753:      const_iterator
        -:  754:      cbegin() const noexcept
        -:  755:      { return const_iterator(this->_M_data()); }
        -:  756:
        -:  757:      /**
        -:  758:       *  Returns a read-only (constant) iterator that points one past the
        -:  759:       *  last character in the %string.
        -:  760:       */
        -:  761:      const_iterator
        -:  762:      cend() const noexcept
        -:  763:      { return const_iterator(this->_M_data() + this->size()); }
        -:  764:
        -:  765:      /**
        -:  766:       *  Returns a read-only (constant) reverse iterator that points
        -:  767:       *  to the last character in the %string.  Iteration is done in
        -:  768:       *  reverse element order.
        -:  769:       */
        -:  770:      const_reverse_iterator
        -:  771:      crbegin() const noexcept
        -:  772:      { return const_reverse_iterator(this->end()); }
        -:  773:
        -:  774:      /**
        -:  775:       *  Returns a read-only (constant) reverse iterator that points
        -:  776:       *  to one before the first character in the %string.  Iteration
        -:  777:       *  is done in reverse element order.
        -:  778:       */
        -:  779:      const_reverse_iterator
        -:  780:      crend() const noexcept
        -:  781:      { return const_reverse_iterator(this->begin()); }
        -:  782:#endif
        -:  783:
        -:  784:    public:
        -:  785:      // Capacity:
        -:  786:      ///  Returns the number of characters in the string, not including any
        -:  787:      ///  null-termination.
        -:  788:      size_type
        -:  789:      size() const _GLIBCXX_NOEXCEPT
        -:  790:      { return _M_string_length; }
        -:  791:
        -:  792:      ///  Returns the number of characters in the string, not including any
        -:  793:      ///  null-termination.
        -:  794:      size_type
        -:  795:      length() const _GLIBCXX_NOEXCEPT
        -:  796:      { return _M_string_length; }
        -:  797:
        -:  798:      ///  Returns the size() of the largest possible %string.
        -:  799:      size_type
        -:  800:      max_size() const _GLIBCXX_NOEXCEPT
        -:  801:      { return (_Alloc_traits::max_size(_M_get_allocator()) - 1) / 2; }
        -:  802:
        -:  803:      /**
        -:  804:       *  @brief  Resizes the %string to the specified number of characters.
        -:  805:       *  @param  __n  Number of characters the %string should contain.
        -:  806:       *  @param  __c  Character to fill any new elements.
        -:  807:       *
        -:  808:       *  This function will %resize the %string to the specified
        -:  809:       *  number of characters.  If the number is smaller than the
        -:  810:       *  %string's current size the %string is truncated, otherwise
        -:  811:       *  the %string is extended and new elements are %set to @a __c.
        -:  812:       */
        -:  813:      void
        -:  814:      resize(size_type __n, _CharT __c);
        -:  815:
        -:  816:      /**
        -:  817:       *  @brief  Resizes the %string to the specified number of characters.
        -:  818:       *  @param  __n  Number of characters the %string should contain.
        -:  819:       *
        -:  820:       *  This function will resize the %string to the specified length.  If
        -:  821:       *  the new size is smaller than the %string's current size the %string
        -:  822:       *  is truncated, otherwise the %string is extended and new characters
        -:  823:       *  are default-constructed.  For basic types such as char, this means
        -:  824:       *  setting them to 0.
        -:  825:       */
        -:  826:      void
        -:  827:      resize(size_type __n)
        -:  828:      { this->resize(__n, _CharT()); }
        -:  829:
        -:  830:#if __cplusplus >= 201103L
        -:  831:      ///  A non-binding request to reduce capacity() to size().
        -:  832:      void
        -:  833:      shrink_to_fit() noexcept
        -:  834:      {
        -:  835:#if __cpp_exceptions
        -:  836:	if (capacity() > size())
        -:  837:	  {
        -:  838:	    try
        -:  839:	      { reserve(0); }
        -:  840:	    catch(...)
        -:  841:	      { }
        -:  842:	  }
        -:  843:#endif
        -:  844:      }
        -:  845:#endif
        -:  846:
        -:  847:      /**
        -:  848:       *  Returns the total number of characters that the %string can hold
        -:  849:       *  before needing to allocate more memory.
        -:  850:       */
        -:  851:      size_type
        -:  852:      capacity() const _GLIBCXX_NOEXCEPT
        -:  853:      {
        -:  854:	return _M_is_local() ? size_type(_S_local_capacity)
        -:  855:	                     : _M_allocated_capacity;
        -:  856:      }
        -:  857:
        -:  858:      /**
        -:  859:       *  @brief  Attempt to preallocate enough memory for specified number of
        -:  860:       *          characters.
        -:  861:       *  @param  __res_arg  Number of characters required.
        -:  862:       *  @throw  std::length_error  If @a __res_arg exceeds @c max_size().
        -:  863:       *
        -:  864:       *  This function attempts to reserve enough memory for the
        -:  865:       *  %string to hold the specified number of characters.  If the
        -:  866:       *  number requested is more than max_size(), length_error is
        -:  867:       *  thrown.
        -:  868:       *
        -:  869:       *  The advantage of this function is that if optimal code is a
        -:  870:       *  necessity and the user can determine the string length that will be
        -:  871:       *  required, the user can reserve the memory in %advance, and thus
        -:  872:       *  prevent a possible reallocation of memory and copying of %string
        -:  873:       *  data.
        -:  874:       */
        -:  875:      void
        -:  876:      reserve(size_type __res_arg = 0);
        -:  877:
        -:  878:      /**
        -:  879:       *  Erases the string, making it empty.
        -:  880:       */
        -:  881:      void
        -:  882:      clear() _GLIBCXX_NOEXCEPT
        -:  883:      { _M_set_length(0); }
        -:  884:
        -:  885:      /**
        -:  886:       *  Returns true if the %string is empty.  Equivalent to 
        -:  887:       *  <code>*this == ""</code>.
        -:  888:       */
        -:  889:      bool
        -:  890:      empty() const _GLIBCXX_NOEXCEPT
        -:  891:      { return this->size() == 0; }
        -:  892:
        -:  893:      // Element access:
        -:  894:      /**
        -:  895:       *  @brief  Subscript access to the data contained in the %string.
        -:  896:       *  @param  __pos  The index of the character to access.
        -:  897:       *  @return  Read-only (constant) reference to the character.
        -:  898:       *
        -:  899:       *  This operator allows for easy, array-style, data access.
        -:  900:       *  Note that data access with this operator is unchecked and
        -:  901:       *  out_of_range lookups are not defined. (For checked lookups
        -:  902:       *  see at().)
        -:  903:       */
        -:  904:      const_reference
        -:  905:      operator[] (size_type __pos) const _GLIBCXX_NOEXCEPT
        -:  906:      {
        -:  907:	__glibcxx_assert(__pos <= size());
        -:  908:	return _M_data()[__pos];
        -:  909:      }
        -:  910:
        -:  911:      /**
        -:  912:       *  @brief  Subscript access to the data contained in the %string.
        -:  913:       *  @param  __pos  The index of the character to access.
        -:  914:       *  @return  Read/write reference to the character.
        -:  915:       *
        -:  916:       *  This operator allows for easy, array-style, data access.
        -:  917:       *  Note that data access with this operator is unchecked and
        -:  918:       *  out_of_range lookups are not defined. (For checked lookups
        -:  919:       *  see at().)
        -:  920:       */
        -:  921:      reference
        -:  922:      operator[](size_type __pos)
        -:  923:      {
        -:  924:        // Allow pos == size() both in C++98 mode, as v3 extension,
        -:  925:	// and in C++11 mode.
        -:  926:	__glibcxx_assert(__pos <= size());
        -:  927:        // In pedantic mode be strict in C++98 mode.
        -:  928:	_GLIBCXX_DEBUG_PEDASSERT(__cplusplus >= 201103L || __pos < size());
        -:  929:	return _M_data()[__pos];
        -:  930:      }
        -:  931:
        -:  932:      /**
        -:  933:       *  @brief  Provides access to the data contained in the %string.
        -:  934:       *  @param __n The index of the character to access.
        -:  935:       *  @return  Read-only (const) reference to the character.
        -:  936:       *  @throw  std::out_of_range  If @a n is an invalid index.
        -:  937:       *
        -:  938:       *  This function provides for safer data access.  The parameter is
        -:  939:       *  first checked that it is in the range of the string.  The function
        -:  940:       *  throws out_of_range if the check fails.
        -:  941:       */
        -:  942:      const_reference
        -:  943:      at(size_type __n) const
        -:  944:      {
        -:  945:	if (__n >= this->size())
        -:  946:	  __throw_out_of_range_fmt(__N("basic_string::at: __n "
        -:  947:				       "(which is %zu) >= this->size() "
        -:  948:				       "(which is %zu)"),
        -:  949:				   __n, this->size());
        -:  950:	return _M_data()[__n];
        -:  951:      }
        -:  952:
        -:  953:      /**
        -:  954:       *  @brief  Provides access to the data contained in the %string.
        -:  955:       *  @param __n The index of the character to access.
        -:  956:       *  @return  Read/write reference to the character.
        -:  957:       *  @throw  std::out_of_range  If @a n is an invalid index.
        -:  958:       *
        -:  959:       *  This function provides for safer data access.  The parameter is
        -:  960:       *  first checked that it is in the range of the string.  The function
        -:  961:       *  throws out_of_range if the check fails.
        -:  962:       */
        -:  963:      reference
        -:  964:      at(size_type __n)
        -:  965:      {
        -:  966:	if (__n >= size())
        -:  967:	  __throw_out_of_range_fmt(__N("basic_string::at: __n "
        -:  968:				       "(which is %zu) >= this->size() "
        -:  969:				       "(which is %zu)"),
        -:  970:				   __n, this->size());
        -:  971:	return _M_data()[__n];
        -:  972:      }
        -:  973:
        -:  974:#if __cplusplus >= 201103L
        -:  975:      /**
        -:  976:       *  Returns a read/write reference to the data at the first
        -:  977:       *  element of the %string.
        -:  978:       */
        -:  979:      reference
        -:  980:      front() noexcept
        -:  981:      {
        -:  982:	__glibcxx_assert(!empty());
        -:  983:	return operator[](0);
        -:  984:      }
        -:  985:
        -:  986:      /**
        -:  987:       *  Returns a read-only (constant) reference to the data at the first
        -:  988:       *  element of the %string.
        -:  989:       */
        -:  990:      const_reference
        -:  991:      front() const noexcept
        -:  992:      {
        -:  993:	__glibcxx_assert(!empty());
        -:  994:	return operator[](0);
        -:  995:      }
        -:  996:
        -:  997:      /**
        -:  998:       *  Returns a read/write reference to the data at the last
        -:  999:       *  element of the %string.
        -: 1000:       */
        -: 1001:      reference
        -: 1002:      back() noexcept
        -: 1003:      {
        -: 1004:	__glibcxx_assert(!empty());
        -: 1005:	return operator[](this->size() - 1);
        -: 1006:      }
        -: 1007:
        -: 1008:      /**
        -: 1009:       *  Returns a read-only (constant) reference to the data at the
        -: 1010:       *  last element of the %string.
        -: 1011:       */
        -: 1012:      const_reference
        -: 1013:      back() const noexcept
        -: 1014:      {
        -: 1015:	__glibcxx_assert(!empty());
        -: 1016:	return operator[](this->size() - 1);
        -: 1017:      }
        -: 1018:#endif
        -: 1019:
        -: 1020:      // Modifiers:
        -: 1021:      /**
        -: 1022:       *  @brief  Append a string to this string.
        -: 1023:       *  @param __str  The string to append.
        -: 1024:       *  @return  Reference to this string.
        -: 1025:       */
        -: 1026:      basic_string&
        -: 1027:      operator+=(const basic_string& __str)
        -: 1028:      { return this->append(__str); }
        -: 1029:
        -: 1030:      /**
        -: 1031:       *  @brief  Append a C string.
        -: 1032:       *  @param __s  The C string to append.
        -: 1033:       *  @return  Reference to this string.
        -: 1034:       */
        -: 1035:      basic_string&
        -: 1036:      operator+=(const _CharT* __s)
        -: 1037:      { return this->append(__s); }
        -: 1038:
        -: 1039:      /**
        -: 1040:       *  @brief  Append a character.
        -: 1041:       *  @param __c  The character to append.
        -: 1042:       *  @return  Reference to this string.
        -: 1043:       */
        -: 1044:      basic_string&
        -: 1045:      operator+=(_CharT __c)
        -: 1046:      {
        -: 1047:	this->push_back(__c);
        -: 1048:	return *this;
        -: 1049:      }
        -: 1050:
        -: 1051:#if __cplusplus >= 201103L
        -: 1052:      /**
        -: 1053:       *  @brief  Append an initializer_list of characters.
        -: 1054:       *  @param __l  The initializer_list of characters to be appended.
        -: 1055:       *  @return  Reference to this string.
        -: 1056:       */
        -: 1057:      basic_string&
        -: 1058:      operator+=(initializer_list<_CharT> __l)
        -: 1059:      { return this->append(__l.begin(), __l.size()); }
        -: 1060:#endif // C++11
        -: 1061:
        -: 1062:      /**
        -: 1063:       *  @brief  Append a string to this string.
        -: 1064:       *  @param __str  The string to append.
        -: 1065:       *  @return  Reference to this string.
        -: 1066:       */
        -: 1067:      basic_string&
        -: 1068:      append(const basic_string& __str)
        -: 1069:      { return _M_append(__str._M_data(), __str.size()); }
        -: 1070:
        -: 1071:      /**
        -: 1072:       *  @brief  Append a substring.
        -: 1073:       *  @param __str  The string to append.
        -: 1074:       *  @param __pos  Index of the first character of str to append.
        -: 1075:       *  @param __n  The number of characters to append.
        -: 1076:       *  @return  Reference to this string.
        -: 1077:       *  @throw  std::out_of_range if @a __pos is not a valid index.
        -: 1078:       *
        -: 1079:       *  This function appends @a __n characters from @a __str
        -: 1080:       *  starting at @a __pos to this string.  If @a __n is is larger
        -: 1081:       *  than the number of available characters in @a __str, the
        -: 1082:       *  remainder of @a __str is appended.
        -: 1083:       */
        -: 1084:      basic_string&
        -: 1085:      append(const basic_string& __str, size_type __pos, size_type __n)
        -: 1086:      { return _M_append(__str._M_data()
        -: 1087:			 + __str._M_check(__pos, "basic_string::append"),
        -: 1088:			 __str._M_limit(__pos, __n)); }
        -: 1089:
        -: 1090:      /**
        -: 1091:       *  @brief  Append a C substring.
        -: 1092:       *  @param __s  The C string to append.
        -: 1093:       *  @param __n  The number of characters to append.
        -: 1094:       *  @return  Reference to this string.
        -: 1095:       */
        -: 1096:      basic_string&
        -: 1097:      append(const _CharT* __s, size_type __n)
        -: 1098:      {
        -: 1099:	__glibcxx_requires_string_len(__s, __n);
        -: 1100:	_M_check_length(size_type(0), __n, "basic_string::append");
        -: 1101:	return _M_append(__s, __n);
        -: 1102:      }
        -: 1103:
        -: 1104:      /**
        -: 1105:       *  @brief  Append a C string.
        -: 1106:       *  @param __s  The C string to append.
        -: 1107:       *  @return  Reference to this string.
        -: 1108:       */
        -: 1109:      basic_string&
        -: 1110:      append(const _CharT* __s)
        -: 1111:      {
        -: 1112:	__glibcxx_requires_string(__s);
        -: 1113:	const size_type __n = traits_type::length(__s);
        -: 1114:	_M_check_length(size_type(0), __n, "basic_string::append");
        -: 1115:	return _M_append(__s, __n);
        -: 1116:      }
        -: 1117:
        -: 1118:      /**
        -: 1119:       *  @brief  Append multiple characters.
        -: 1120:       *  @param __n  The number of characters to append.
        -: 1121:       *  @param __c  The character to use.
        -: 1122:       *  @return  Reference to this string.
        -: 1123:       *
        -: 1124:       *  Appends __n copies of __c to this string.
        -: 1125:       */
        -: 1126:      basic_string&
        -: 1127:      append(size_type __n, _CharT __c)
        -: 1128:      { return _M_replace_aux(this->size(), size_type(0), __n, __c); }
        -: 1129:
        -: 1130:#if __cplusplus >= 201103L
        -: 1131:      /**
        -: 1132:       *  @brief  Append an initializer_list of characters.
        -: 1133:       *  @param __l  The initializer_list of characters to append.
        -: 1134:       *  @return  Reference to this string.
        -: 1135:       */
        -: 1136:      basic_string&
        -: 1137:      append(initializer_list<_CharT> __l)
        -: 1138:      { return this->append(__l.begin(), __l.size()); }
        -: 1139:#endif // C++11
        -: 1140:
        -: 1141:      /**
        -: 1142:       *  @brief  Append a range of characters.
        -: 1143:       *  @param __first  Iterator referencing the first character to append.
        -: 1144:       *  @param __last  Iterator marking the end of the range.
        -: 1145:       *  @return  Reference to this string.
        -: 1146:       *
        -: 1147:       *  Appends characters in the range [__first,__last) to this string.
        -: 1148:       */
        -: 1149:#if __cplusplus >= 201103L
        -: 1150:      template<class _InputIterator,
        -: 1151:	       typename = std::_RequireInputIter<_InputIterator>>
        -: 1152:#else
        -: 1153:      template<class _InputIterator>
        -: 1154:#endif
        -: 1155:        basic_string&
        -: 1156:        append(_InputIterator __first, _InputIterator __last)
        -: 1157:        { return this->replace(end(), end(), __first, __last); }
        -: 1158:
        -: 1159:      /**
        -: 1160:       *  @brief  Append a single character.
        -: 1161:       *  @param __c  Character to append.
        -: 1162:       */
        -: 1163:      void
        -: 1164:      push_back(_CharT __c)
        -: 1165:      {
        -: 1166:	const size_type __size = this->size();
        -: 1167:	if (__size + 1 > this->capacity())
        -: 1168:	  this->_M_mutate(__size, size_type(0), 0, size_type(1));
        -: 1169:	traits_type::assign(this->_M_data()[__size], __c);
        -: 1170:	this->_M_set_length(__size + 1);
        -: 1171:      }
        -: 1172:
        -: 1173:      /**
        -: 1174:       *  @brief  Set value to contents of another string.
        -: 1175:       *  @param  __str  Source string to use.
        -: 1176:       *  @return  Reference to this string.
        -: 1177:       */
        -: 1178:      basic_string&
        -: 1179:      assign(const basic_string& __str)
        -: 1180:      {
        -: 1181:	this->_M_assign(__str);
        -: 1182:	return *this;
        -: 1183:      }
        -: 1184:
        -: 1185:#if __cplusplus >= 201103L
        -: 1186:      /**
        -: 1187:       *  @brief  Set value to contents of another string.
        -: 1188:       *  @param  __str  Source string to use.
        -: 1189:       *  @return  Reference to this string.
        -: 1190:       *
        -: 1191:       *  This function sets this string to the exact contents of @a __str.
        -: 1192:       *  @a __str is a valid, but unspecified string.
        -: 1193:       */
        -: 1194:      basic_string&
        -: 1195:      assign(basic_string&& __str)
        -: 1196:      noexcept(_Alloc_traits::_S_nothrow_move())
        -: 1197:      {
        -: 1198:	// _GLIBCXX_RESOLVE_LIB_DEFECTS
        -: 1199:	// 2063. Contradictory requirements for string move assignment
        -: 1200:	return *this = std::move(__str);
        -: 1201:      }
        -: 1202:#endif // C++11
        -: 1203:
        -: 1204:      /**
        -: 1205:       *  @brief  Set value to a substring of a string.
        -: 1206:       *  @param __str  The string to use.
        -: 1207:       *  @param __pos  Index of the first character of str.
        -: 1208:       *  @param __n  Number of characters to use.
        -: 1209:       *  @return  Reference to this string.
        -: 1210:       *  @throw  std::out_of_range if @a pos is not a valid index.
        -: 1211:       *
        -: 1212:       *  This function sets this string to the substring of @a __str
        -: 1213:       *  consisting of @a __n characters at @a __pos.  If @a __n is
        -: 1214:       *  is larger than the number of available characters in @a
        -: 1215:       *  __str, the remainder of @a __str is used.
        -: 1216:       */
        -: 1217:      basic_string&
        -: 1218:      assign(const basic_string& __str, size_type __pos, size_type __n)
        -: 1219:      { return _M_replace(size_type(0), this->size(), __str._M_data()
        -: 1220:			  + __str._M_check(__pos, "basic_string::assign"),
        -: 1221:			  __str._M_limit(__pos, __n)); }
        -: 1222:
        -: 1223:      /**
        -: 1224:       *  @brief  Set value to a C substring.
        -: 1225:       *  @param __s  The C string to use.
        -: 1226:       *  @param __n  Number of characters to use.
        -: 1227:       *  @return  Reference to this string.
        -: 1228:       *
        -: 1229:       *  This function sets the value of this string to the first @a __n
        -: 1230:       *  characters of @a __s.  If @a __n is is larger than the number of
        -: 1231:       *  available characters in @a __s, the remainder of @a __s is used.
        -: 1232:       */
        -: 1233:      basic_string&
        -: 1234:      assign(const _CharT* __s, size_type __n)
        -: 1235:      {
        -: 1236:	__glibcxx_requires_string_len(__s, __n);
        -: 1237:	return _M_replace(size_type(0), this->size(), __s, __n);
        -: 1238:      }
        -: 1239:
        -: 1240:      /**
        -: 1241:       *  @brief  Set value to contents of a C string.
        -: 1242:       *  @param __s  The C string to use.
        -: 1243:       *  @return  Reference to this string.
        -: 1244:       *
        -: 1245:       *  This function sets the value of this string to the value of @a __s.
        -: 1246:       *  The data is copied, so there is no dependence on @a __s once the
        -: 1247:       *  function returns.
        -: 1248:       */
        -: 1249:      basic_string&
        -: 1250:      assign(const _CharT* __s)
        -: 1251:      {
        -: 1252:	__glibcxx_requires_string(__s);
        -: 1253:	return _M_replace(size_type(0), this->size(), __s,
        -: 1254:			  traits_type::length(__s));
        -: 1255:      }
        -: 1256:
        -: 1257:      /**
        -: 1258:       *  @brief  Set value to multiple characters.
        -: 1259:       *  @param __n  Length of the resulting string.
        -: 1260:       *  @param __c  The character to use.
        -: 1261:       *  @return  Reference to this string.
        -: 1262:       *
        -: 1263:       *  This function sets the value of this string to @a __n copies of
        -: 1264:       *  character @a __c.
        -: 1265:       */
        -: 1266:      basic_string&
        -: 1267:      assign(size_type __n, _CharT __c)
        -: 1268:      { return _M_replace_aux(size_type(0), this->size(), __n, __c); }
        -: 1269:
        -: 1270:      /**
        -: 1271:       *  @brief  Set value to a range of characters.
        -: 1272:       *  @param __first  Iterator referencing the first character to append.
        -: 1273:       *  @param __last  Iterator marking the end of the range.
        -: 1274:       *  @return  Reference to this string.
        -: 1275:       *
        -: 1276:       *  Sets value of string to characters in the range [__first,__last).
        -: 1277:      */
        -: 1278:#if __cplusplus >= 201103L
        -: 1279:      template<class _InputIterator,
        -: 1280:	       typename = std::_RequireInputIter<_InputIterator>>
        -: 1281:#else
        -: 1282:      template<class _InputIterator>
        -: 1283:#endif
        -: 1284:        basic_string&
        -: 1285:        assign(_InputIterator __first, _InputIterator __last)
        -: 1286:        { return this->replace(begin(), end(), __first, __last); }
        -: 1287:
        -: 1288:#if __cplusplus >= 201103L
        -: 1289:      /**
        -: 1290:       *  @brief  Set value to an initializer_list of characters.
        -: 1291:       *  @param __l  The initializer_list of characters to assign.
        -: 1292:       *  @return  Reference to this string.
        -: 1293:       */
        -: 1294:      basic_string&
        -: 1295:      assign(initializer_list<_CharT> __l)
        -: 1296:      { return this->assign(__l.begin(), __l.size()); }
        -: 1297:#endif // C++11
        -: 1298:
        -: 1299:#if __cplusplus >= 201103L
        -: 1300:      /**
        -: 1301:       *  @brief  Insert multiple characters.
        -: 1302:       *  @param __p  Const_iterator referencing location in string to
        -: 1303:       *              insert at.
        -: 1304:       *  @param __n  Number of characters to insert
        -: 1305:       *  @param __c  The character to insert.
        -: 1306:       *  @return  Iterator referencing the first inserted char.
        -: 1307:       *  @throw  std::length_error  If new length exceeds @c max_size().
        -: 1308:       *
        -: 1309:       *  Inserts @a __n copies of character @a __c starting at the
        -: 1310:       *  position referenced by iterator @a __p.  If adding
        -: 1311:       *  characters causes the length to exceed max_size(),
        -: 1312:       *  length_error is thrown.  The value of the string doesn't
        -: 1313:       *  change if an error is thrown.
        -: 1314:      */
        -: 1315:      iterator
        -: 1316:      insert(const_iterator __p, size_type __n, _CharT __c)
        -: 1317:      {
        -: 1318:	_GLIBCXX_DEBUG_PEDASSERT(__p >= begin() && __p <= end());
        -: 1319:	const size_type __pos = __p - begin();
        -: 1320:	this->replace(__p, __p, __n, __c);
        -: 1321:	return iterator(this->_M_data() + __pos);
        -: 1322:      }
        -: 1323:#else
        -: 1324:      /**
        -: 1325:       *  @brief  Insert multiple characters.
        -: 1326:       *  @param __p  Iterator referencing location in string to insert at.
        -: 1327:       *  @param __n  Number of characters to insert
        -: 1328:       *  @param __c  The character to insert.
        -: 1329:       *  @throw  std::length_error  If new length exceeds @c max_size().
        -: 1330:       *
        -: 1331:       *  Inserts @a __n copies of character @a __c starting at the
        -: 1332:       *  position referenced by iterator @a __p.  If adding
        -: 1333:       *  characters causes the length to exceed max_size(),
        -: 1334:       *  length_error is thrown.  The value of the string doesn't
        -: 1335:       *  change if an error is thrown.
        -: 1336:      */
        -: 1337:      void
        -: 1338:      insert(iterator __p, size_type __n, _CharT __c)
        -: 1339:      {	this->replace(__p, __p, __n, __c);  }
        -: 1340:#endif
        -: 1341:
        -: 1342:#if __cplusplus >= 201103L
        -: 1343:      /**
        -: 1344:       *  @brief  Insert a range of characters.
        -: 1345:       *  @param __p  Const_iterator referencing location in string to
        -: 1346:       *              insert at.
        -: 1347:       *  @param __beg  Start of range.
        -: 1348:       *  @param __end  End of range.
        -: 1349:       *  @return  Iterator referencing the first inserted char.
        -: 1350:       *  @throw  std::length_error  If new length exceeds @c max_size().
        -: 1351:       *
        -: 1352:       *  Inserts characters in range [beg,end).  If adding characters
        -: 1353:       *  causes the length to exceed max_size(), length_error is
        -: 1354:       *  thrown.  The value of the string doesn't change if an error
        -: 1355:       *  is thrown.
        -: 1356:      */
        -: 1357:      template<class _InputIterator,
        -: 1358:	       typename = std::_RequireInputIter<_InputIterator>>
        -: 1359:	iterator
        -: 1360:        insert(const_iterator __p, _InputIterator __beg, _InputIterator __end)
        -: 1361:        {
        -: 1362:	  _GLIBCXX_DEBUG_PEDASSERT(__p >= begin() && __p <= end());
        -: 1363:	  const size_type __pos = __p - begin();
        -: 1364:	  this->replace(__p, __p, __beg, __end);
        -: 1365:	  return iterator(this->_M_data() + __pos);
        -: 1366:	}
        -: 1367:#else
        -: 1368:      /**
        -: 1369:       *  @brief  Insert a range of characters.
        -: 1370:       *  @param __p  Iterator referencing location in string to insert at.
        -: 1371:       *  @param __beg  Start of range.
        -: 1372:       *  @param __end  End of range.
        -: 1373:       *  @throw  std::length_error  If new length exceeds @c max_size().
        -: 1374:       *
        -: 1375:       *  Inserts characters in range [__beg,__end).  If adding
        -: 1376:       *  characters causes the length to exceed max_size(),
        -: 1377:       *  length_error is thrown.  The value of the string doesn't
        -: 1378:       *  change if an error is thrown.
        -: 1379:      */
        -: 1380:      template<class _InputIterator>
        -: 1381:        void
        -: 1382:        insert(iterator __p, _InputIterator __beg, _InputIterator __end)
        -: 1383:        { this->replace(__p, __p, __beg, __end); }
        -: 1384:#endif
        -: 1385:
        -: 1386:#if __cplusplus >= 201103L
        -: 1387:      /**
        -: 1388:       *  @brief  Insert an initializer_list of characters.
        -: 1389:       *  @param __p  Iterator referencing location in string to insert at.
        -: 1390:       *  @param __l  The initializer_list of characters to insert.
        -: 1391:       *  @throw  std::length_error  If new length exceeds @c max_size().
        -: 1392:       */
        -: 1393:      void
        -: 1394:      insert(iterator __p, initializer_list<_CharT> __l)
        -: 1395:      {
        -: 1396:	_GLIBCXX_DEBUG_PEDASSERT(__p >= begin() && __p <= end());
        -: 1397:	this->insert(__p - begin(), __l.begin(), __l.size());
        -: 1398:      }
        -: 1399:#endif // C++11
        -: 1400:
        -: 1401:      /**
        -: 1402:       *  @brief  Insert value of a string.
        -: 1403:       *  @param __pos1  Iterator referencing location in string to insert at.
        -: 1404:       *  @param __str  The string to insert.
        -: 1405:       *  @return  Reference to this string.
        -: 1406:       *  @throw  std::length_error  If new length exceeds @c max_size().
        -: 1407:       *
        -: 1408:       *  Inserts value of @a __str starting at @a __pos1.  If adding
        -: 1409:       *  characters causes the length to exceed max_size(),
        -: 1410:       *  length_error is thrown.  The value of the string doesn't
        -: 1411:       *  change if an error is thrown.
        -: 1412:      */
        -: 1413:      basic_string&
        -: 1414:      insert(size_type __pos1, const basic_string& __str)
        -: 1415:      { return this->replace(__pos1, size_type(0),
        -: 1416:			     __str._M_data(), __str.size()); }
        -: 1417:
        -: 1418:      /**
        -: 1419:       *  @brief  Insert a substring.
        -: 1420:       *  @param __pos1  Iterator referencing location in string to insert at.
        -: 1421:       *  @param __str  The string to insert.
        -: 1422:       *  @param __pos2  Start of characters in str to insert.
        -: 1423:       *  @param __n  Number of characters to insert.
        -: 1424:       *  @return  Reference to this string.
        -: 1425:       *  @throw  std::length_error  If new length exceeds @c max_size().
        -: 1426:       *  @throw  std::out_of_range  If @a pos1 > size() or
        -: 1427:       *  @a __pos2 > @a str.size().
        -: 1428:       *
        -: 1429:       *  Starting at @a pos1, insert @a __n character of @a __str
        -: 1430:       *  beginning with @a __pos2.  If adding characters causes the
        -: 1431:       *  length to exceed max_size(), length_error is thrown.  If @a
        -: 1432:       *  __pos1 is beyond the end of this string or @a __pos2 is
        -: 1433:       *  beyond the end of @a __str, out_of_range is thrown.  The
        -: 1434:       *  value of the string doesn't change if an error is thrown.
        -: 1435:      */
        -: 1436:      basic_string&
        -: 1437:      insert(size_type __pos1, const basic_string& __str,
        -: 1438:	     size_type __pos2, size_type __n)
        -: 1439:      { return this->replace(__pos1, size_type(0), __str._M_data()
        -: 1440:			     + __str._M_check(__pos2, "basic_string::insert"),
        -: 1441:			     __str._M_limit(__pos2, __n)); }
        -: 1442:
        -: 1443:      /**
        -: 1444:       *  @brief  Insert a C substring.
        -: 1445:       *  @param __pos  Iterator referencing location in string to insert at.
        -: 1446:       *  @param __s  The C string to insert.
        -: 1447:       *  @param __n  The number of characters to insert.
        -: 1448:       *  @return  Reference to this string.
        -: 1449:       *  @throw  std::length_error  If new length exceeds @c max_size().
        -: 1450:       *  @throw  std::out_of_range  If @a __pos is beyond the end of this
        -: 1451:       *  string.
        -: 1452:       *
        -: 1453:       *  Inserts the first @a __n characters of @a __s starting at @a
        -: 1454:       *  __pos.  If adding characters causes the length to exceed
        -: 1455:       *  max_size(), length_error is thrown.  If @a __pos is beyond
        -: 1456:       *  end(), out_of_range is thrown.  The value of the string
        -: 1457:       *  doesn't change if an error is thrown.
        -: 1458:      */
        -: 1459:      basic_string&
        -: 1460:      insert(size_type __pos, const _CharT* __s, size_type __n)
        -: 1461:      { return this->replace(__pos, size_type(0), __s, __n); }
        -: 1462:
        -: 1463:      /**
        -: 1464:       *  @brief  Insert a C string.
        -: 1465:       *  @param __pos  Iterator referencing location in string to insert at.
        -: 1466:       *  @param __s  The C string to insert.
        -: 1467:       *  @return  Reference to this string.
        -: 1468:       *  @throw  std::length_error  If new length exceeds @c max_size().
        -: 1469:       *  @throw  std::out_of_range  If @a pos is beyond the end of this
        -: 1470:       *  string.
        -: 1471:       *
        -: 1472:       *  Inserts the first @a n characters of @a __s starting at @a __pos.  If
        -: 1473:       *  adding characters causes the length to exceed max_size(),
        -: 1474:       *  length_error is thrown.  If @a __pos is beyond end(), out_of_range is
        -: 1475:       *  thrown.  The value of the string doesn't change if an error is
        -: 1476:       *  thrown.
        -: 1477:      */
        -: 1478:      basic_string&
        -: 1479:      insert(size_type __pos, const _CharT* __s)
        -: 1480:      {
        -: 1481:	__glibcxx_requires_string(__s);
        -: 1482:	return this->replace(__pos, size_type(0), __s,
        -: 1483:			     traits_type::length(__s));
        -: 1484:      }
        -: 1485:
        -: 1486:      /**
        -: 1487:       *  @brief  Insert multiple characters.
        -: 1488:       *  @param __pos  Index in string to insert at.
        -: 1489:       *  @param __n  Number of characters to insert
        -: 1490:       *  @param __c  The character to insert.
        -: 1491:       *  @return  Reference to this string.
        -: 1492:       *  @throw  std::length_error  If new length exceeds @c max_size().
        -: 1493:       *  @throw  std::out_of_range  If @a __pos is beyond the end of this
        -: 1494:       *  string.
        -: 1495:       *
        -: 1496:       *  Inserts @a __n copies of character @a __c starting at index
        -: 1497:       *  @a __pos.  If adding characters causes the length to exceed
        -: 1498:       *  max_size(), length_error is thrown.  If @a __pos > length(),
        -: 1499:       *  out_of_range is thrown.  The value of the string doesn't
        -: 1500:       *  change if an error is thrown.
        -: 1501:      */
        -: 1502:      basic_string&
        -: 1503:      insert(size_type __pos, size_type __n, _CharT __c)
        -: 1504:      { return _M_replace_aux(_M_check(__pos, "basic_string::insert"),
        -: 1505:			      size_type(0), __n, __c); }
        -: 1506:
        -: 1507:      /**
        -: 1508:       *  @brief  Insert one character.
        -: 1509:       *  @param __p  Iterator referencing position in string to insert at.
        -: 1510:       *  @param __c  The character to insert.
        -: 1511:       *  @return  Iterator referencing newly inserted char.
        -: 1512:       *  @throw  std::length_error  If new length exceeds @c max_size().
        -: 1513:       *
        -: 1514:       *  Inserts character @a __c at position referenced by @a __p.
        -: 1515:       *  If adding character causes the length to exceed max_size(),
        -: 1516:       *  length_error is thrown.  If @a __p is beyond end of string,
        -: 1517:       *  out_of_range is thrown.  The value of the string doesn't
        -: 1518:       *  change if an error is thrown.
        -: 1519:      */
        -: 1520:      iterator
        -: 1521:      insert(__const_iterator __p, _CharT __c)
        -: 1522:      {
        -: 1523:	_GLIBCXX_DEBUG_PEDASSERT(__p >= begin() && __p <= end());
        -: 1524:	const size_type __pos = __p - begin();
        -: 1525:	_M_replace_aux(__pos, size_type(0), size_type(1), __c);
        -: 1526:	return iterator(_M_data() + __pos);
        -: 1527:      }
        -: 1528:
        -: 1529:      /**
        -: 1530:       *  @brief  Remove characters.
        -: 1531:       *  @param __pos  Index of first character to remove (default 0).
        -: 1532:       *  @param __n  Number of characters to remove (default remainder).
        -: 1533:       *  @return  Reference to this string.
        -: 1534:       *  @throw  std::out_of_range  If @a pos is beyond the end of this
        -: 1535:       *  string.
        -: 1536:       *
        -: 1537:       *  Removes @a __n characters from this string starting at @a
        -: 1538:       *  __pos.  The length of the string is reduced by @a __n.  If
        -: 1539:       *  there are < @a __n characters to remove, the remainder of
        -: 1540:       *  the string is truncated.  If @a __p is beyond end of string,
        -: 1541:       *  out_of_range is thrown.  The value of the string doesn't
        -: 1542:       *  change if an error is thrown.
        -: 1543:      */
        -: 1544:      basic_string&
        -: 1545:      erase(size_type __pos = 0, size_type __n = npos)
        -: 1546:      {
        -: 1547:	this->_M_erase(_M_check(__pos, "basic_string::erase"),
        -: 1548:		       _M_limit(__pos, __n));
        -: 1549:	return *this;
        -: 1550:      }
        -: 1551:
        -: 1552:      /**
        -: 1553:       *  @brief  Remove one character.
        -: 1554:       *  @param __position  Iterator referencing the character to remove.
        -: 1555:       *  @return  iterator referencing same location after removal.
        -: 1556:       *
        -: 1557:       *  Removes the character at @a __position from this string. The value
        -: 1558:       *  of the string doesn't change if an error is thrown.
        -: 1559:      */
        -: 1560:      iterator
        -: 1561:      erase(__const_iterator __position)
        -: 1562:      {
        -: 1563:	_GLIBCXX_DEBUG_PEDASSERT(__position >= begin()
        -: 1564:				 && __position < end());
        -: 1565:	const size_type __pos = __position - begin();
        -: 1566:	this->_M_erase(__pos, size_type(1));
        -: 1567:	return iterator(_M_data() + __pos);
        -: 1568:      }
        -: 1569:
        -: 1570:      /**
        -: 1571:       *  @brief  Remove a range of characters.
        -: 1572:       *  @param __first  Iterator referencing the first character to remove.
        -: 1573:       *  @param __last  Iterator referencing the end of the range.
        -: 1574:       *  @return  Iterator referencing location of first after removal.
        -: 1575:       *
        -: 1576:       *  Removes the characters in the range [first,last) from this string.
        -: 1577:       *  The value of the string doesn't change if an error is thrown.
        -: 1578:      */
        -: 1579:      iterator
        -: 1580:      erase(__const_iterator __first, __const_iterator __last)
        -: 1581:      {
        -: 1582:	_GLIBCXX_DEBUG_PEDASSERT(__first >= begin() && __first <= __last
        -: 1583:				 && __last <= end());
        -: 1584:        const size_type __pos = __first - begin();
        -: 1585:	this->_M_erase(__pos, __last - __first);
        -: 1586:	return iterator(this->_M_data() + __pos);
        -: 1587:      }
        -: 1588:
        -: 1589:#if __cplusplus >= 201103L
        -: 1590:      /**
        -: 1591:       *  @brief  Remove the last character.
        -: 1592:       *
        -: 1593:       *  The string must be non-empty.
        -: 1594:       */
        -: 1595:      void
        -: 1596:      pop_back() noexcept
        -: 1597:      {
        -: 1598:	__glibcxx_assert(!empty());
        -: 1599:	_M_erase(size() - 1, 1);
        -: 1600:      }
        -: 1601:#endif // C++11
        -: 1602:
        -: 1603:      /**
        -: 1604:       *  @brief  Replace characters with value from another string.
        -: 1605:       *  @param __pos  Index of first character to replace.
        -: 1606:       *  @param __n  Number of characters to be replaced.
        -: 1607:       *  @param __str  String to insert.
        -: 1608:       *  @return  Reference to this string.
        -: 1609:       *  @throw  std::out_of_range  If @a pos is beyond the end of this
        -: 1610:       *  string.
[...]
        -: 5318:   *  @return  Reference to the output stream.
        -: 5319:   *
        -: 5320:   *  Output characters of @a __str into os following the same rules as for
        -: 5321:   *  writing a C string.
        -: 5322:   */
        -: 5323:  template<typename _CharT, typename _Traits, typename _Alloc>
        -: 5324:    inline basic_ostream<_CharT, _Traits>&
        -: 5325:    operator<<(basic_ostream<_CharT, _Traits>& __os,
        -: 5326:	       const basic_string<_CharT, _Traits, _Alloc>& __str)
        -: 5327:    {
        -: 5328:      // _GLIBCXX_RESOLVE_LIB_DEFECTS
        -: 5329:      // 586. string inserter not a formatted function
        -: 5330:      return __ostream_insert(__os, __str.data(), __str.size());
        -: 5331:    }
        -: 5332:
        -: 5333:  /**
        -: 5334:   *  @brief  Read a line from stream into a string.
        -: 5335:   *  @param __is  Input stream.
        -: 5336:   *  @param __str  Buffer to store into.
        -: 5337:   *  @param __delim  Character marking end of line.
        -: 5338:   *  @return  Reference to the input stream.
        -: 5339:   *
        -: 5340:   *  Stores characters from @a __is into @a __str until @a __delim is
        -: 5341:   *  found, the end of the stream is encountered, or str.max_size()
        -: 5342:   *  is reached.  Any previous contents of @a __str are erased.  If
        -: 5343:   *  @a __delim is encountered, it is extracted but not stored into
        -: 5344:   *  @a __str.
        -: 5345:   */
        -: 5346:  template<typename _CharT, typename _Traits, typename _Alloc>
        -: 5347:    basic_istream<_CharT, _Traits>&
        -: 5348:    getline(basic_istream<_CharT, _Traits>& __is,
        -: 5349:	    basic_string<_CharT, _Traits, _Alloc>& __str, _CharT __delim);
        -: 5350:
        -: 5351:  /**
        -: 5352:   *  @brief  Read a line from stream into a string.
        -: 5353:   *  @param __is  Input stream.
        -: 5354:   *  @param __str  Buffer to store into.
        -: 5355:   *  @return  Reference to the input stream.
        -: 5356:   *
        -: 5357:   *  Stores characters from is into @a __str until &apos;\n&apos; is
        -: 5358:   *  found, the end of the stream is encountered, or str.max_size()
        -: 5359:   *  is reached.  Any previous contents of @a __str are erased.  If
        -: 5360:   *  end of line is encountered, it is extracted but not stored into
        -: 5361:   *  @a __str.
        -: 5362:   */
        -: 5363:  template<typename _CharT, typename _Traits, typename _Alloc>
        -: 5364:    inline basic_istream<_CharT, _Traits>&
        -: 5365:    getline(basic_istream<_CharT, _Traits>& __is,
        -: 5366:	    basic_string<_CharT, _Traits, _Alloc>& __str)
        -: 5367:    { return std::getline(__is, __str, __is.widen('\n')); }
        -: 5368:
        -: 5369:#if __cplusplus >= 201103L
        -: 5370:  /// Read a line from an rvalue stream into a string.
        -: 5371:  template<typename _CharT, typename _Traits, typename _Alloc>
        -: 5372:    inline basic_istream<_CharT, _Traits>&
        -: 5373:    getline(basic_istream<_CharT, _Traits>&& __is,
        -: 5374:	    basic_string<_CharT, _Traits, _Alloc>& __str, _CharT __delim)
        -: 5375:    { return std::getline(__is, __str, __delim); }
        -: 5376:
        -: 5377:  /// Read a line from an rvalue stream into a string.
        -: 5378:  template<typename _CharT, typename _Traits, typename _Alloc>
        -: 5379:    inline basic_istream<_CharT, _Traits>&
        -: 5380:    getline(basic_istream<_CharT, _Traits>&& __is,
        -: 5381:	    basic_string<_CharT, _Traits, _Alloc>& __str)
        -: 5382:    { return std::getline(__is, __str); }
        -: 5383:#endif
        -: 5384:
        -: 5385:  template<>
        -: 5386:    basic_istream<char>&
        -: 5387:    getline(basic_istream<char>& __in, basic_string<char>& __str,
        -: 5388:	    char __delim);
        -: 5389:
        -: 5390:#ifdef _GLIBCXX_USE_WCHAR_T
        -: 5391:  template<>
        -: 5392:    basic_istream<wchar_t>&
        -: 5393:    getline(basic_istream<wchar_t>& __in, basic_string<wchar_t>& __str,
        -: 5394:	    wchar_t __delim);
        -: 5395:#endif  
        -: 5396:
        -: 5397:_GLIBCXX_END_NAMESPACE_VERSION
        -: 5398:} // namespace
        -: 5399:
        -: 5400:#if __cplusplus >= 201103L
        -: 5401:
        -: 5402:#include <ext/string_conversions.h>
        -: 5403:
        -: 5404:namespace std _GLIBCXX_VISIBILITY(default)
        -: 5405:{
        -: 5406:_GLIBCXX_BEGIN_NAMESPACE_VERSION
        -: 5407:_GLIBCXX_BEGIN_NAMESPACE_CXX11
        -: 5408:
        -: 5409:#if _GLIBCXX_USE_C99_STDLIB
        -: 5410:  // 21.4 Numeric Conversions [string.conversions].
        -: 5411:  inline int
function _ZNSt7__cxx114stoiERKNS_12basic_stringIcSt11char_traitsIcESaIcEEEPji called 113237 returned 100% blocks executed 100%
   113237: 5412:  stoi(const string& __str, size_t* __idx = 0, int __base = 10)
   113237: 5412-block  0
   113237: 5413:  { return __gnu_cxx::__stoa<long, int>(&std::strtol, "stoi", __str.c_str(),
   113237: 5413-block  0
call    0 returned 113237
   113237: 5414:					__idx, __base); }
call    0 returned 113237
        -: 5415:
        -: 5416:  inline long
        -: 5417:  stol(const string& __str, size_t* __idx = 0, int __base = 10)
        -: 5418:  { return __gnu_cxx::__stoa(&std::strtol, "stol", __str.c_str(),
        -: 5419:			     __idx, __base); }
        -: 5420:
        -: 5421:  inline unsigned long
        -: 5422:  stoul(const string& __str, size_t* __idx = 0, int __base = 10)
        -: 5423:  { return __gnu_cxx::__stoa(&std::strtoul, "stoul", __str.c_str(),
        -: 5424:			     __idx, __base); }
        -: 5425:
        -: 5426:  inline long long
        -: 5427:  stoll(const string& __str, size_t* __idx = 0, int __base = 10)
        -: 5428:  { return __gnu_cxx::__stoa(&std::strtoll, "stoll", __str.c_str(),
        -: 5429:			     __idx, __base); }
        -: 5430:
        -: 5431:  inline unsigned long long
        -: 5432:  stoull(const string& __str, size_t* __idx = 0, int __base = 10)
        -: 5433:  { return __gnu_cxx::__stoa(&std::strtoull, "stoull", __str.c_str(),
        -: 5434:			     __idx, __base); }
        -: 5435:
        -: 5436:  // NB: strtof vs strtod.
        -: 5437:  inline float
        -: 5438:  stof(const string& __str, size_t* __idx = 0)
        -: 5439:  { return __gnu_cxx::__stoa(&std::strtof, "stof", __str.c_str(), __idx); }
        -: 5440:
        -: 5441:  inline double
        -: 5442:  stod(const string& __str, size_t* __idx = 0)
        -: 5443:  { return __gnu_cxx::__stoa(&std::strtod, "stod", __str.c_str(), __idx); }
        -: 5444:
        -: 5445:  inline long double
        -: 5446:  stold(const string& __str, size_t* __idx = 0)
        -: 5447:  { return __gnu_cxx::__stoa(&std::strtold, "stold", __str.c_str(), __idx); }
        -: 5448:#endif // _GLIBCXX_USE_C99_STDLIB
        -: 5449:
        -: 5450:#if _GLIBCXX_USE_C99_STDIO
        -: 5451:  // NB: (v)snprintf vs sprintf.
        -: 5452:
        -: 5453:  // DR 1261.
        -: 5454:  inline string
        -: 5455:  to_string(int __val)
        -: 5456:  { return __gnu_cxx::__to_xstring<string>(&std::vsnprintf, 4 * sizeof(int),
        -: 5457:					   "%d", __val); }
        -: 5458:
        -: 5459:  inline string
        -: 5460:  to_string(unsigned __val)
        -: 5461:  { return __gnu_cxx::__to_xstring<string>(&std::vsnprintf,
        -: 5462:					   4 * sizeof(unsigned),
        -: 5463:					   "%u", __val); }
        -: 5464:
        -: 5465:  inline string
        -: 5466:  to_string(long __val)
        -: 5467:  { return __gnu_cxx::__to_xstring<string>(&std::vsnprintf, 4 * sizeof(long),
        -: 5468:					   "%ld", __val); }
        -: 5469:
        -: 5470:  inline string
        -: 5471:  to_string(unsigned long __val)
        -: 5472:  { return __gnu_cxx::__to_xstring<string>(&std::vsnprintf,
        -: 5473:					   4 * sizeof(unsigned long),
        -: 5474:					   "%lu", __val); }
        -: 5475:
        -: 5476:  inline string
        -: 5477:  to_string(long long __val)
        -: 5478:  { return __gnu_cxx::__to_xstring<string>(&std::vsnprintf,
        -: 5479:					   4 * sizeof(long long),
        -: 5480:					   "%lld", __val); }
        -: 5481:
        -: 5482:  inline string
        -: 5483:  to_string(unsigned long long __val)
        -: 5484:  { return __gnu_cxx::__to_xstring<string>(&std::vsnprintf,
        -: 5485:					   4 * sizeof(unsigned long long),
        -: 5486:					   "%llu", __val); }
        -: 5487:
        -: 5488:  inline string
        -: 5489:  to_string(float __val)
        -: 5490:  {
        -: 5491:    const int __n = 
        -: 5492:      __gnu_cxx::__numeric_traits<float>::__max_exponent10 + 20;
        -: 5493:    return __gnu_cxx::__to_xstring<string>(&std::vsnprintf, __n,
        -: 5494:					   "%f", __val);
        -: 5495:  }
        -: 5496:
        -: 5497:  inline string
        -: 5498:  to_string(double __val)
        -: 5499:  {
        -: 5500:    const int __n = 
        -: 5501:      __gnu_cxx::__numeric_traits<double>::__max_exponent10 + 20;
        -: 5502:    return __gnu_cxx::__to_xstring<string>(&std::vsnprintf, __n,
        -: 5503:					   "%f", __val);
        -: 5504:  }
        -: 5505:
        -: 5506:  inline string
        -: 5507:  to_string(long double __val)
        -: 5508:  {
        -: 5509:    const int __n = 
        -: 5510:      __gnu_cxx::__numeric_traits<long double>::__max_exponent10 + 20;
        -: 5511:    return __gnu_cxx::__to_xstring<string>(&std::vsnprintf, __n,
        -: 5512:					   "%Lf", __val);
        -: 5513:  }
        -: 5514:#endif // _GLIBCXX_USE_C99_STDIO
        -: 5515:
        -: 5516:#if defined(_GLIBCXX_USE_WCHAR_T) && _GLIBCXX_USE_C99_WCHAR
        -: 5517:  inline int 
        -: 5518:  stoi(const wstring& __str, size_t* __idx = 0, int __base = 10)
        -: 5519:  { return __gnu_cxx::__stoa<long, int>(&std::wcstol, "stoi", __str.c_str(),
        -: 5520:					__idx, __base); }
        -: 5521:
        -: 5522:  inline long 
        -: 5523:  stol(const wstring& __str, size_t* __idx = 0, int __base = 10)
        -: 5524:  { return __gnu_cxx::__stoa(&std::wcstol, "stol", __str.c_str(),
        -: 5525:			     __idx, __base); }
        -: 5526:
        -: 5527:  inline unsigned long
        -: 5528:  stoul(const wstring& __str, size_t* __idx = 0, int __base = 10)
        -: 5529:  { return __gnu_cxx::__stoa(&std::wcstoul, "stoul", __str.c_str(),
        -: 5530:			     __idx, __base); }
        -: 5531:
        -: 5532:  inline long long
        -: 5533:  stoll(const wstring& __str, size_t* __idx = 0, int __base = 10)
        -: 5534:  { return __gnu_cxx::__stoa(&std::wcstoll, "stoll", __str.c_str(),
        -: 5535:			     __idx, __base); }
        -: 5536:
        -: 5537:  inline unsigned long long
        -: 5538:  stoull(const wstring& __str, size_t* __idx = 0, int __base = 10)
        -: 5539:  { return __gnu_cxx::__stoa(&std::wcstoull, "stoull", __str.c_str(),
        -: 5540:			     __idx, __base); }
        -: 5541:
        -: 5542:  // NB: wcstof vs wcstod.
        -: 5543:  inline float
        -: 5544:  stof(const wstring& __str, size_t* __idx = 0)
        -: 5545:  { return __gnu_cxx::__stoa(&std::wcstof, "stof", __str.c_str(), __idx); }
        -: 5546:
        -: 5547:  inline double
        -: 5548:  stod(const wstring& __str, size_t* __idx = 0)
        -: 5549:  { return __gnu_cxx::__stoa(&std::wcstod, "stod", __str.c_str(), __idx); }
        -: 5550:
        -: 5551:  inline long double
        -: 5552:  stold(const wstring& __str, size_t* __idx = 0)
        -: 5553:  { return __gnu_cxx::__stoa(&std::wcstold, "stold", __str.c_str(), __idx); }
        -: 5554:
        -: 5555:#ifndef _GLIBCXX_HAVE_BROKEN_VSWPRINTF
        -: 5556:  // DR 1261.
        -: 5557:  inline wstring
        -: 5558:  to_wstring(int __val)
        -: 5559:  { return __gnu_cxx::__to_xstring<wstring>(&std::vswprintf, 4 * sizeof(int),
        -: 5560:					    L"%d", __val); }
        -: 5561:
        -: 5562:  inline wstring
        -: 5563:  to_wstring(unsigned __val)
        -: 5564:  { return __gnu_cxx::__to_xstring<wstring>(&std::vswprintf,
        -: 5565:					    4 * sizeof(unsigned),
        -: 5566:					    L"%u", __val); }
        -: 5567:
        -: 5568:  inline wstring
        -: 5569:  to_wstring(long __val)
        -: 5570:  { return __gnu_cxx::__to_xstring<wstring>(&std::vswprintf, 4 * sizeof(long),
        -: 5571:					    L"%ld", __val); }
        -: 5572:
        -: 5573:  inline wstring
        -: 5574:  to_wstring(unsigned long __val)
        -: 5575:  { return __gnu_cxx::__to_xstring<wstring>(&std::vswprintf,
        -: 5576:					    4 * sizeof(unsigned long),
        -: 5577:					    L"%lu", __val); }
        -: 5578:
        -: 5579:  inline wstring
        -: 5580:  to_wstring(long long __val)
        -: 5581:  { return __gnu_cxx::__to_xstring<wstring>(&std::vswprintf,
        -: 5582:					    4 * sizeof(long long),
        -: 5583:					    L"%lld", __val); }
        -: 5584:
        -: 5585:  inline wstring
        -: 5586:  to_wstring(unsigned long long __val)
        -: 5587:  { return __gnu_cxx::__to_xstring<wstring>(&std::vswprintf,
        -: 5588:					    4 * sizeof(unsigned long long),
        -: 5589:					    L"%llu", __val); }
        -: 5590:
        -: 5591:  inline wstring
        -: 5592:  to_wstring(float __val)
        -: 5593:  {
        -: 5594:    const int __n =
        -: 5595:      __gnu_cxx::__numeric_traits<float>::__max_exponent10 + 20;
        -: 5596:    return __gnu_cxx::__to_xstring<wstring>(&std::vswprintf, __n,
        -: 5597:					    L"%f", __val);
        -: 5598:  }
        -: 5599:
        -: 5600:  inline wstring
        -: 5601:  to_wstring(double __val)
        -: 5602:  {
        -: 5603:    const int __n =
        -: 5604:      __gnu_cxx::__numeric_traits<double>::__max_exponent10 + 20;
        -: 5605:    return __gnu_cxx::__to_xstring<wstring>(&std::vswprintf, __n,
        -: 5606:					    L"%f", __val);
        -: 5607:  }
        -: 5608:
        -: 5609:  inline wstring
        -: 5610:  to_wstring(long double __val)
        -: 5611:  {
        -: 5612:    const int __n =
        -: 5613:      __gnu_cxx::__numeric_traits<long double>::__max_exponent10 + 20;
        -: 5614:    return __gnu_cxx::__to_xstring<wstring>(&std::vswprintf, __n,
        -: 5615:					    L"%Lf", __val);
        -: 5616:  }
        -: 5617:#endif // _GLIBCXX_HAVE_BROKEN_VSWPRINTF
        -: 5618:#endif // _GLIBCXX_USE_WCHAR_T && _GLIBCXX_USE_C99_WCHAR
        -: 5619:
        -: 5620:_GLIBCXX_END_NAMESPACE_CXX11
        -: 5621:_GLIBCXX_END_NAMESPACE_VERSION
        -: 5622:} // namespace
        -: 5623:
        -: 5624:#endif /* C++11 */
        -: 5625:
        -: 5626:#if __cplusplus >= 201103L
        -: 5627:
        -: 5628:#include <bits/functional_hash.h>
        -: 5629:
        -: 5630:namespace std _GLIBCXX_VISIBILITY(default)
        -: 5631:{
        -: 5632:_GLIBCXX_BEGIN_NAMESPACE_VERSION
        -: 5633:
        -: 5634:  // DR 1182.
        -: 5635:
        -: 5636:#ifndef _GLIBCXX_COMPATIBILITY_CXX0X
        -: 5637:  /// std::hash specialization for string.
        -: 5638:  template<>
        -: 5639:    struct hash<string>
        -: 5640:    : public __hash_base<size_t, string>
        -: 5641:    {
        -: 5642:      size_t
        -: 5643:      operator()(const string& __s) const noexcept
        -: 5644:      { return std::_Hash_impl::hash(__s.data(), __s.length()); }
        -: 5645:    };
        -: 5646:
        -: 5647:  template<>
        -: 5648:    struct __is_fast_hash<hash<string>> : std::false_type
        -: 5649:    { };
        -: 5650:
        -: 5651:#ifdef _GLIBCXX_USE_WCHAR_T
        -: 5652:  /// std::hash specialization for wstring.
        -: 5653:  template<>
        -: 5654:    struct hash<wstring>
        -: 5655:    : public __hash_base<size_t, wstring>
        -: 5656:    {
        -: 5657:      size_t
        -: 5658:      operator()(const wstring& __s) const noexcept
        -: 5659:      { return std::_Hash_impl::hash(__s.data(),
        -: 5660:                                     __s.length() * sizeof(wchar_t)); }
        -: 5661:    };
        -: 5662:
        -: 5663:  template<>
        -: 5664:    struct __is_fast_hash<hash<wstring>> : std::false_type
        -: 5665:    { };
        -: 5666:#endif
        -: 5667:#endif /* _GLIBCXX_COMPATIBILITY_CXX0X */
        -: 5668:
        -: 5669:#ifdef _GLIBCXX_USE_C99_STDINT_TR1
        -: 5670:  /// std::hash specialization for u16string.
        -: 5671:  template<>
        -: 5672:    struct hash<u16string>
        -: 5673:    : public __hash_base<size_t, u16string>
        -: 5674:    {
        -: 5675:      size_t
        -: 5676:      operator()(const u16string& __s) const noexcept
        -: 5677:      { return std::_Hash_impl::hash(__s.data(),
        -: 5678:                                     __s.length() * sizeof(char16_t)); }
        -: 5679:    };
        -: 5680:
        -: 5681:  template<>
        -: 5682:    struct __is_fast_hash<hash<u16string>> : std::false_type
        -: 5683:    { };
        -: 5684:
        -: 5685:  /// std::hash specialization for u32string.
        -: 5686:  template<>
        -: 5687:    struct hash<u32string>
        -: 5688:    : public __hash_base<size_t, u32string>
        -: 5689:    {
        -: 5690:      size_t
        -: 5691:      operator()(const u32string& __s) const noexcept
        -: 5692:      { return std::_Hash_impl::hash(__s.data(),
        -: 5693:                                     __s.length() * sizeof(char32_t)); }
        -: 5694:    };
        -: 5695:
        -: 5696:  template<>
        -: 5697:    struct __is_fast_hash<hash<u32string>> : std::false_type
        -: 5698:    { };
        -: 5699:#endif
        -: 5700:
        -: 5701:_GLIBCXX_END_NAMESPACE_VERSION
        -: 5702:
        -: 5703:#if __cplusplus > 201103L
        -: 5704:
        -: 5705:#define __cpp_lib_string_udls 201304
        -: 5706:
        -: 5707:  inline namespace literals
        -: 5708:  {
        -: 5709:  inline namespace string_literals
        -: 5710:  {
        -: 5711:_GLIBCXX_BEGIN_NAMESPACE_VERSION
        -: 5712:
        -: 5713:    _GLIBCXX_DEFAULT_ABI_TAG
        -: 5714:    inline basic_string<char>
        -: 5715:    operator""s(const char* __str, size_t __len)
        -: 5716:    { return basic_string<char>{__str, __len}; }
        -: 5717:
        -: 5718:#ifdef _GLIBCXX_USE_WCHAR_T
        -: 5719:    _GLIBCXX_DEFAULT_ABI_TAG
        -: 5720:    inline basic_string<wchar_t>
        -: 5721:    operator""s(const wchar_t* __str, size_t __len)
        -: 5722:    { return basic_string<wchar_t>{__str, __len}; }
        -: 5723:#endif
        -: 5724:
        -: 5725:#ifdef _GLIBCXX_USE_C99_STDINT_TR1
        -: 5726:    _GLIBCXX_DEFAULT_ABI_TAG
        -: 5727:    inline basic_string<char16_t>
        -: 5728:    operator""s(const char16_t* __str, size_t __len)
        -: 5729:    { return basic_string<char16_t>{__str, __len}; }
        -: 5730:
        -: 5731:    _GLIBCXX_DEFAULT_ABI_TAG
        -: 5732:    inline basic_string<char32_t>
        -: 5733:    operator""s(const char32_t* __str, size_t __len)
        -: 5734:    { return basic_string<char32_t>{__str, __len}; }
        -: 5735:#endif
        -: 5736:
        -: 5737:_GLIBCXX_END_NAMESPACE_VERSION
        -: 5738:  } // inline namespace string_literals
        -: 5739:  } // inline namespace literals
        -: 5740:
        -: 5741:#endif // __cplusplus > 201103L
        -: 5742:
        -: 5743:} // namespace std
        -: 5744:
        -: 5745:#endif // C++11
        -: 5746:
        -: 5747:#endif /* _BASIC_STRING_H */
