        -:    0:Source:C:/Users/valum/Documents/GitHub/TPI-AED1-2C2021/test/muestraHomogeneaTEST.cpp
        -:    0:Graph:C:\Users\valum\Documents\GitHub\TPI-AED1-2C2021\cmake-build-debug\CMakeFiles\tpi.dir\test\muestraHomogeneaTEST.gcno
        -:    0:Data:C:\Users\valum\Documents\GitHub\TPI-AED1-2C2021\cmake-build-debug\CMakeFiles\tpi.dir\test\muestraHomogeneaTEST.gcda
        -:    0:Runs:1
        -:    0:Programs:1
        -:    1:#include "../definiciones.h"
        -:    2:#include "../Funciones_TPI.h"
        -:    3:#include "../ejercicios.h"
        -:    4:#include "../auxiliares.h"
        -:    5:#include "gtest/gtest.h"
        -:    6:#include <iostream>
        -:    7:#include <string>
        -:    8:
        -:    9:using namespace std;
        -:   10:
function _ZN40muestraHomogeneaTEST_unaSolucionDe4_TestD0Ev called 1 returned 100% blocks executed 100%
function _ZN40muestraHomogeneaTEST_unaSolucionDe4_TestD1Ev called 1 returned 100% blocks executed 100%
function _ZN40muestraHomogeneaTEST_unaSolucionDe4_Test8TestBodyEv called 1 returned 100% blocks executed 58%
function _ZN40muestraHomogeneaTEST_unaSolucionDe4_TestC1Ev called 1 returned 100% blocks executed 100%
        8:   11:TEST(muestraHomogeneaTEST, unaSolucionDe4) {
call    0 returned 1
call    1 returned 1
call    2 returned 1
call    3 returned 1
call    4 returned 1
branch  5 taken 1 (fallthrough)
branch  6 taken 0 (throw)
        1:   11-block  0
call    7 returned 1
branch  8 taken 1 (fallthrough)
branch  9 taken 0 (throw)
        1:   11-block  1
call   10 returned 1
branch 11 taken 1 (fallthrough)
branch 12 taken 0 (throw)
        1:   11-block  2
call   13 returned 1
call   14 returned 1
call   15 returned 1
    %%%%%:   11-block  3
call   16 never executed
    %%%%%:   11-block  4
call   17 never executed
    %%%%%:   11-block  5
call   18 never executed
call   19 never executed
        1:   11-block  6
        1:   11-block  7
call   20 returned 1
call   21 returned 1
        1:   11-block  8
        1:   11-block  9
call   22 returned 1
        1:   11-block 10
        1:   11-block 11
        1:   11-block 12
call   23 returned 1
        -:   12:    vector <hogar> esperado = {{2354, 2018, 1, 1, 2, 1, 1, 1, 1, 2, 1, 1},
        -:   13:                          {1,    2018, 1, 1, 2, 1, 1, 1, 1, 2, 1, 1},
        -:   14:                          {4377, 2018, 1, 1, 2, 1, 1, 1, 1, 2, 1, 1},
        6:   15:                          {340,  2018, 1, 1, 1, 1, 1, 1, 1, 2, 1, 1}};
        1:   15-block  0
call    0 returned 1
call    1 returned 1
branch  2 taken 1 (fallthrough)
branch  3 taken 0 (throw)
        1:   15-block  1
call    4 returned 1
call    5 returned 1
branch  6 taken 1 (fallthrough)
branch  7 taken 0 (throw)
        1:   15-block  2
call    8 returned 1
call    9 returned 1
branch 10 taken 1 (fallthrough)
branch 11 taken 0 (throw)
        1:   15-block  3
call   12 returned 1
call   13 returned 1
branch 14 taken 1 (fallthrough)
branch 15 taken 0 (throw)
        1:   15-block  4
call   16 returned 1
call   17 returned 1
branch 18 taken 1 (fallthrough)
branch 19 taken 0 (throw)
        1:   15-block  5
call   20 returned 1
        5:   15-block  6
branch 21 taken 4 (fallthrough)
branch 22 taken 1
        4:   15-block  7
call   23 returned 4
        1:   15-block  8
call   24 returned 1
call   25 returned 1
call   26 returned 1
call   27 returned 1
call   28 returned 1
    %%%%%:   15-block  9
    %%%%%:   15-block 10
branch 29 never executed
branch 30 never executed
    %%%%%:   15-block 11
call   31 never executed
    %%%%%:   15-block 12
    %%%%%:   15-block 13
call   32 never executed
    %%%%%:   15-block 14
call   33 never executed
    %%%%%:   15-block 15
call   34 never executed
    %%%%%:   15-block 16
call   35 never executed
    %%%%%:   15-block 17
call   36 never executed
    %%%%%:   15-block 18
call   37 never executed
        -:   16:    eph_h th = {
        -:   17:            {960,  2018, 1, 1, 1, 1, 1, 1, 1, 2, 1, 1},
        -:   18:            {340,  2018, 1, 1, 1, 1, 1, 1, 1, 2, 1, 1},
        -:   19:            {1009, 2018, 1, 1, 2, 1, 1, 1, 1, 2, 1, 1},
        -:   20:            {210,  2018, 1, 1, 2, 1, 1, 1, 1, 2, 1, 1},
        -:   21:            {4377, 2018, 1, 1, 2, 1, 1, 1, 1, 2, 1, 1},
        -:   22:            {200,  2018, 1, 1, 2, 1, 1, 1, 1, 2, 1, 1},
        -:   23:            {334,  2018, 1, 1, 2, 1, 1, 1, 1, 2, 1, 1},
        -:   24:            {543,  2018, 1, 1, 2, 1, 1, 1, 1, 2, 1, 1},
        -:   25:            {2354, 2018, 1, 1, 2, 1, 1, 1, 1, 2, 1, 1},
        -:   26:            {1,    2018, 1, 1, 2, 1, 1, 1, 1, 2, 1, 1},
       12:   27:    };
call    0 returned 1
call    1 returned 1
branch  2 taken 1 (fallthrough)
branch  3 taken 0 (throw)
        1:   27-block  0
call    4 returned 1
call    5 returned 1
branch  6 taken 1 (fallthrough)
branch  7 taken 0 (throw)
        1:   27-block  1
call    8 returned 1
call    9 returned 1
branch 10 taken 1 (fallthrough)
branch 11 taken 0 (throw)
        1:   27-block  2
call   12 returned 1
call   13 returned 1
branch 14 taken 1 (fallthrough)
branch 15 taken 0 (throw)
        1:   27-block  3
call   16 returned 1
call   17 returned 1
branch 18 taken 1 (fallthrough)
branch 19 taken 0 (throw)
        1:   27-block  4
call   20 returned 1
call   21 returned 1
branch 22 taken 1 (fallthrough)
branch 23 taken 0 (throw)
        1:   27-block  5
call   24 returned 1
call   25 returned 1
branch 26 taken 1 (fallthrough)
branch 27 taken 0 (throw)
        1:   27-block  6
call   28 returned 1
call   29 returned 1
branch 30 taken 1 (fallthrough)
branch 31 taken 0 (throw)
        1:   27-block  7
call   32 returned 1
call   33 returned 1
branch 34 taken 1 (fallthrough)
branch 35 taken 0 (throw)
        1:   27-block  8
call   36 returned 1
call   37 returned 1
branch 38 taken 1 (fallthrough)
branch 39 taken 0 (throw)
        1:   27-block  9
call   40 returned 1
call   41 returned 1
branch 42 taken 1 (fallthrough)
branch 43 taken 0 (throw)
        1:   27-block 10
call   44 returned 1
       11:   27-block 11
branch 45 taken 10 (fallthrough)
branch 46 taken 1
       10:   27-block 12
call   47 returned 10
        1:   27-block 13
call   48 returned 1
call   49 returned 1
call   50 returned 1
call   51 returned 1
call   52 returned 1
call   53 returned 1
call   54 returned 1
call   55 returned 1
call   56 returned 1
call   57 returned 1
call   58 returned 1
    %%%%%:   27-block 14
    %%%%%:   27-block 15
branch 59 never executed
branch 60 never executed
    %%%%%:   27-block 16
call   61 never executed
    %%%%%:   27-block 17
    %%%%%:   27-block 18
call   62 never executed
    %%%%%:   27-block 19
call   63 never executed
    %%%%%:   27-block 20
call   64 never executed
    %%%%%:   27-block 21
call   65 never executed
    %%%%%:   27-block 22
call   66 never executed
    %%%%%:   27-block 23
call   67 never executed
    %%%%%:   27-block 24
call   68 never executed
    %%%%%:   27-block 25
call   69 never executed
    %%%%%:   27-block 26
call   70 never executed
    %%%%%:   27-block 27
call   71 never executed
    %%%%%:   27-block 28
call   72 never executed
    %%%%%:   27-block 29
call   73 never executed
        -:   28:
        -:   29:    eph_i ti = {{543,   2018, 1, 1, 1, 1, 36, 1,  3, 1, 1}, // 1
        -:   30:                {334,   2018, 1, 1, 1, 1, 36, 1,  3, 90, 1},
        -:   31:                {340,   2018, 1, 1, 1, 1, 36, 1,  3, 30, 1}, // 35
        -:   32:                {340,   2018, 3, 1, 1, 1, 36, 1,  3, 5, 1},
        -:   33:                {334,   2018, 2, 1, 1, 1, 31, 1,  3, 90, 1},
        -:   34:                {1009,  2018, 1, 1, 1, 2, 36, 1,  3, 26, 1}, // 26
        -:   35:                {210,   2018, 1, 1, 1, 1, 36, 1,  1, 25, 1}, // 27
        -:   36:                {210,   2018, 2, 1, 1, 1, 36, 1,  3, 2, 1},
        -:   37:                {1,     2018, 1, 1, 1, 2, 5,  1,  2, 25, 1},  // 25
        -:   38:                {4377,  2018, 1, 1, 1, 1, 36, 1,  3, 15, 1}, // 30
        -:   39:                {4377,  2018, 3, 1, 1, 1, 7,  1,  3, 15, 1},
        -:   40:                {2354,  2018, 1, 1, 1, 2, 36, 1,  3, 20, 1}, // 20
        -:   41:                {200,   2018, 2, 1, 1, 1, 36, 1,  3, 0, 1}, // 0
        -:   42:                {960,   2018, 3, 1, 1, 2, 51, 1,  4, 0,  1}, // 0
        -:   43:                {960,   2018, 2, 1, 1, 2, 51, 1,  4, 0,  1},
        -:   44:                {960,   2018, 1, 1, 1, 2, 51, 1,  4, 0,  1}
       18:   45:    };
call    0 returned 1
call    1 returned 1
branch  2 taken 1 (fallthrough)
branch  3 taken 0 (throw)
        1:   45-block  0
call    4 returned 1
call    5 returned 1
branch  6 taken 1 (fallthrough)
branch  7 taken 0 (throw)
        1:   45-block  1
call    8 returned 1
call    9 returned 1
branch 10 taken 1 (fallthrough)
branch 11 taken 0 (throw)
        1:   45-block  2
call   12 returned 1
call   13 returned 1
branch 14 taken 1 (fallthrough)
branch 15 taken 0 (throw)
        1:   45-block  3
call   16 returned 1
call   17 returned 1
branch 18 taken 1 (fallthrough)
branch 19 taken 0 (throw)
        1:   45-block  4
call   20 returned 1
call   21 returned 1
branch 22 taken 1 (fallthrough)
branch 23 taken 0 (throw)
        1:   45-block  5
call   24 returned 1
call   25 returned 1
branch 26 taken 1 (fallthrough)
branch 27 taken 0 (throw)
        1:   45-block  6
call   28 returned 1
call   29 returned 1
branch 30 taken 1 (fallthrough)
branch 31 taken 0 (throw)
        1:   45-block  7
call   32 returned 1
call   33 returned 1
branch 34 taken 1 (fallthrough)
branch 35 taken 0 (throw)
        1:   45-block  8
call   36 returned 1
call   37 returned 1
branch 38 taken 1 (fallthrough)
branch 39 taken 0 (throw)
        1:   45-block  9
call   40 returned 1
call   41 returned 1
branch 42 taken 1 (fallthrough)
branch 43 taken 0 (throw)
        1:   45-block 10
call   44 returned 1
call   45 returned 1
branch 46 taken 1 (fallthrough)
branch 47 taken 0 (throw)
        1:   45-block 11
call   48 returned 1
call   49 returned 1
branch 50 taken 1 (fallthrough)
branch 51 taken 0 (throw)
        1:   45-block 12
call   52 returned 1
call   53 returned 1
branch 54 taken 1 (fallthrough)
branch 55 taken 0 (throw)
        1:   45-block 13
call   56 returned 1
call   57 returned 1
branch 58 taken 1 (fallthrough)
branch 59 taken 0 (throw)
        1:   45-block 14
call   60 returned 1
call   61 returned 1
branch 62 taken 1 (fallthrough)
branch 63 taken 0 (throw)
        1:   45-block 15
call   64 returned 1
call   65 returned 1
branch 66 taken 1 (fallthrough)
branch 67 taken 0 (throw)
        1:   45-block 16
call   68 returned 1
       17:   45-block 17
branch 69 taken 16 (fallthrough)
branch 70 taken 1
       16:   45-block 18
call   71 returned 16
        1:   45-block 19
call   72 returned 1
call   73 returned 1
call   74 returned 1
call   75 returned 1
call   76 returned 1
call   77 returned 1
call   78 returned 1
call   79 returned 1
call   80 returned 1
call   81 returned 1
call   82 returned 1
call   83 returned 1
call   84 returned 1
call   85 returned 1
call   86 returned 1
call   87 returned 1
call   88 returned 1
    %%%%%:   45-block 20
    %%%%%:   45-block 21
branch 89 never executed
branch 90 never executed
    %%%%%:   45-block 22
call   91 never executed
    %%%%%:   45-block 23
    %%%%%:   45-block 24
call   92 never executed
    %%%%%:   45-block 25
call   93 never executed
    %%%%%:   45-block 26
call   94 never executed
    %%%%%:   45-block 27
call   95 never executed
    %%%%%:   45-block 28
call   96 never executed
    %%%%%:   45-block 29
call   97 never executed
    %%%%%:   45-block 30
call   98 never executed
    %%%%%:   45-block 31
call   99 never executed
    %%%%%:   45-block 32
call   100 never executed
    %%%%%:   45-block 33
call   101 never executed
    %%%%%:   45-block 34
call   102 never executed
    %%%%%:   45-block 35
call   103 never executed
    %%%%%:   45-block 36
call   104 never executed
    %%%%%:   45-block 37
call   105 never executed
    %%%%%:   45-block 38
call   106 never executed
    %%%%%:   45-block 39
call   107 never executed
    %%%%%:   45-block 40
call   108 never executed
        1:   46:    EXPECT_TRUE(esEncuestaValida(th, ti));
call    0 returned 1
branch  1 taken 1 (fallthrough)
branch  2 taken 0 (throw)
        1:   46-block  0
call    3 returned 1
branch  4 taken 1 (fallthrough)
branch  5 taken 0 (throw)
        1:   46-block  1
call    6 returned 1
branch  7 taken 1 (fallthrough)
branch  8 taken 0 (throw)
        1:   46-block  2
call    9 returned 1
branch 10 taken 1 (fallthrough)
branch 11 taken 0 (throw)
        1:   46-block  3
call   12 returned 1
call   13 returned 1
call   14 returned 1
branch 15 taken 1 (fallthrough)
branch 16 taken 0
        1:   46-block  4
call   17 returned 1
branch 18 taken 1 (fallthrough)
branch 19 taken 0 (throw)
        1:   46-block  5
call   20 returned 1
branch 21 taken 1 (fallthrough)
branch 22 taken 0 (throw)
        1:   46-block  6
call   23 returned 1
call   24 returned 1
branch 25 taken 1 (fallthrough)
branch 26 taken 0 (throw)
        1:   46-block  7
call   27 returned 1
branch 28 taken 1 (fallthrough)
branch 29 taken 0 (throw)
        1:   46-block  8
call   30 returned 1
call   31 returned 1
call   32 returned 1
        1:   46-block  9
call   33 returned 1
    %%%%%:   46-block 10
    %%%%%:   46-block 11
call   34 never executed
    %%%%%:   46-block 12
call   35 never executed
    %%%%%:   46-block 13
call   36 never executed
    %%%%%:   46-block 14
call   37 never executed
    %%%%%:   46-block 15
call   38 never executed
    %%%%%:   46-block 16
call   39 never executed
    %%%%%:   46-block 17
        -:   47:
        2:   48:    vector <hogar> res = muestraHomogenea(th,ti);
call    0 returned 1
branch  1 taken 1 (fallthrough)
branch  2 taken 0 (throw)
call    3 returned 1
    %%%%%:   48-block  0
call    4 never executed
        -:   49:
        -:   50:    // uso sort para independizar el orden
        1:   51:    sort(esperado.begin(),esperado.end());
        1:   51-block  0
call    0 returned 1
call    1 returned 1
call    2 returned 1
branch  3 taken 1 (fallthrough)
branch  4 taken 0 (throw)
        1:   52:    sort(res.begin(), res.end());
        1:   52-block  0
call    0 returned 1
call    1 returned 1
call    2 returned 1
branch  3 taken 1 (fallthrough)
branch  4 taken 0 (throw)
        -:   53:
        1:   54:    EXPECT_EQ(res,esperado);
        1:   54-block  0
call    0 returned 1
branch  1 taken 1 (fallthrough)
branch  2 taken 0 (throw)
        1:   54-block  1
call    3 returned 1
branch  4 taken 1 (fallthrough)
branch  5 taken 0
        1:   54-block  2
call    6 returned 1
branch  7 taken 1 (fallthrough)
branch  8 taken 0 (throw)
        1:   54-block  3
call    9 returned 1
branch 10 taken 1 (fallthrough)
branch 11 taken 0 (throw)
        1:   54-block  4
call   12 returned 1
branch 13 taken 1 (fallthrough)
branch 14 taken 0 (throw)
        1:   54-block  5
call   15 returned 1
branch 16 taken 1 (fallthrough)
branch 17 taken 0 (throw)
        1:   54-block  6
call   18 returned 1
call   19 returned 1
        1:   54-block  7
call   20 returned 1
    %%%%%:   54-block  8
call   21 never executed
    %%%%%:   54-block  9
call   22 never executed
    %%%%%:   54-block 10
call   23 never executed
    %%%%%:   54-block 11
        1:   55:}
    %%%%%:   55-block  0
call    0 never executed
        -:   56:
        -:   57:
function _ZN42muestraHomogeneaTEST_dosSolucionesDe3_TestD0Ev called 1 returned 100% blocks executed 100%
function _ZN42muestraHomogeneaTEST_dosSolucionesDe3_TestD1Ev called 1 returned 100% blocks executed 100%
function _ZN42muestraHomogeneaTEST_dosSolucionesDe3_Test8TestBodyEv called 1 returned 100% blocks executed 58%
function _ZN42muestraHomogeneaTEST_dosSolucionesDe3_TestC1Ev called 1 returned 100% blocks executed 100%
        8:   58:TEST(muestraHomogeneaTEST, dosSolucionesDe3) {
call    0 returned 1
call    1 returned 1
call    2 returned 1
call    3 returned 1
call    4 returned 1
branch  5 taken 1 (fallthrough)
branch  6 taken 0 (throw)
        1:   58-block  0
call    7 returned 1
branch  8 taken 1 (fallthrough)
branch  9 taken 0 (throw)
        1:   58-block  1
call   10 returned 1
branch 11 taken 1 (fallthrough)
branch 12 taken 0 (throw)
        1:   58-block  2
call   13 returned 1
call   14 returned 1
call   15 returned 1
    %%%%%:   58-block  3
call   16 never executed
    %%%%%:   58-block  4
call   17 never executed
    %%%%%:   58-block  5
call   18 never executed
        1:   58-block  6
        1:   58-block  7
call   19 returned 1
call   20 returned 1
        1:   58-block  8
        1:   58-block  9
call   21 returned 1
        1:   58-block 10
        1:   58-block 11
        1:   58-block 12
call   22 returned 1
        -:   59:    vector <hogar> res1 = {{1,    2018, 1, 1, 2, 1, 1, 1, 1, 2,1,1},
        -:   60:                           {210,  2018, 1, 1, 2, 1, 1, 1, 1, 2,1,1},
        5:   61:                           {340,  2018, 1, 1, 1, 1, 1, 1, 1, 2,1,1}};
        1:   61-block  0
call    0 returned 1
call    1 returned 1
branch  2 taken 1 (fallthrough)
branch  3 taken 0 (throw)
        1:   61-block  1
call    4 returned 1
call    5 returned 1
branch  6 taken 1 (fallthrough)
branch  7 taken 0 (throw)
        1:   61-block  2
call    8 returned 1
call    9 returned 1
branch 10 taken 1 (fallthrough)
branch 11 taken 0 (throw)
        1:   61-block  3
call   12 returned 1
call   13 returned 1
branch 14 taken 1 (fallthrough)
branch 15 taken 0 (throw)
        1:   61-block  4
call   16 returned 1
        4:   61-block  5
branch 17 taken 3 (fallthrough)
branch 18 taken 1
        3:   61-block  6
call   19 returned 3
        1:   61-block  7
call   20 returned 1
call   21 returned 1
call   22 returned 1
call   23 returned 1
    %%%%%:   61-block  8
    %%%%%:   61-block  9
branch 24 never executed
branch 25 never executed
    %%%%%:   61-block 10
call   26 never executed
    %%%%%:   61-block 11
    %%%%%:   61-block 12
call   27 never executed
    %%%%%:   61-block 13
call   28 never executed
    %%%%%:   61-block 14
call   29 never executed
    %%%%%:   61-block 15
call   30 never executed
    %%%%%:   61-block 16
call   31 never executed
        -:   62:
        -:   63:    vector <hogar> res2 = {{1,    2018, 1, 1, 2, 1, 1, 1, 1, 2,1,1},
        -:   64:                           {210,  2018, 1, 1, 2, 1, 1, 1, 1, 2,1,1},
        5:   65:                           {4377, 2018, 1, 1, 2, 1, 1, 1, 1, 2,1,1}};
call    0 returned 1
call    1 returned 1
branch  2 taken 1 (fallthrough)
branch  3 taken 0 (throw)
        1:   65-block  0
call    4 returned 1
call    5 returned 1
branch  6 taken 1 (fallthrough)
branch  7 taken 0 (throw)
        1:   65-block  1
call    8 returned 1
call    9 returned 1
branch 10 taken 1 (fallthrough)
branch 11 taken 0 (throw)
        1:   65-block  2
call   12 returned 1
call   13 returned 1
branch 14 taken 1 (fallthrough)
branch 15 taken 0 (throw)
        1:   65-block  3
call   16 returned 1
        4:   65-block  4
branch 17 taken 3 (fallthrough)
branch 18 taken 1
        3:   65-block  5
call   19 returned 3
        1:   65-block  6
call   20 returned 1
call   21 returned 1
call   22 returned 1
call   23 returned 1
    %%%%%:   65-block  7
    %%%%%:   65-block  8
branch 24 never executed
branch 25 never executed
    %%%%%:   65-block  9
call   26 never executed
    %%%%%:   65-block 10
    %%%%%:   65-block 11
call   27 never executed
    %%%%%:   65-block 12
call   28 never executed
    %%%%%:   65-block 13
call   29 never executed
    %%%%%:   65-block 14
call   30 never executed
    %%%%%:   65-block 15
call   31 never executed
        -:   66:
        -:   67:    eph_h th = {
        -:   68:            {960,  2018, 1, 1, 1, 1, 1, 1, 1, 2,1,1},
        -:   69:            {340,  2018, 1, 1, 1, 1, 1, 1, 1, 2,1,1},
        -:   70:            {1009, 2018, 1, 1, 2, 1, 1, 1, 1, 2,1,1},
        -:   71:            {210,  2018, 1, 1, 2, 1, 1, 1, 1, 2,1,1},
        -:   72:            {4377, 2018, 1, 1, 2, 1, 1, 1, 1, 2,1,1},
        -:   73:            {200,  2018, 1, 1, 2, 1, 1, 1, 1, 2,1,1},
        -:   74:            {334,  2018, 1, 1, 2, 1, 1, 1, 1, 2,1,1},
        -:   75:            {543,  2018, 1, 1, 2, 1, 1, 1, 1, 2,1,1},
        -:   76:            {2354, 2018, 1, 1, 2, 1, 1, 1, 1, 2,1,1},
        -:   77:            {1,    2018, 1, 1, 2, 1, 1, 1, 1, 2,1,1},
        -:   78:            {800,  2018, 1, 1, 2, 1, 1, 1, 1, 2,1,1},
       13:   79:    };
call    0 returned 1
call    1 returned 1
branch  2 taken 1 (fallthrough)
branch  3 taken 0 (throw)
        1:   79-block  0
call    4 returned 1
call    5 returned 1
branch  6 taken 1 (fallthrough)
branch  7 taken 0 (throw)
        1:   79-block  1
call    8 returned 1
call    9 returned 1
branch 10 taken 1 (fallthrough)
branch 11 taken 0 (throw)
        1:   79-block  2
call   12 returned 1
call   13 returned 1
branch 14 taken 1 (fallthrough)
branch 15 taken 0 (throw)
        1:   79-block  3
call   16 returned 1
call   17 returned 1
branch 18 taken 1 (fallthrough)
branch 19 taken 0 (throw)
        1:   79-block  4
call   20 returned 1
call   21 returned 1
branch 22 taken 1 (fallthrough)
branch 23 taken 0 (throw)
        1:   79-block  5
call   24 returned 1
call   25 returned 1
branch 26 taken 1 (fallthrough)
branch 27 taken 0 (throw)
        1:   79-block  6
call   28 returned 1
call   29 returned 1
branch 30 taken 1 (fallthrough)
branch 31 taken 0 (throw)
        1:   79-block  7
call   32 returned 1
call   33 returned 1
branch 34 taken 1 (fallthrough)
branch 35 taken 0 (throw)
        1:   79-block  8
call   36 returned 1
call   37 returned 1
branch 38 taken 1 (fallthrough)
branch 39 taken 0 (throw)
        1:   79-block  9
call   40 returned 1
call   41 returned 1
branch 42 taken 1 (fallthrough)
branch 43 taken 0 (throw)
        1:   79-block 10
call   44 returned 1
call   45 returned 1
branch 46 taken 1 (fallthrough)
branch 47 taken 0 (throw)
        1:   79-block 11
call   48 returned 1
       12:   79-block 12
branch 49 taken 11 (fallthrough)
branch 50 taken 1
       11:   79-block 13
call   51 returned 11
        1:   79-block 14
call   52 returned 1
call   53 returned 1
call   54 returned 1
call   55 returned 1
call   56 returned 1
call   57 returned 1
call   58 returned 1
call   59 returned 1
call   60 returned 1
call   61 returned 1
call   62 returned 1
call   63 returned 1
    %%%%%:   79-block 15
    %%%%%:   79-block 16
branch 64 never executed
branch 65 never executed
    %%%%%:   79-block 17
call   66 never executed
    %%%%%:   79-block 18
    %%%%%:   79-block 19
call   67 never executed
    %%%%%:   79-block 20
call   68 never executed
    %%%%%:   79-block 21
call   69 never executed
    %%%%%:   79-block 22
call   70 never executed
    %%%%%:   79-block 23
call   71 never executed
    %%%%%:   79-block 24
call   72 never executed
    %%%%%:   79-block 25
call   73 never executed
    %%%%%:   79-block 26
call   74 never executed
    %%%%%:   79-block 27
call   75 never executed
    %%%%%:   79-block 28
call   76 never executed
    %%%%%:   79-block 29
call   77 never executed
    %%%%%:   79-block 30
call   78 never executed
    %%%%%:   79-block 31
call   79 never executed
        -:   80:
        -:   81:    eph_i ti = {{543,  2018, 1, 1, 1, 1, 36, 1,  3, 1,  1}, // 1
        -:   82:                {334,  2018, 1, 1, 1, 1, 36, 1,  3, 1,  1}, // 3
        -:   83:                {334,  2018, 2, 1, 1, 1, 36, 1,  3, 2,  1},
        -:   84:                {340,  2018, 1, 1, 1, 1, 36, 1,  3, 30,  1},  // 30
        -:   85:                {340,  2018, 3, 1, 1, 1, 36, 1,  3, 0,  1},
        -:   86:                {1009, 2018, 1, 1, 1, 1, 36, 1,  3, 26,  1}, // 26
        -:   87:                {210,  2018, 1, 1, 1, 1, 36, 1,  3, 25,  1}, // 27
        -:   88:                {210,  2018, 2, 1, 1, 1, 36, 1,  3, 2,  1},
        -:   89:                {1,    2018, 1, 1, 1, 1, 36, 1,  3, 24,  1}, // 24
        -:   90:                {4377, 2018, 1, 1, 1, 1, 36, 1,  3, 15,  1}, // 30
        -:   91:                {4377, 2018, 3, 1, 1, 1, 36, 1,  3, 15,  1},
        -:   92:                {2354, 2018, 1, 1, 1, 1, 36, 1,  3, 20,  1}, // 20
        -:   93:                {800,  2018, 2, 1, 1, 1, 36, 1,  3, 0,  1}, // 0
        -:   94:                {200,  2018, 2, 1, 1, 1, 36, 1,  3, 0,  1}, // 0
        -:   95:                {960,  2018, 3, 1, 1, 2, 51, 1,  4, 0,   1}, // 0
        -:   96:                {960,  2018, 2, 1, 1, 2, 51, 1,  4, 0,   1},
       19:   97:                {960,  2018, 1, 1, 1, 2, 51, 1,  4, 0,   1}};
call    0 returned 1
call    1 returned 1
branch  2 taken 1 (fallthrough)
branch  3 taken 0 (throw)
        1:   97-block  0
call    4 returned 1
call    5 returned 1
branch  6 taken 1 (fallthrough)
branch  7 taken 0 (throw)
        1:   97-block  1
call    8 returned 1
call    9 returned 1
branch 10 taken 1 (fallthrough)
branch 11 taken 0 (throw)
        1:   97-block  2
call   12 returned 1
call   13 returned 1
branch 14 taken 1 (fallthrough)
branch 15 taken 0 (throw)
        1:   97-block  3
call   16 returned 1
call   17 returned 1
branch 18 taken 1 (fallthrough)
branch 19 taken 0 (throw)
        1:   97-block  4
call   20 returned 1
call   21 returned 1
branch 22 taken 1 (fallthrough)
branch 23 taken 0 (throw)
        1:   97-block  5
call   24 returned 1
call   25 returned 1
branch 26 taken 1 (fallthrough)
branch 27 taken 0 (throw)
        1:   97-block  6
call   28 returned 1
call   29 returned 1
branch 30 taken 1 (fallthrough)
branch 31 taken 0 (throw)
        1:   97-block  7
call   32 returned 1
call   33 returned 1
branch 34 taken 1 (fallthrough)
branch 35 taken 0 (throw)
        1:   97-block  8
call   36 returned 1
call   37 returned 1
branch 38 taken 1 (fallthrough)
branch 39 taken 0 (throw)
        1:   97-block  9
call   40 returned 1
call   41 returned 1
branch 42 taken 1 (fallthrough)
branch 43 taken 0 (throw)
        1:   97-block 10
call   44 returned 1
call   45 returned 1
branch 46 taken 1 (fallthrough)
branch 47 taken 0 (throw)
        1:   97-block 11
call   48 returned 1
call   49 returned 1
branch 50 taken 1 (fallthrough)
branch 51 taken 0 (throw)
        1:   97-block 12
call   52 returned 1
call   53 returned 1
branch 54 taken 1 (fallthrough)
branch 55 taken 0 (throw)
        1:   97-block 13
call   56 returned 1
call   57 returned 1
branch 58 taken 1 (fallthrough)
branch 59 taken 0 (throw)
        1:   97-block 14
call   60 returned 1
call   61 returned 1
branch 62 taken 1 (fallthrough)
branch 63 taken 0 (throw)
        1:   97-block 15
call   64 returned 1
call   65 returned 1
branch 66 taken 1 (fallthrough)
branch 67 taken 0 (throw)
        1:   97-block 16
call   68 returned 1
call   69 returned 1
branch 70 taken 1 (fallthrough)
branch 71 taken 0 (throw)
        1:   97-block 17
call   72 returned 1
       18:   97-block 18
branch 73 taken 17 (fallthrough)
branch 74 taken 1
       17:   97-block 19
call   75 returned 17
        1:   97-block 20
call   76 returned 1
call   77 returned 1
call   78 returned 1
call   79 returned 1
call   80 returned 1
call   81 returned 1
call   82 returned 1
call   83 returned 1
call   84 returned 1
call   85 returned 1
call   86 returned 1
call   87 returned 1
call   88 returned 1
call   89 returned 1
call   90 returned 1
call   91 returned 1
call   92 returned 1
call   93 returned 1
    %%%%%:   97-block 21
    %%%%%:   97-block 22
branch 94 never executed
branch 95 never executed
    %%%%%:   97-block 23
call   96 never executed
    %%%%%:   97-block 24
    %%%%%:   97-block 25
call   97 never executed
    %%%%%:   97-block 26
call   98 never executed
    %%%%%:   97-block 27
call   99 never executed
    %%%%%:   97-block 28
call   100 never executed
    %%%%%:   97-block 29
call   101 never executed
    %%%%%:   97-block 30
call   102 never executed
    %%%%%:   97-block 31
call   103 never executed
    %%%%%:   97-block 32
call   104 never executed
    %%%%%:   97-block 33
call   105 never executed
    %%%%%:   97-block 34
call   106 never executed
    %%%%%:   97-block 35
call   107 never executed
    %%%%%:   97-block 36
call   108 never executed
    %%%%%:   97-block 37
call   109 never executed
    %%%%%:   97-block 38
call   110 never executed
    %%%%%:   97-block 39
call   111 never executed
    %%%%%:   97-block 40
call   112 never executed
    %%%%%:   97-block 41
call   113 never executed
    %%%%%:   97-block 42
call   114 never executed
        1:   98:    EXPECT_TRUE(esEncuestaValida(th, ti));
call    0 returned 1
branch  1 taken 1 (fallthrough)
branch  2 taken 0 (throw)
        1:   98-block  0
call    3 returned 1
branch  4 taken 1 (fallthrough)
branch  5 taken 0 (throw)
        1:   98-block  1
call    6 returned 1
branch  7 taken 1 (fallthrough)
branch  8 taken 0 (throw)
        1:   98-block  2
call    9 returned 1
branch 10 taken 1 (fallthrough)
branch 11 taken 0 (throw)
        1:   98-block  3
call   12 returned 1
call   13 returned 1
call   14 returned 1
branch 15 taken 1 (fallthrough)
branch 16 taken 0
        1:   98-block  4
call   17 returned 1
branch 18 taken 1 (fallthrough)
branch 19 taken 0 (throw)
        1:   98-block  5
call   20 returned 1
branch 21 taken 1 (fallthrough)
branch 22 taken 0 (throw)
        1:   98-block  6
call   23 returned 1
call   24 returned 1
branch 25 taken 1 (fallthrough)
branch 26 taken 0 (throw)
        1:   98-block  7
call   27 returned 1
branch 28 taken 1 (fallthrough)
branch 29 taken 0 (throw)
        1:   98-block  8
call   30 returned 1
call   31 returned 1
call   32 returned 1
        1:   98-block  9
call   33 returned 1
    %%%%%:   98-block 10
    %%%%%:   98-block 11
call   34 never executed
    %%%%%:   98-block 12
call   35 never executed
    %%%%%:   98-block 13
call   36 never executed
    %%%%%:   98-block 14
call   37 never executed
    %%%%%:   98-block 15
call   38 never executed
    %%%%%:   98-block 16
call   39 never executed
    %%%%%:   98-block 17
        -:   99:
        2:  100:    vector <hogar> propuesto = muestraHomogenea(th,ti);
call    0 returned 1
branch  1 taken 1 (fallthrough)
branch  2 taken 0 (throw)
call    3 returned 1
    %%%%%:  100-block  0
call    4 never executed
    %%%%%:  100-block  1
        -:  101:
        -:  102:    // uso del sort para independizar el orden
        1:  103:    sort(propuesto.begin(), propuesto.end());
        1:  103-block  0
call    0 returned 1
call    1 returned 1
call    2 returned 1
branch  3 taken 1 (fallthrough)
branch  4 taken 0 (throw)
        1:  104:    sort(res1.begin(), res1.end());
        1:  104-block  0
call    0 returned 1
call    1 returned 1
call    2 returned 1
branch  3 taken 1 (fallthrough)
branch  4 taken 0 (throw)
        1:  105:    sort(res2.begin(), res2.end());
        1:  105-block  0
call    0 returned 1
call    1 returned 1
call    2 returned 1
branch  3 taken 1 (fallthrough)
branch  4 taken 0 (throw)
        -:  106:
        1:  107:    bool esperado = res1 == propuesto || res2 == propuesto;
        1:  107-block  0
call    0 returned 1
branch  1 taken 1 (fallthrough)
branch  2 taken 0 (throw)
        1:  107-block  1
branch  3 taken 1 (fallthrough)
branch  4 taken 0
        1:  107-block  2
call    5 returned 1
branch  6 taken 1 (fallthrough)
branch  7 taken 0 (throw)
        1:  107-block  3
branch  8 taken 0 (fallthrough)
branch  9 taken 1
    $$$$$:  107-block  4
        1:  107-block  5
        1:  108:    EXPECT_TRUE(esperado);
        1:  108-block  0
call    0 returned 1
branch  1 taken 1 (fallthrough)
branch  2 taken 0 (throw)
        1:  108-block  1
call    3 returned 1
branch  4 taken 1 (fallthrough)
branch  5 taken 0
        1:  108-block  2
call    6 returned 1
branch  7 taken 1 (fallthrough)
branch  8 taken 0 (throw)
        1:  108-block  3
call    9 returned 1
branch 10 taken 1 (fallthrough)
branch 11 taken 0 (throw)
        1:  108-block  4
call   12 returned 1
call   13 returned 1
branch 14 taken 1 (fallthrough)
branch 15 taken 0 (throw)
        1:  108-block  5
call   16 returned 1
branch 17 taken 1 (fallthrough)
branch 18 taken 0 (throw)
        1:  108-block  6
call   19 returned 1
call   20 returned 1
call   21 returned 1
        1:  108-block  7
call   22 returned 1
    %%%%%:  108-block  8
call   23 never executed
    %%%%%:  108-block  9
call   24 never executed
    %%%%%:  108-block 10
call   25 never executed
    %%%%%:  108-block 11
call   26 never executed
    %%%%%:  108-block 12
function _GLOBAL__sub_I__ZN40muestraHomogeneaTEST_unaSolucionDe4_Test10test_info_E called 1 returned 100% blocks executed 100%
function _Z41__static_initialization_and_destruction_0ii called 1 returned 100% blocks executed 71%
        5:  109:}
        1:  109-block  0
        1:  109-block  1
call    0 returned 1
        1:  109-block  2
        1:  109-block  3
branch  1 taken 1 (fallthrough)
branch  2 taken 0
        1:  109-block  4
branch  3 taken 1 (fallthrough)
branch  4 taken 0
        1:  109-block  5
    %%%%%:  109-block  6
call    5 never executed
