        -:    0:Source:C:/Users/valum/Documents/GitHub/TPI-AED1-2C2021/test/corregirRegionTEST.cpp
        -:    0:Graph:C:\Users\valum\Documents\GitHub\TPI-AED1-2C2021\cmake-build-debug-coverage\CMakeFiles\tpi.dir\test\corregirRegionTEST.gcno
        -:    0:Data:C:\Users\valum\Documents\GitHub\TPI-AED1-2C2021\cmake-build-debug-coverage\CMakeFiles\tpi.dir\test\corregirRegionTEST.gcda
        -:    0:Runs:1
        -:    0:Programs:1
        -:    1:#include "../definiciones.h"
        -:    2:#include "../Funciones_TPI.h"
        -:    3:#include "../ejercicios.h"
        -:    4:#include "gtest/gtest.h"
        -:    5:#include <iostream>
        -:    6:#include <string>
        -:    7:#include "../auxiliares.h"
        -:    8:
        -:    9:using namespace std;
        -:   10:
function _ZN37corregirRegionTEST_cuatroHogares_TestD0Ev called 1 returned 100% blocks executed 100%
function _ZN37corregirRegionTEST_cuatroHogares_TestD1Ev called 1 returned 100% blocks executed 100%
function _ZN37corregirRegionTEST_cuatroHogares_Test8TestBodyEv called 1 returned 100% blocks executed 50%
function _ZN37corregirRegionTEST_cuatroHogares_TestC1Ev called 1 returned 100% blocks executed 100%
        8:   11:TEST(corregirRegionTEST, cuatroHogares) {
call    0 returned 1
call    1 returned 1
call    2 returned 1
call    3 returned 1
call    4 returned 1
branch  5 taken 1 (fallthrough)
branch  6 taken 0 (throw)
        1:   11-block  0
call    7 returned 1
branch  8 taken 1 (fallthrough)
branch  9 taken 0 (throw)
        1:   11-block  1
call   10 returned 1
branch 11 taken 1 (fallthrough)
branch 12 taken 0 (throw)
        1:   11-block  2
call   13 returned 1
call   14 returned 1
call   15 returned 1
    %%%%%:   11-block  3
call   16 never executed
    %%%%%:   11-block  4
call   17 never executed
    %%%%%:   11-block  5
call   18 never executed
        1:   11-block  6
        1:   11-block  7
call   19 returned 1
call   20 returned 1
        1:   11-block  8
        1:   11-block  9
call   21 returned 1
        1:   11-block 10
        1:   11-block 11
        1:   11-block 12
call   22 returned 1
        -:   12:
        -:   13://                                                    Región
        -:   14://                                                      v
        -:   15:    eph_h th = {{22114, 2020,   3,  319611, 629088, 3,  1, 0,  1,  3,  1,  2},
        -:   16:                {31117, 2020,   3,  332870, 642475, 3,  1, 0,  1,  6,  6,  2},
        -:   17:                {22866, 2020,   3,  317157, 627217, 2,  42, 1,  1,  2,  2,  2},
        6:   18:                {20957, 2020,   3,  313965, 623297, 1,  43, 0,  1,  3,  1,  2}};
        1:   18-block  0
call    0 returned 1
call    1 returned 1
branch  2 taken 1 (fallthrough)
branch  3 taken 0 (throw)
        1:   18-block  1
call    4 returned 1
call    5 returned 1
branch  6 taken 1 (fallthrough)
branch  7 taken 0 (throw)
        1:   18-block  2
call    8 returned 1
call    9 returned 1
branch 10 taken 1 (fallthrough)
branch 11 taken 0 (throw)
        1:   18-block  3
call   12 returned 1
call   13 returned 1
branch 14 taken 1 (fallthrough)
branch 15 taken 0 (throw)
        1:   18-block  4
call   16 returned 1
call   17 returned 1
branch 18 taken 1 (fallthrough)
branch 19 taken 0 (throw)
        1:   18-block  5
call   20 returned 1
        5:   18-block  6
branch 21 taken 4 (fallthrough)
branch 22 taken 1
        4:   18-block  7
call   23 returned 4
        1:   18-block  8
call   24 returned 1
call   25 returned 1
call   26 returned 1
call   27 returned 1
        1:   18-block  9
        1:   18-block 10
    $$$$$:   18-block 11
        1:   18-block 12
    %%%%%:   18-block 13
call   28 never executed
    %%%%%:   18-block 14
    %%%%%:   18-block 15
branch 29 never executed
branch 30 never executed
    %%%%%:   18-block 16
call   31 never executed
    %%%%%:   18-block 17
    %%%%%:   18-block 18
call   32 never executed
    %%%%%:   18-block 19
call   33 never executed
    %%%%%:   18-block 20
call   34 never executed
    %%%%%:   18-block 21
call   35 never executed
    %%%%%:   18-block 22
call   36 never executed
    %%%%%:   18-block 23
call   37 never executed
        -:   19:
        -:   20:    eph_i ti = {{20957, 2020,   1,  1,  3,  1,  88, 0,  0,  90000,  10},
        -:   21:                {20957, 2020,   2,  1,  3,  2,  82, 0,  0,  25000,  10},
        -:   22:                {31117, 2020,   1,  0,  3,  1,  58, 1,  3,  22000,  1},
        -:   23:                {31117, 2020,   2,  0,  3,  2,  54, 1,  1,  -1,     1},
        -:   24:                {31117, 2020,   3,  0,  3,  2,  46, 1,  3,  17000,  1},
        -:   25:                {31117, 2020,   4,  0,  3,  1,  20, 1,  3,  5000,   1},
        -:   26:                {31117, 2020,   5,  0,  3,  2,  15, 0,  0,  5000,   10},
        -:   27:                {31117, 2020,   6,  0,  3,  1,  7,  0,  0,  0,      10},
        -:   28:                {31117, 2020,   8,  0,  3,  2,  11, 0,  0,  0,      10},
        -:   29:                {31117, 2020,   9,  0,  3,  1,  50, 0,  2,  0,      10},
        -:   30:                {31117, 2020,   10, 0,  3,  1,  28, 1,  3,  5000,   1},
        -:   31:                {22866, 2020,   1,  0,  3,  1,  31, 1,  3,  59000,  10},
        -:   32:                {22866, 2020,   2,  1,  3,  2,  28, 1,  3,  0,      6},
       16:   33:                {22114, 2020,   1,  0,  3,  1,  18, 0,  0,  20000,  10}};
call    0 returned 1
call    1 returned 1
branch  2 taken 1 (fallthrough)
branch  3 taken 0 (throw)
        1:   33-block  0
call    4 returned 1
call    5 returned 1
branch  6 taken 1 (fallthrough)
branch  7 taken 0 (throw)
        1:   33-block  1
call    8 returned 1
call    9 returned 1
branch 10 taken 1 (fallthrough)
branch 11 taken 0 (throw)
        1:   33-block  2
call   12 returned 1
call   13 returned 1
branch 14 taken 1 (fallthrough)
branch 15 taken 0 (throw)
        1:   33-block  3
call   16 returned 1
call   17 returned 1
branch 18 taken 1 (fallthrough)
branch 19 taken 0 (throw)
        1:   33-block  4
call   20 returned 1
call   21 returned 1
branch 22 taken 1 (fallthrough)
branch 23 taken 0 (throw)
        1:   33-block  5
call   24 returned 1
call   25 returned 1
branch 26 taken 1 (fallthrough)
branch 27 taken 0 (throw)
        1:   33-block  6
call   28 returned 1
call   29 returned 1
branch 30 taken 1 (fallthrough)
branch 31 taken 0 (throw)
        1:   33-block  7
call   32 returned 1
call   33 returned 1
branch 34 taken 1 (fallthrough)
branch 35 taken 0 (throw)
        1:   33-block  8
call   36 returned 1
call   37 returned 1
branch 38 taken 1 (fallthrough)
branch 39 taken 0 (throw)
        1:   33-block  9
call   40 returned 1
call   41 returned 1
branch 42 taken 1 (fallthrough)
branch 43 taken 0 (throw)
        1:   33-block 10
call   44 returned 1
call   45 returned 1
branch 46 taken 1 (fallthrough)
branch 47 taken 0 (throw)
        1:   33-block 11
call   48 returned 1
call   49 returned 1
branch 50 taken 1 (fallthrough)
branch 51 taken 0 (throw)
        1:   33-block 12
call   52 returned 1
call   53 returned 1
branch 54 taken 1 (fallthrough)
branch 55 taken 0 (throw)
        1:   33-block 13
call   56 returned 1
call   57 returned 1
branch 58 taken 1 (fallthrough)
branch 59 taken 0 (throw)
        1:   33-block 14
call   60 returned 1
       15:   33-block 15
branch 61 taken 14 (fallthrough)
branch 62 taken 1
       14:   33-block 16
call   63 returned 14
        1:   33-block 17
call   64 returned 1
call   65 returned 1
call   66 returned 1
call   67 returned 1
call   68 returned 1
call   69 returned 1
call   70 returned 1
call   71 returned 1
call   72 returned 1
call   73 returned 1
call   74 returned 1
call   75 returned 1
call   76 returned 1
call   77 returned 1
        1:   33-block 18
    $$$$$:   33-block 19
        1:   33-block 20
        1:   33-block 21
call   78 returned 1
branch 79 taken 1
branch 80 taken 0
    %%%%%:   33-block 22
    %%%%%:   33-block 23
branch 81 never executed
branch 82 never executed
    %%%%%:   33-block 24
call   83 never executed
    %%%%%:   33-block 25
    %%%%%:   33-block 26
call   84 never executed
    %%%%%:   33-block 27
call   85 never executed
    %%%%%:   33-block 28
call   86 never executed
    %%%%%:   33-block 29
call   87 never executed
    %%%%%:   33-block 30
call   88 never executed
    %%%%%:   33-block 31
call   89 never executed
    %%%%%:   33-block 32
call   90 never executed
    %%%%%:   33-block 33
call   91 never executed
    %%%%%:   33-block 34
call   92 never executed
    %%%%%:   33-block 35
call   93 never executed
    %%%%%:   33-block 36
call   94 never executed
    %%%%%:   33-block 37
call   95 never executed
    %%%%%:   33-block 38
call   96 never executed
    %%%%%:   33-block 39
call   97 never executed
    %%%%%:   33-block 40
call   98 never executed
    %%%%%:   33-block 41
call   99 never executed
        -:   34:
        -:   35://                                                            Región
        -:   36://                                                             v
        -:   37:    eph_h esperado = {{22114, 2020,   3,  319611, 629088, 3,  43, 0,  1,  3,  1,  2},
        -:   38:                      {22866, 2020,   3,  317157, 627217, 2,  42, 1,  1,  2,  2,  2},
        -:   39:                      {31117, 2020,   3,  332870, 642475, 3,  43, 0,  1,  6,  6,  2},
        6:   40:                      {20957, 2020,   3,  313965, 623297, 1,  43, 0,  1,  3,  1,  2}};
call    0 returned 1
call    1 returned 1
branch  2 taken 1 (fallthrough)
branch  3 taken 0 (throw)
        1:   40-block  0
call    4 returned 1
call    5 returned 1
branch  6 taken 1 (fallthrough)
branch  7 taken 0 (throw)
        1:   40-block  1
call    8 returned 1
call    9 returned 1
branch 10 taken 1 (fallthrough)
branch 11 taken 0 (throw)
        1:   40-block  2
call   12 returned 1
call   13 returned 1
branch 14 taken 1 (fallthrough)
branch 15 taken 0 (throw)
        1:   40-block  3
call   16 returned 1
call   17 returned 1
branch 18 taken 1 (fallthrough)
branch 19 taken 0 (throw)
        1:   40-block  4
call   20 returned 1
        5:   40-block  5
branch 21 taken 4 (fallthrough)
branch 22 taken 1
        4:   40-block  6
call   23 returned 4
        1:   40-block  7
call   24 returned 1
call   25 returned 1
call   26 returned 1
call   27 returned 1
        1:   40-block  8
    $$$$$:   40-block  9
        1:   40-block 10
        1:   40-block 11
call   28 returned 1
branch 29 taken 1
branch 30 taken 0
    %%%%%:   40-block 12
    %%%%%:   40-block 13
branch 31 never executed
branch 32 never executed
    %%%%%:   40-block 14
call   33 never executed
    %%%%%:   40-block 15
    %%%%%:   40-block 16
call   34 never executed
    %%%%%:   40-block 17
call   35 never executed
    %%%%%:   40-block 18
call   36 never executed
    %%%%%:   40-block 19
call   37 never executed
    %%%%%:   40-block 20
call   38 never executed
        -:   41:
        1:   42:    ASSERT_TRUE(esEncuestaValida(th,ti));
call    0 returned 1
branch  1 taken 1 (fallthrough)
branch  2 taken 0 (throw)
        1:   42-block  0
call    3 returned 1
branch  4 taken 1 (fallthrough)
branch  5 taken 0 (throw)
        1:   42-block  1
call    6 returned 1
branch  7 taken 1 (fallthrough)
branch  8 taken 0 (throw)
        1:   42-block  2
call    9 returned 1
branch 10 taken 1 (fallthrough)
branch 11 taken 0 (throw)
        1:   42-block  3
call   12 returned 1
call   13 returned 1
call   14 returned 1
branch 15 taken 0 (fallthrough)
branch 16 taken 1
    $$$$$:   42-block  4
call   17 never executed
branch 18 never executed
branch 19 never executed
    $$$$$:   42-block  5
call   20 never executed
branch 21 never executed
branch 22 never executed
    $$$$$:   42-block  6
call   23 never executed
call   24 never executed
branch 25 never executed
branch 26 never executed
    $$$$$:   42-block  7
call   27 never executed
branch 28 never executed
branch 29 never executed
    $$$$$:   42-block  8
call   30 never executed
call   31 never executed
call   32 never executed
        1:   42-block  9
        1:   42-block 10
call   33 returned 1
branch 34 taken 1
branch 35 taken 0
        1:   42-block 11
    %%%%%:   42-block 12
    %%%%%:   42-block 13
call   36 never executed
    %%%%%:   42-block 14
call   37 never executed
    %%%%%:   42-block 15
call   38 never executed
    %%%%%:   42-block 16
call   39 never executed
    %%%%%:   42-block 17
call   40 never executed
    %%%%%:   42-block 18
call   41 never executed
    %%%%%:   42-block 19
        1:   43:    ASSERT_TRUE(esEncuestaValida(esperado,ti));
        1:   43-block  0
call    0 returned 1
branch  1 taken 1 (fallthrough)
branch  2 taken 0 (throw)
    $$$$$:   43-block  1
        1:   43-block  2
call    3 returned 1
branch  4 taken 1 (fallthrough)
branch  5 taken 0 (throw)
        1:   43-block  3
call    6 returned 1
branch  7 taken 1 (fallthrough)
branch  8 taken 0 (throw)
        1:   43-block  4
call    9 returned 1
branch 10 taken 1 (fallthrough)
branch 11 taken 0 (throw)
        1:   43-block  5
call   12 returned 1
call   13 returned 1
call   14 returned 1
branch 15 taken 0 (fallthrough)
branch 16 taken 1
    $$$$$:   43-block  6
call   17 never executed
branch 18 never executed
branch 19 never executed
    $$$$$:   43-block  7
call   20 never executed
branch 21 never executed
branch 22 never executed
    $$$$$:   43-block  8
call   23 never executed
call   24 never executed
branch 25 never executed
branch 26 never executed
    $$$$$:   43-block  9
call   27 never executed
branch 28 never executed
branch 29 never executed
    $$$$$:   43-block 10
call   30 never executed
call   31 never executed
call   32 never executed
        1:   43-block 11
        1:   43-block 12
call   33 returned 1
branch 34 taken 1
branch 35 taken 0
        1:   43-block 13
    %%%%%:   43-block 14
    %%%%%:   43-block 15
call   36 never executed
    %%%%%:   43-block 16
call   37 never executed
    %%%%%:   43-block 17
call   38 never executed
    %%%%%:   43-block 18
call   39 never executed
    %%%%%:   43-block 19
call   40 never executed
    %%%%%:   43-block 20
call   41 never executed
    %%%%%:   43-block 21
        -:   44:
        1:   45:    corregirRegion(th, ti);
        1:   45-block  0
call    0 returned 1
branch  1 taken 1 (fallthrough)
branch  2 taken 0 (throw)
    $$$$$:   45-block  1
        1:   45-block  2
call    3 returned 1
branch  4 taken 1 (fallthrough)
branch  5 taken 0 (throw)
        1:   45-block  3
call    6 returned 1
    %%%%%:   45-block  4
call    7 never executed
        -:   46:
        -:   47:    // uso del sort para independizar las salidas del orden
        1:   48:    sort(th.begin(), th.end());
call    0 returned 1
call    1 returned 1
call    2 returned 1
branch  3 taken 1 (fallthrough)
branch  4 taken 0 (throw)
        1:   49:    sort(esperado.begin(), esperado.end());
        1:   49-block  0
call    0 returned 1
call    1 returned 1
call    2 returned 1
branch  3 taken 1 (fallthrough)
branch  4 taken 0 (throw)
        -:   50:
        1:   51:    EXPECT_EQ( th, esperado );
        1:   51-block  0
call    0 returned 1
branch  1 taken 1 (fallthrough)
branch  2 taken 0 (throw)
        1:   51-block  1
call    3 returned 1
branch  4 taken 0 (fallthrough)
branch  5 taken 1
    $$$$$:   51-block  2
call    6 never executed
branch  7 never executed
branch  8 never executed
    $$$$$:   51-block  3
call    9 never executed
branch 10 never executed
branch 11 never executed
    $$$$$:   51-block  4
call   12 never executed
branch 13 never executed
branch 14 never executed
    $$$$$:   51-block  5
call   15 never executed
branch 16 never executed
branch 17 never executed
    $$$$$:   51-block  6
call   18 never executed
call   19 never executed
        1:   51-block  7
call   20 returned 1
        1:   51-block  8
call   21 returned 1
branch 22 taken 1
branch 23 taken 0
    %%%%%:   51-block  9
call   24 never executed
    %%%%%:   51-block 10
call   25 never executed
    %%%%%:   51-block 11
call   26 never executed
    %%%%%:   51-block 12
function _GLOBAL__sub_I__ZN37corregirRegionTEST_cuatroHogares_Test10test_info_E called 1 returned 100% blocks executed 100%
function _Z41__static_initialization_and_destruction_0ii called 1 returned 100% blocks executed 77%
        4:   52:}
        1:   52-block  0
        1:   52-block  1
call    0 returned 1
        1:   52-block  2
        1:   52-block  3
branch  1 taken 1 (fallthrough)
branch  2 taken 0
        1:   52-block  4
branch  3 taken 1 (fallthrough)
branch  4 taken 0
        1:   52-block  5
