        -:    0:Source:C:/Users/valum/Documents/GitHub/TPI-AED1-2C2021/lib/googletest-master/googletest/src/gtest.cc
        -:    0:Graph:C:\Users\valum\Documents\GitHub\TPI-AED1-2C2021\cmake-build-debug-coverage\lib\googletest-master\googlemock\gtest\CMakeFiles\gtest.dir\src\gtest-all.cc.gcno
        -:    0:Data:C:\Users\valum\Documents\GitHub\TPI-AED1-2C2021\cmake-build-debug-coverage\lib\googletest-master\googlemock\gtest\CMakeFiles\gtest.dir\src\gtest-all.cc.gcda
        -:    0:Runs:1
        -:    0:Programs:1
        -:    1:// Copyright 2005, Google Inc.
        -:    2:// All rights reserved.
        -:    3://
        -:    4:// Redistribution and use in source and binary forms, with or without
        -:    5:// modification, are permitted provided that the following conditions are
        -:    6:// met:
        -:    7://
        -:    8://     * Redistributions of source code must retain the above copyright
        -:    9:// notice, this list of conditions and the following disclaimer.
        -:   10://     * Redistributions in binary form must reproduce the above
        -:   11:// copyright notice, this list of conditions and the following disclaimer
        -:   12:// in the documentation and/or other materials provided with the
        -:   13:// distribution.
        -:   14://     * Neither the name of Google Inc. nor the names of its
        -:   15:// contributors may be used to endorse or promote products derived from
        -:   16:// this software without specific prior written permission.
        -:   17://
        -:   18:// THIS SOFTWARE IS PROVIDED BY THE COPYRIGHT HOLDERS AND CONTRIBUTORS
        -:   19:// "AS IS" AND ANY EXPRESS OR IMPLIED WARRANTIES, INCLUDING, BUT NOT
        -:   20:// LIMITED TO, THE IMPLIED WARRANTIES OF MERCHANTABILITY AND FITNESS FOR
        -:   21:// A PARTICULAR PURPOSE ARE DISCLAIMED. IN NO EVENT SHALL THE COPYRIGHT
        -:   22:// OWNER OR CONTRIBUTORS BE LIABLE FOR ANY DIRECT, INDIRECT, INCIDENTAL,
        -:   23:// SPECIAL, EXEMPLARY, OR CONSEQUENTIAL DAMAGES (INCLUDING, BUT NOT
        -:   24:// LIMITED TO, PROCUREMENT OF SUBSTITUTE GOODS OR SERVICES; LOSS OF USE,
        -:   25:// DATA, OR PROFITS; OR BUSINESS INTERRUPTION) HOWEVER CAUSED AND ON ANY
        -:   26:// THEORY OF LIABILITY, WHETHER IN CONTRACT, STRICT LIABILITY, OR TORT
        -:   27:// (INCLUDING NEGLIGENCE OR OTHERWISE) ARISING IN ANY WAY OUT OF THE USE
        -:   28:// OF THIS SOFTWARE, EVEN IF ADVISED OF THE POSSIBILITY OF SUCH DAMAGE.
        -:   29://
        -:   30:// Author: wan@google.com (Zhanyong Wan)
        -:   31://
        -:   32:// The Google C++ Testing Framework (Google Test)
        -:   33:
        -:   34:#include "gtest/gtest.h"
        -:   35:#include "gtest/internal/custom/gtest.h"
        -:   36:#include "gtest/gtest-spi.h"
        -:   37:
        -:   38:#include <ctype.h>
        -:   39:#include <math.h>
        -:   40:#include <stdarg.h>
        -:   41:#include <stdio.h>
        -:   42:#include <stdlib.h>
        -:   43:#include <time.h>
        -:   44:#include <wchar.h>
        -:   45:#include <wctype.h>
        -:   46:
        -:   47:#include <algorithm>
        -:   48:#include <iomanip>
        -:   49:#include <limits>
        -:   50:#include <list>
        -:   51:#include <map>
        -:   52:#include <ostream>  // NOLINT
        -:   53:#include <sstream>
        -:   54:#include <vector>
        -:   55:
        -:   56:#if GTEST_OS_LINUX
        -:   57:
        -:   58:// TODO(kenton@google.com): Use autoconf to detect availability of
        -:   59:// gettimeofday().
        -:   60:# define GTEST_HAS_GETTIMEOFDAY_ 1
        -:   61:
        -:   62:# include <fcntl.h>  // NOLINT
        -:   63:# include <limits.h>  // NOLINT
        -:   64:# include <sched.h>  // NOLINT
        -:   65:// Declares vsnprintf().  This header is not available on Windows.
        -:   66:# include <strings.h>  // NOLINT
        -:   67:# include <sys/mman.h>  // NOLINT
        -:   68:# include <sys/time.h>  // NOLINT
        -:   69:# include <unistd.h>  // NOLINT
        -:   70:# include <string>
        -:   71:
        -:   72:#elif GTEST_OS_SYMBIAN
        -:   73:# define GTEST_HAS_GETTIMEOFDAY_ 1
        -:   74:# include <sys/time.h>  // NOLINT
        -:   75:
        -:   76:#elif GTEST_OS_ZOS
        -:   77:# define GTEST_HAS_GETTIMEOFDAY_ 1
        -:   78:# include <sys/time.h>  // NOLINT
        -:   79:
        -:   80:// On z/OS we additionally need strings.h for strcasecmp.
        -:   81:# include <strings.h>  // NOLINT
        -:   82:
        -:   83:#elif GTEST_OS_WINDOWS_MOBILE  // We are on Windows CE.
        -:   84:
        -:   85:# include <windows.h>  // NOLINT
        -:   86:# undef min
        -:   87:
        -:   88:#elif GTEST_OS_WINDOWS  // We are on Windows proper.
        -:   89:
        -:   90:# include <io.h>  // NOLINT
        -:   91:# include <sys/timeb.h>  // NOLINT
        -:   92:# include <sys/types.h>  // NOLINT
        -:   93:# include <sys/stat.h>  // NOLINT
        -:   94:
        -:   95:# if GTEST_OS_WINDOWS_MINGW
        -:   96:// MinGW has gettimeofday() but not _ftime64().
        -:   97:// TODO(kenton@google.com): Use autoconf to detect availability of
        -:   98://   gettimeofday().
        -:   99:// TODO(kenton@google.com): There are other ways to get the time on
        -:  100://   Windows, like GetTickCount() or GetSystemTimeAsFileTime().  MinGW
        -:  101://   supports these.  consider using them instead.
        -:  102:#  define GTEST_HAS_GETTIMEOFDAY_ 1
        -:  103:#  include <sys/time.h>  // NOLINT
        -:  104:# endif  // GTEST_OS_WINDOWS_MINGW
        -:  105:
        -:  106:// cpplint thinks that the header is already included, so we want to
        -:  107:// silence it.
        -:  108:# include <windows.h>  // NOLINT
        -:  109:# undef min
        -:  110:
        -:  111:#else
        -:  112:
        -:  113:// Assume other platforms have gettimeofday().
        -:  114:// TODO(kenton@google.com): Use autoconf to detect availability of
        -:  115://   gettimeofday().
        -:  116:# define GTEST_HAS_GETTIMEOFDAY_ 1
        -:  117:
        -:  118:// cpplint thinks that the header is already included, so we want to
        -:  119:// silence it.
        -:  120:# include <sys/time.h>  // NOLINT
        -:  121:# include <unistd.h>  // NOLINT
        -:  122:
        -:  123:#endif  // GTEST_OS_LINUX
        -:  124:
        -:  125:#if GTEST_HAS_EXCEPTIONS
        -:  126:# include <stdexcept>
        -:  127:#endif
        -:  128:
        -:  129:#if GTEST_CAN_STREAM_RESULTS_
        -:  130:# include <arpa/inet.h>  // NOLINT
        -:  131:# include <netdb.h>  // NOLINT
        -:  132:# include <sys/socket.h>  // NOLINT
        -:  133:# include <sys/types.h>  // NOLINT
        -:  134:#endif
        -:  135:
        -:  136:#include "src/gtest-internal-inl.h"
        -:  137:
        -:  138:#if GTEST_OS_WINDOWS
        -:  139:# define vsnprintf _vsnprintf
        -:  140:#endif  // GTEST_OS_WINDOWS
        -:  141:
        -:  142:namespace testing {
        -:  143:
        -:  144:using internal::CountIf;
        -:  145:using internal::ForEach;
        -:  146:using internal::GetElementOr;
        -:  147:using internal::Shuffle;
        -:  148:
        -:  149:// Constants.
        -:  150:
        -:  151:// A test whose test case name or test name matches this filter is
        -:  152:// disabled and not run.
        -:  153:static const char kDisableTestFilter[] = "DISABLED_*:*/DISABLED_*";
        -:  154:
        -:  155:// A test case whose name matches this filter is considered a death
        -:  156:// test case and will be run before test cases whose name doesn't
        -:  157:// match this filter.
        -:  158:static const char kDeathTestCaseFilter[] = "*DeathTest:*DeathTest/*";
        -:  159:
        -:  160:// A test filter that matches everything.
        -:  161:static const char kUniversalFilter[] = "*";
        -:  162:
        -:  163:// The default output format.
        -:  164:static const char kDefaultOutputFormat[] = "xml";
        -:  165:// The default output file.
        -:  166:static const char kDefaultOutputFile[] = "test_detail";
        -:  167:
        -:  168:// The environment variable name for the test shard index.
        -:  169:static const char kTestShardIndex[] = "GTEST_SHARD_INDEX";
        -:  170:// The environment variable name for the total number of test shards.
        -:  171:static const char kTestTotalShards[] = "GTEST_TOTAL_SHARDS";
        -:  172:// The environment variable name for the test shard status file.
        -:  173:static const char kTestShardStatusFile[] = "GTEST_SHARD_STATUS_FILE";
        -:  174:
        -:  175:namespace internal {
        -:  176:
        -:  177:// The text used in failure messages to indicate the start of the
        -:  178:// stack trace.
        -:  179:const char kStackTraceMarker[] = "\nStack trace:\n";
        -:  180:
        -:  181:// g_help_flag is true iff the --help flag or an equivalent form is
        -:  182:// specified on the command line.
        -:  183:bool g_help_flag = false;
        -:  184:
        -:  185:}  // namespace internal
        -:  186:
function _ZN7testingL16GetDefaultFilterEv called 1 returned 100% blocks executed 100%
        1:  187:static const char* GetDefaultFilter() {
        1:  187-block  0
        -:  188:#ifdef GTEST_TEST_FILTER_ENV_VAR_
        -:  189:  const char* const testbridge_test_only = getenv(GTEST_TEST_FILTER_ENV_VAR_);
        -:  190:  if (testbridge_test_only != NULL) {
        -:  191:    return testbridge_test_only;
        -:  192:  }
        -:  193:#endif  // GTEST_TEST_FILTER_ENV_VAR_
        1:  194:  return kUniversalFilter;
        1:  194-block  0
        -:  195:}
        -:  196:
        1:  197:GTEST_DEFINE_bool_(
call    0 returned 1
        -:  198:    also_run_disabled_tests,
        -:  199:    internal::BoolFromGTestEnv("also_run_disabled_tests", false),
        -:  200:    "Run disabled tests too, in addition to the tests normally being run.");
        -:  201:
        1:  202:GTEST_DEFINE_bool_(
call    0 returned 1
        -:  203:    break_on_failure,
        -:  204:    internal::BoolFromGTestEnv("break_on_failure", false),
        -:  205:    "True iff a failed assertion should be a debugger break-point.");
        -:  206:
        1:  207:GTEST_DEFINE_bool_(
call    0 returned 1
        -:  208:    catch_exceptions,
        -:  209:    internal::BoolFromGTestEnv("catch_exceptions", true),
        -:  210:    "True iff " GTEST_NAME_
        -:  211:    " should catch exceptions and treat them as test failures.");
        -:  212:
function __tcf_2 called 1 returned 100% blocks executed 100%
        3:  213:GTEST_DEFINE_string_(
call    0 returned 1
call    1 returned 1
branch  2 taken 1 (fallthrough)
branch  3 taken 0 (throw)
        1:  213-block  0
call    4 returned 1
branch  5 taken 1 (fallthrough)
branch  6 taken 0 (throw)
        1:  213-block  1
call    7 returned 1
call    8 returned 1
    %%%%%:  213-block  2
call    9 never executed
call   10 never executed
        1:  213-block  3
        1:  213-block  4
call   11 returned 1
        -:  214:    color,
        -:  215:    internal::StringFromGTestEnv("color", "auto"),
        -:  216:    "Whether to use colors in the output.  Valid values: yes, no, "
        -:  217:    "and auto.  'auto' means to use colors if the output is "
        -:  218:    "being sent to a terminal and the TERM environment variable "
        -:  219:    "is set to a terminal type that supports colors.");
        -:  220:
function __tcf_3 called 1 returned 100% blocks executed 100%
        3:  221:GTEST_DEFINE_string_(
call    0 returned 1
call    1 returned 1
call    2 returned 1
branch  3 taken 1 (fallthrough)
branch  4 taken 0 (throw)
        1:  221-block  0
call    5 returned 1
branch  6 taken 1 (fallthrough)
branch  7 taken 0 (throw)
        1:  221-block  1
call    8 returned 1
call    9 returned 1
    %%%%%:  221-block  2
call   10 never executed
call   11 never executed
        1:  221-block  3
        1:  221-block  4
call   12 returned 1
        -:  222:    filter,
        -:  223:    internal::StringFromGTestEnv("filter", GetDefaultFilter()),
        -:  224:    "A colon-separated list of glob (not regex) patterns "
        -:  225:    "for filtering the tests to run, optionally followed by a "
        -:  226:    "'-' and a : separated list of negative patterns (tests to "
        -:  227:    "exclude).  A test is run if it matches one of the positive "
        -:  228:    "patterns and does not match any of the negative patterns.");
        -:  229:
        -:  230:GTEST_DEFINE_bool_(list_tests, false,
        -:  231:                   "List all tests without running them.");
        -:  232:
        -:  233:// The net priority order after flag processing is thus:
        -:  234://   --gtest_output command line flag
        -:  235://   GTEST_OUTPUT environment variable
        -:  236://   XML_OUTPUT_FILE environment variable
        -:  237://   ''
function __tcf_4 called 1 returned 100% blocks executed 100%
        3:  238:GTEST_DEFINE_string_(
call    0 returned 1
call    1 returned 1
branch  2 taken 1 (fallthrough)
branch  3 taken 0 (throw)
        1:  238-block  0
call    4 returned 1
call    5 returned 1
branch  6 taken 1 (fallthrough)
branch  7 taken 0 (throw)
        1:  238-block  1
call    8 returned 1
branch  9 taken 1 (fallthrough)
branch 10 taken 0 (throw)
        1:  238-block  2
call   11 returned 1
call   12 returned 1
call   13 returned 1
    %%%%%:  238-block  3
call   14 never executed
    %%%%%:  238-block  4
call   15 never executed
call   16 never executed
        1:  238-block  5
        1:  238-block  6
call   17 returned 1
        -:  239:    output,
        -:  240:    internal::StringFromGTestEnv("output",
        -:  241:      internal::OutputFlagAlsoCheckEnvVar().c_str()),
        -:  242:    "A format (defaults to \"xml\" but can be specified to be \"json\"), "
        -:  243:    "optionally followed by a colon and an output file name or directory. "
        -:  244:    "A directory is indicated by a trailing pathname separator. "
        -:  245:    "Examples: \"xml:filename.xml\", \"xml::directoryname/\". "
        -:  246:    "If a directory is specified, output files will be created "
        -:  247:    "within that directory, with file-names based on the test "
        -:  248:    "executable's name and, if necessary, made unique by adding "
        -:  249:    "digits.");
        -:  250:
        1:  251:GTEST_DEFINE_bool_(
call    0 returned 1
        -:  252:    print_time,
        -:  253:    internal::BoolFromGTestEnv("print_time", true),
        -:  254:    "True iff " GTEST_NAME_
        -:  255:    " should display elapsed time in text output.");
        -:  256:
        1:  257:GTEST_DEFINE_bool_(
call    0 returned 1
        -:  258:    print_utf8,
        -:  259:    internal::BoolFromGTestEnv("print_utf8", true),
        -:  260:    "True iff " GTEST_NAME_
        -:  261:    " prints UTF8 characters as text.");
        -:  262:
        1:  263:GTEST_DEFINE_int32_(
call    0 returned 1
        -:  264:    random_seed,
        -:  265:    internal::Int32FromGTestEnv("random_seed", 0),
        -:  266:    "Random number seed to use when shuffling test orders.  Must be in range "
        -:  267:    "[1, 99999], or 0 to use a seed based on the current time.");
        -:  268:
        1:  269:GTEST_DEFINE_int32_(
call    0 returned 1
        -:  270:    repeat,
        -:  271:    internal::Int32FromGTestEnv("repeat", 1),
        -:  272:    "How many times to repeat each test.  Specify a negative number "
        -:  273:    "for repeating forever.  Useful for shaking out flaky tests.");
        -:  274:
        -:  275:GTEST_DEFINE_bool_(
        -:  276:    show_internal_stack_frames, false,
        -:  277:    "True iff " GTEST_NAME_ " should include internal stack frames when "
        -:  278:    "printing test failure stack traces.");
        -:  279:
        1:  280:GTEST_DEFINE_bool_(
call    0 returned 1
        -:  281:    shuffle,
        -:  282:    internal::BoolFromGTestEnv("shuffle", false),
        -:  283:    "True iff " GTEST_NAME_
        -:  284:    " should randomize tests' order on every run.");
        -:  285:
        1:  286:GTEST_DEFINE_int32_(
call    0 returned 1
        -:  287:    stack_trace_depth,
        -:  288:    internal::Int32FromGTestEnv("stack_trace_depth", kMaxStackTraceDepth),
        -:  289:    "The maximum number of stack frames to print when an "
        -:  290:    "assertion fails.  The valid range is 0 through 100, inclusive.");
        -:  291:
function __tcf_5 called 1 returned 100% blocks executed 100%
        3:  292:GTEST_DEFINE_string_(
call    0 returned 1
call    1 returned 1
branch  2 taken 1 (fallthrough)
branch  3 taken 0 (throw)
        1:  292-block  0
call    4 returned 1
branch  5 taken 1 (fallthrough)
branch  6 taken 0 (throw)
        1:  292-block  1
call    7 returned 1
call    8 returned 1
    %%%%%:  292-block  2
call    9 never executed
call   10 never executed
        1:  292-block  3
        1:  292-block  4
call   11 returned 1
        -:  293:    stream_result_to,
        -:  294:    internal::StringFromGTestEnv("stream_result_to", ""),
        -:  295:    "This flag specifies the host name and the port number on which to stream "
        -:  296:    "test results. Example: \"localhost:555\". The flag is effective only on "
        -:  297:    "Linux.");
        -:  298:
        1:  299:GTEST_DEFINE_bool_(
call    0 returned 1
        -:  300:    throw_on_failure,
        -:  301:    internal::BoolFromGTestEnv("throw_on_failure", false),
        -:  302:    "When this flag is specified, a failed assertion will throw an exception "
        -:  303:    "if exceptions are enabled or exit the program with a non-zero code "
        -:  304:    "otherwise. For use with an external test framework.");
        -:  305:
        -:  306:#if GTEST_USE_OWN_FLAGFILE_FLAG_
function __tcf_6 called 1 returned 100% blocks executed 100%
        3:  307:GTEST_DEFINE_string_(
call    0 returned 1
call    1 returned 1
branch  2 taken 1 (fallthrough)
branch  3 taken 0 (throw)
        1:  307-block  0
call    4 returned 1
branch  5 taken 1 (fallthrough)
branch  6 taken 0 (throw)
        1:  307-block  1
call    7 returned 1
call    8 returned 1
    %%%%%:  307-block  2
call    9 never executed
call   10 never executed
        1:  307-block  3
        1:  307-block  4
call   11 returned 1
        -:  308:    flagfile,
        -:  309:    internal::StringFromGTestEnv("flagfile", ""),
        -:  310:    "This flag specifies the flagfile to read command-line flags from.");
        -:  311:#endif  // GTEST_USE_OWN_FLAGFILE_FLAG_
        -:  312:
        -:  313:namespace internal {
        -:  314:
        -:  315:// Generates a random number from [0, range), using a Linear
        -:  316:// Congruential Generator (LCG).  Crashes if 'range' is 0 or greater
        -:  317:// than kMaxRange.
function _ZN7testing8internal6Random8GenerateEj called 0 returned 0% blocks executed 0%
    #####:  318:UInt32 Random::Generate(UInt32 range) {
    $$$$$:  318-block  0
        -:  319:  // These constants are the same as are used in glibc's rand(3).
        -:  320:  // Use wider types than necessary to prevent unsigned overflow diagnostics.
    #####:  321:  state_ = static_cast<UInt32>(1103515245ULL*state_ + 12345U) % kMaxRange;
        -:  322:
    #####:  323:  GTEST_CHECK_(range > 0)
    $$$$$:  323-block  0
call    0 never executed
branch  1 never executed
branch  2 never executed
    $$$$$:  323-block  1
call    3 never executed
call    4 never executed
    $$$$$:  323-block  2
call    5 never executed
    %%%%%:  323-block  3
call    6 never executed
call    7 never executed
    #####:  324:      << "Cannot generate a number in the range [0, 0).";
call    0 never executed
branch  1 never executed
branch  2 never executed
    $$$$$:  324-block  0
call    3 never executed
branch  4 never executed
branch  5 never executed
    #####:  325:  GTEST_CHECK_(range <= kMaxRange)
    $$$$$:  325-block  0
call    0 never executed
branch  1 never executed
branch  2 never executed
    $$$$$:  325-block  1
call    3 never executed
call    4 never executed
    $$$$$:  325-block  2
call    5 never executed
    %%%%%:  325-block  3
call    6 never executed
    #####:  326:      << "Generation of a number in [0, " << range << ") was requested, "
call    0 never executed
branch  1 never executed
branch  2 never executed
    $$$$$:  326-block  0
call    3 never executed
branch  4 never executed
branch  5 never executed
    $$$$$:  326-block  1
call    6 never executed
branch  7 never executed
branch  8 never executed
    #####:  327:      << "but this can only generate numbers in [0, " << kMaxRange << ").";
    $$$$$:  327-block  0
call    0 never executed
branch  1 never executed
branch  2 never executed
    $$$$$:  327-block  1
call    3 never executed
branch  4 never executed
branch  5 never executed
    $$$$$:  327-block  2
call    6 never executed
branch  7 never executed
branch  8 never executed
    $$$$$:  327-block  3
call    9 never executed
branch 10 never executed
branch 11 never executed
        -:  328:
        -:  329:  // Converting via modulus introduces a bit of downward bias, but
        -:  330:  // it's simple, and a linear congruential generator isn't too good
        -:  331:  // to begin with.
    #####:  332:  return state_ % range;
    $$$$$:  332-block  0
    $$$$$:  332-block  1
        -:  333:}
        -:  334:
        -:  335:// GTestIsInitialized() returns true iff the user has initialized
        -:  336:// Google Test.  Useful for catching the user mistake of not initializing
        -:  337:// Google Test before calling RUN_ALL_TESTS().
function _ZN7testing8internalL18GTestIsInitializedEv called 2 returned 100% blocks executed 100%
        4:  338:static bool GTestIsInitialized() { return GetArgvs().size() > 0; }
        2:  338-block  0
        2:  338-block  1
call    0 returned 2
call    1 returned 2
call    2 returned 2
        -:  339:
        -:  340:// Iterates over a vector of TestCases, keeping a running sum of the
        -:  341:// results of calling a given int-returning method on each.
        -:  342:// Returns the sum.
function _ZN7testing8internalL19SumOverTestCaseListERKSt6vectorIPNS_8TestCaseESaIS3_EEMS2_KFivE called 7 returned 100% blocks executed 91%
        7:  343:static int SumOverTestCaseList(const std::vector<TestCase*>& case_list,
        7:  343-block  0
        -:  344:                               int (TestCase::*method)() const) {
        7:  345:  int sum = 0;
       84:  346:  for (size_t i = 0; i < case_list.size(); i++) {
        7:  346-block  0
       84:  346-block  1
call    0 returned 84
branch  1 taken 77 (fallthrough)
branch  2 taken 7
       77:  347:    sum += (case_list[i]->*method)();
       77:  347-block  0
call    0 returned 77
branch  1 taken 0 (fallthrough)
branch  2 taken 77
    $$$$$:  347-block  1
       77:  347-block  2
       77:  347-block  3
call    3 returned 77
        -:  348:  }
        7:  349:  return sum;
        7:  349-block  0
        -:  350:}
        -:  351:
        -:  352:// Returns true iff the test case passed.
function _ZN7testing8internalL14TestCasePassedEPKNS_8TestCaseE called 0 returned 0% blocks executed 0%
    #####:  353:static bool TestCasePassed(const TestCase* test_case) {
    $$$$$:  353-block  0
    #####:  354:  return test_case->should_run() && test_case->Passed();
    $$$$$:  354-block  0
call    0 never executed
branch  1 never executed
branch  2 never executed
    $$$$$:  354-block  1
call    3 never executed
branch  4 never executed
branch  5 never executed
    $$$$$:  354-block  2
    $$$$$:  354-block  3
    $$$$$:  354-block  4
        -:  355:}
        -:  356:
        -:  357:// Returns true iff the test case failed.
function _ZN7testing8internalL14TestCaseFailedEPKNS_8TestCaseE called 22 returned 100% blocks executed 100%
       22:  358:static bool TestCaseFailed(const TestCase* test_case) {
       22:  358-block  0
       22:  359:  return test_case->should_run() && test_case->Failed();
       22:  359-block  0
call    0 returned 22
branch  1 taken 22 (fallthrough)
branch  2 taken 0
       22:  359-block  1
call    3 returned 22
branch  4 taken 2 (fallthrough)
branch  5 taken 20
        2:  359-block  2
       20:  359-block  3
       22:  359-block  4
        -:  360:}
        -:  361:
        -:  362:// Returns true iff test_case contains at least one test that should
        -:  363:// run.
function _ZN7testing8internalL17ShouldRunTestCaseEPKNS_8TestCaseE called 22 returned 100% blocks executed 100%
       22:  364:static bool ShouldRunTestCase(const TestCase* test_case) {
       22:  364-block  0
       22:  365:  return test_case->should_run();
       22:  365-block  0
call    0 returned 22
        -:  366:}
        -:  367:
        -:  368:// AssertHelper constructor.
function _ZN7testing8internal12AssertHelperC2ENS_14TestPartResult4TypeEPKciS5_ called 1 returned 100% blocks executed 80%
        1:  369:AssertHelper::AssertHelper(TestPartResult::Type type,
        1:  369-block  0
        -:  370:                           const char* file,
        -:  371:                           int line,
        1:  372:                           const char* message)
        1:  373:    : data_(new AssertHelperData(type, file, line, message)) {
        1:  373-block  0
call    0 returned 1
call    1 returned 1
branch  2 taken 1 (fallthrough)
branch  3 taken 0 (throw)
    %%%%%:  373-block  1
call    4 never executed
        1:  374:}
        1:  374-block  0
        -:  375:
function _ZN7testing8internal12AssertHelperD2Ev called 1 returned 100% blocks executed 100%
        1:  376:AssertHelper::~AssertHelper() {
        1:  376-block  0
        1:  377:  delete data_;
        1:  377-block  0
branch  0 taken 1 (fallthrough)
branch  1 taken 0
        1:  377-block  1
call    2 returned 1
call    3 returned 1
        1:  378:}
        -:  379:
        -:  380:// Message assignment, for assertion streaming support.
function _ZNK7testing8internal12AssertHelperaSERKNS_7MessageE called 1 returned 100% blocks executed 77%
        1:  381:void AssertHelper::operator=(const Message& message) const {
        1:  381-block  0
        -:  382:  UnitTest::GetInstance()->
        1:  383:    AddTestPartResult(data_->type, data_->file, data_->line,
        1:  383-block  0
call    0 returned 1
branch  1 taken 1 (fallthrough)
branch  2 taken 0 (throw)
        2:  384:                      AppendUserMessage(data_->message, message),
call    0 returned 1
branch  1 taken 1 (fallthrough)
branch  2 taken 0 (throw)
        1:  384-block  0
call    3 returned 1
    %%%%%:  384-block  1
call    4 never executed
        -:  385:                      UnitTest::GetInstance()->impl()
        2:  386:                      ->CurrentOsStackTraceExceptTop(1)
        1:  386-block  0
call    0 returned 1
call    1 returned 1
call    2 returned 1
call    3 returned 1
    %%%%%:  386-block  1
call    4 never executed
        -:  387:                      // Skips the stack frame for this function itself.
        1:  388:                      );  // NOLINT
        1:  388-block  0
call    0 returned 1
branch  1 taken 1 (fallthrough)
branch  2 taken 0 (throw)
        1:  389:}
        -:  390:
        -:  391:// Mutex for linked pointers.
function __tcf_7 called 1 returned 100% blocks executed 100%
        3:  392:GTEST_API_ GTEST_DEFINE_STATIC_MUTEX_(g_linked_ptr_mutex);
call    0 returned 1
call    1 returned 1
        1:  392-block  0
        1:  392-block  1
call    2 returned 1
        -:  393:
        -:  394:// A copy of all command line arguments.  Set by InitGoogleTest().
function __tcf_8 called 1 returned 100% blocks executed 100%
        3:  395:::std::vector<std::string> g_argvs;
call    0 returned 1
call    1 returned 1
        1:  395-block  0
        1:  395-block  1
call    2 returned 1
        -:  396:
function _ZN7testing8internal8GetArgvsB5cxx11Ev called 2 returned 100% blocks executed 100%
        2:  397:::std::vector<std::string> GetArgvs() {
        2:  397-block  0
        -:  398:#if defined(GTEST_CUSTOM_GET_ARGVS_)
        -:  399:  // GTEST_CUSTOM_GET_ARGVS_() may return a container of std::string or
        -:  400:  // ::string. This code converts it to the appropriate type.
        -:  401:  const auto& custom = GTEST_CUSTOM_GET_ARGVS_();
        -:  402:  return ::std::vector<std::string>(custom.begin(), custom.end());
        -:  403:#else   // defined(GTEST_CUSTOM_GET_ARGVS_)
        2:  404:  return g_argvs;
        2:  404-block  0
call    0 returned 2
        -:  405:#endif  // defined(GTEST_CUSTOM_GET_ARGVS_)
        -:  406:}
        -:  407:
        -:  408:// Returns the current application's name, removing directory path if that
        -:  409:// is present.
function _ZN7testing8internal24GetCurrentExecutableNameEv called 0 returned 0% blocks executed 0%
    #####:  410:FilePath GetCurrentExecutableName() {
    $$$$$:  410-block  0
    #####:  411:  FilePath result;
    $$$$$:  411-block  0
call    0 never executed
branch  1 never executed
branch  2 never executed
    $$$$$:  411-block  1
call    3 never executed
    %%%%%:  411-block  2
call    4 never executed
        -:  412:
        -:  413:#if GTEST_OS_WINDOWS
    #####:  414:  result.Set(FilePath(GetArgvs()[0]).RemoveExtension("exe"));
    $$$$$:  414-block  0
call    0 never executed
branch  1 never executed
branch  2 never executed
    $$$$$:  414-block  1
call    3 never executed
call    4 never executed
branch  5 never executed
branch  6 never executed
    $$$$$:  414-block  2
call    7 never executed
branch  8 never executed
branch  9 never executed
    $$$$$:  414-block  3
call   10 never executed
branch 11 never executed
branch 12 never executed
    $$$$$:  414-block  4
call   13 never executed
call   14 never executed
call   15 never executed
    %%%%%:  414-block  5
call   16 never executed
    %%%%%:  414-block  6
call   17 never executed
    %%%%%:  414-block  7
call   18 never executed
        -:  415:#else
        -:  416:  result.Set(FilePath(GetArgvs()[0]));
        -:  417:#endif  // GTEST_OS_WINDOWS
        -:  418:
    #####:  419:  return result.RemoveDirectoryName();
call    0 never executed
branch  1 never executed
branch  2 never executed
    $$$$$:  419-block  0
    $$$$$:  419-block  1
        -:  420:}
        -:  421:
        -:  422:// Functions for processing the gtest_output flag.
        -:  423:
        -:  424:// Returns the output format, or "" for normal printed output.
function _ZN7testing8internal15UnitTestOptions15GetOutputFormatB5cxx11Ev called 1 returned 100% blocks executed 43%
        1:  425:std::string UnitTestOptions::GetOutputFormat() {
        1:  425-block  0
        1:  426:  const char* const gtest_output_flag = GTEST_FLAG(output).c_str();
        1:  426-block  0
call    0 returned 1
        1:  427:  if (gtest_output_flag == NULL) return std::string("");
branch  0 taken 0 (fallthrough)
branch  1 taken 1
    $$$$$:  427-block  0
call    2 never executed
call    3 never executed
branch  4 never executed
branch  5 never executed
    $$$$$:  427-block  1
call    6 never executed
    %%%%%:  427-block  2
call    7 never executed
call    8 never executed
        -:  428:
        1:  429:  const char* const colon = strchr(gtest_output_flag, ':');
        -:  430:  return (colon == NULL) ?
        -:  431:      std::string(gtest_output_flag) :
        1:  432:      std::string(gtest_output_flag, colon - gtest_output_flag);
        1:  432-block  0
branch  0 taken 1 (fallthrough)
branch  1 taken 0
        1:  432-block  1
call    2 returned 1
call    3 returned 1
branch  4 taken 1 (fallthrough)
branch  5 taken 0 (throw)
        1:  432-block  2
    $$$$$:  432-block  3
call    6 never executed
call    7 never executed
branch  8 never executed
branch  9 never executed
        1:  432-block  4
branch 10 taken 0 (fallthrough)
branch 11 taken 1
    $$$$$:  432-block  5
call   12 never executed
        1:  432-block  6
branch 13 taken 1 (fallthrough)
branch 14 taken 0
        1:  432-block  7
call   15 returned 1
        1:  432-block  8
        1:  432-block  9
    %%%%%:  432-block 10
branch 16 never executed
branch 17 never executed
    %%%%%:  432-block 11
call   18 never executed
    %%%%%:  432-block 12
    %%%%%:  432-block 13
branch 19 never executed
branch 20 never executed
    %%%%%:  432-block 14
call   21 never executed
        -:  433:}
        -:  434:
        -:  435:// Returns the name of the requested output file, or the default if none
        -:  436:// was explicitly specified.
function _ZN7testing8internal15UnitTestOptions27GetAbsolutePathToOutputFileB5cxx11Ev called 0 returned 0% blocks executed 0%
    #####:  437:std::string UnitTestOptions::GetAbsolutePathToOutputFile() {
    $$$$$:  437-block  0
    #####:  438:  const char* const gtest_output_flag = GTEST_FLAG(output).c_str();
    $$$$$:  438-block  0
call    0 never executed
    #####:  439:  if (gtest_output_flag == NULL)
branch  0 never executed
branch  1 never executed
    #####:  440:    return "";
    $$$$$:  440-block  0
call    0 never executed
call    1 never executed
branch  2 never executed
branch  3 never executed
    $$$$$:  440-block  1
call    4 never executed
    %%%%%:  440-block  2
call    5 never executed
        -:  441:
    #####:  442:  std::string format = GetOutputFormat();
    $$$$$:  442-block  0
call    0 never executed
branch  1 never executed
branch  2 never executed
    $$$$$:  442-block  1
call    3 never executed
    $$$$$:  442-block  2
    $$$$$:  442-block  3
    %%%%%:  442-block  4
call    4 never executed
    #####:  443:  if (format.empty())
    $$$$$:  443-block  0
call    0 never executed
branch  1 never executed
branch  2 never executed
    #####:  444:    format = std::string(kDefaultOutputFormat);
    $$$$$:  444-block  0
call    0 never executed
call    1 never executed
branch  2 never executed
branch  3 never executed
    $$$$$:  444-block  1
call    4 never executed
call    5 never executed
call    6 never executed
    %%%%%:  444-block  2
call    7 never executed
        -:  445:
    #####:  446:  const char* const colon = strchr(gtest_output_flag, ':');
    #####:  447:  if (colon == NULL)
    $$$$$:  447-block  0
branch  0 never executed
branch  1 never executed
    #####:  448:    return internal::FilePath::MakeFileName(
    $$$$$:  448-block  0
call    0 never executed
    $$$$$:  448-block  1
call    1 never executed
branch  2 never executed
branch  3 never executed
    $$$$$:  448-block  2
call    4 never executed
    %%%%%:  448-block  3
call    5 never executed
    #####:  449:        internal::FilePath(
    $$$$$:  449-block  0
call    0 never executed
call    1 never executed
branch  2 never executed
branch  3 never executed
    $$$$$:  449-block  1
call    4 never executed
call    5 never executed
branch  6 never executed
branch  7 never executed
    $$$$$:  449-block  2
call    8 never executed
branch  9 never executed
branch 10 never executed
call   11 never executed
call   12 never executed
call   13 never executed
    %%%%%:  449-block  3
call   14 never executed
    %%%%%:  449-block  4
call   15 never executed
    %%%%%:  449-block  5
call   16 never executed
        -:  450:            UnitTest::GetInstance()->original_working_dir()),
    #####:  451:        internal::FilePath(kDefaultOutputFile), 0,
call    0 never executed
call    1 never executed
branch  2 never executed
branch  3 never executed
    $$$$$:  451-block  0
call    4 never executed
branch  5 never executed
branch  6 never executed
call    7 never executed
call    8 never executed
call    9 never executed
    %%%%%:  451-block  1
call   10 never executed
    %%%%%:  451-block  2
call   11 never executed
    %%%%%:  451-block  3
call   12 never executed
    %%%%%:  451-block  4
call   13 never executed
    #####:  452:        format.c_str()).string();
    $$$$$:  452-block  0
call    0 never executed
call    1 never executed
branch  2 never executed
branch  3 never executed
    $$$$$:  452-block  1
        -:  453:
    #####:  454:  internal::FilePath output_name(colon + 1);
    $$$$$:  454-block  0
call    0 never executed
call    1 never executed
branch  2 never executed
branch  3 never executed
    $$$$$:  454-block  1
call    4 never executed
branch  5 never executed
branch  6 never executed
    $$$$$:  454-block  2
call    7 never executed
call    8 never executed
    $$$$$:  454-block  3
call    9 never executed
    %%%%%:  454-block  4
call   10 never executed
    %%%%%:  454-block  5
call   11 never executed
    #####:  455:  if (!output_name.IsAbsolutePath())
call    0 never executed
branch  1 never executed
branch  2 never executed
        -:  456:    // TODO(wan@google.com): on Windows \some\path is not an absolute
        -:  457:    // path (as its meaning depends on the current drive), yet the
        -:  458:    // following logic for turning it into an absolute path is wrong.
        -:  459:    // Fix it.
    #####:  460:    output_name = internal::FilePath::ConcatPaths(
    $$$$$:  460-block  0
call    0 never executed
branch  1 never executed
branch  2 never executed
    $$$$$:  460-block  1
call    3 never executed
    %%%%%:  460-block  2
call    4 never executed
    #####:  461:        internal::FilePath(UnitTest::GetInstance()->original_working_dir()),
    $$$$$:  461-block  0
call    0 never executed
call    1 never executed
branch  2 never executed
branch  3 never executed
    $$$$$:  461-block  1
call    4 never executed
call    5 never executed
branch  6 never executed
branch  7 never executed
    $$$$$:  461-block  2
call    8 never executed
branch  9 never executed
branch 10 never executed
call   11 never executed
call   12 never executed
call   13 never executed
    %%%%%:  461-block  3
call   14 never executed
    %%%%%:  461-block  4
call   15 never executed
    %%%%%:  461-block  5
call   16 never executed
    #####:  462:        internal::FilePath(colon + 1));
    $$$$$:  462-block  0
call    0 never executed
call    1 never executed
branch  2 never executed
branch  3 never executed
    $$$$$:  462-block  1
call    4 never executed
branch  5 never executed
branch  6 never executed
    $$$$$:  462-block  2
call    7 never executed
branch  8 never executed
branch  9 never executed
call   10 never executed
call   11 never executed
call   12 never executed
    %%%%%:  462-block  3
call   13 never executed
    %%%%%:  462-block  4
call   14 never executed
    %%%%%:  462-block  5
call   15 never executed
    %%%%%:  462-block  6
call   16 never executed
        -:  463:
    #####:  464:  if (!output_name.IsDirectory())
    $$$$$:  464-block  0
call    0 never executed
branch  1 never executed
branch  2 never executed
    #####:  465:    return output_name.string();
    $$$$$:  465-block  0
call    0 never executed
call    1 never executed
branch  2 never executed
branch  3 never executed
    $$$$$:  465-block  1
        -:  466:
        -:  467:  internal::FilePath result(internal::FilePath::GenerateUniqueFileName(
    #####:  468:      output_name, internal::GetCurrentExecutableName(),
call    0 never executed
branch  1 never executed
branch  2 never executed
    %%%%%:  468-block  0
call    3 never executed
    #####:  469:      GetOutputFormat().c_str()));
    $$$$$:  469-block  0
call    0 never executed
branch  1 never executed
branch  2 never executed
    $$$$$:  469-block  1
call    3 never executed
    $$$$$:  469-block  2
call    4 never executed
branch  5 never executed
branch  6 never executed
    $$$$$:  469-block  3
call    7 never executed
call    8 never executed
    $$$$$:  469-block  4
call    9 never executed
    %%%%%:  469-block  5
call   10 never executed
    #####:  470:  return result.string();
call    0 never executed
call    1 never executed
branch  2 never executed
branch  3 never executed
    $$$$$:  470-block  0
        -:  471:}
        -:  472:
        -:  473:// Returns true iff the wildcard pattern matches the string.  The
        -:  474:// first ':' or '\0' character in pattern marks the end of it.
        -:  475://
        -:  476:// This recursive algorithm isn't very efficient, but is clear and
        -:  477:// works well enough for matching test names, which are short.
function _ZN7testing8internal15UnitTestOptions20PatternMatchesStringEPKcS3_ called 6245 returned 100% blocks executed 70%
     6245:  478:bool UnitTestOptions::PatternMatchesString(const char *pattern,
     6245:  478-block  0
        -:  479:                                           const char *str) {
     6245:  480:  switch (*pattern) {
     6245:  480-block  0
branch  0 taken 72
branch  1 taken 0
branch  2 taken 3882
branch  3 taken 2291
        -:  481:    case '\0':
        -:  482:    case ':':  // Either ':' or '\0' marks the end of the pattern.
       72:  483:      return *str == '\0';
       72:  483-block  0
        -:  484:    case '?':  // Matches any single character.
    #####:  485:      return *str != '\0' && PatternMatchesString(pattern + 1, str + 1);
    $$$$$:  485-block  0
branch  0 never executed
branch  1 never executed
    $$$$$:  485-block  1
call    2 never executed
branch  3 never executed
branch  4 never executed
    $$$$$:  485-block  2
    $$$$$:  485-block  3
    $$$$$:  485-block  4
        -:  486:    case '*':  // Matches any string (possibly empty) of characters.
     6131:  487:      return (*str != '\0' && PatternMatchesString(pattern, str + 1)) ||
     3882:  487-block  0
branch  0 taken 3752 (fallthrough)
branch  1 taken 130
     3752:  487-block  1
call    2 returned 3752
branch  3 taken 2119 (fallthrough)
branch  4 taken 1633
branch  5 taken 36 (fallthrough)
branch  6 taken 2213
     1669:  487-block  2
     2213:  487-block  3
     6131:  488:          PatternMatchesString(pattern + 1, str);
     2249:  488-block  0
call    0 returned 2249
     3882:  488-block  1
        -:  489:    default:  // Non-special character.  Matches itself.
     2297:  490:      return *pattern == *str &&
     2291:  490-block  0
branch  0 taken 6 (fallthrough)
branch  1 taken 2285
branch  2 taken 0 (fallthrough)
branch  3 taken 6
    $$$$$:  490-block  1
     2291:  490-block  2
     2297:  491:          PatternMatchesString(pattern + 1, str + 1);
        6:  491-block  0
call    0 returned 6
     2291:  491-block  1
        -:  492:  }
        -:  493:}
        -:  494:
function _ZN7testing8internal15UnitTestOptions13MatchesFilterERKNSt7__cxx1112basic_stringIcSt11char_traitsIcESaIcEEEPKc called 155 returned 100% blocks executed 100%
      155:  495:bool UnitTestOptions::MatchesFilter(
      155:  495-block  0
        -:  496:    const std::string& name, const char* filter) {
      155:  497:  const char *cur_pattern = filter;
      155:  497-block  0
        -:  498:  for (;;) {
      238:  499:    if (PatternMatchesString(cur_pattern, name.c_str())) {
      238:  499-block  0
call    0 returned 238
call    1 returned 238
branch  2 taken 36 (fallthrough)
branch  3 taken 202
       83:  499-block  1
       36:  500:      return true;
       36:  500-block  0
        -:  501:    }
        -:  502:
        -:  503:    // Finds the next pattern in the filter.
      202:  504:    cur_pattern = strchr(cur_pattern, ':');
        -:  505:
        -:  506:    // Returns if no more pattern can be found.
      202:  507:    if (cur_pattern == NULL) {
      202:  507-block  0
branch  0 taken 119 (fallthrough)
branch  1 taken 83
      119:  508:      return false;
      119:  508-block  0
        -:  509:    }
        -:  510:
        -:  511:    // Skips the pattern separater (the ':' character).
       83:  512:    cur_pattern++;
        -:  513:  }
        -:  514:}
        -:  515:
        -:  516:// Returns true iff the user-specified filter matches the test case
        -:  517:// name and the test name.
function _ZN7testing8internal15UnitTestOptions17FilterMatchesTestERKNSt7__cxx1112basic_stringIcSt11char_traitsIcESaIcEEES9_ called 36 returned 100% blocks executed 48%
       36:  518:bool UnitTestOptions::FilterMatchesTest(const std::string &test_case_name,
       36:  518-block  0
        -:  519:                                        const std::string &test_name) {
       72:  520:  const std::string& full_name = test_case_name + "." + test_name.c_str();
       36:  520-block  0
call    0 returned 36
call    1 returned 36
branch  2 taken 36 (fallthrough)
branch  3 taken 0 (throw)
       36:  520-block  1
call    4 returned 36
branch  5 taken 36 (fallthrough)
branch  6 taken 0 (throw)
       36:  520-block  2
call    7 returned 36
call    8 returned 36
    %%%%%:  520-block  3
call    9 never executed
    %%%%%:  520-block  4
call   10 never executed
        -:  521:
        -:  522:  // Split --gtest_filter at '-', if there is one, to separate into
        -:  523:  // positive filter and negative filter portions
       36:  524:  const char* const p = GTEST_FLAG(filter).c_str();
call    0 returned 36
       36:  525:  const char* const dash = strchr(p, '-');
       72:  526:  std::string positive;
call    0 returned 36
call    1 returned 36
    %%%%%:  526-block  0
call    2 never executed
       72:  527:  std::string negative;
call    0 returned 36
       36:  527-block  0
call    1 returned 36
    %%%%%:  527-block  1
call    2 never executed
       36:  528:  if (dash == NULL) {
branch  0 taken 36 (fallthrough)
branch  1 taken 0
       36:  529:    positive = GTEST_FLAG(filter).c_str();  // Whole string is a positive filter
       36:  529-block  0
call    0 returned 36
call    1 returned 36
branch  2 taken 36 (fallthrough)
branch  3 taken 0 (throw)
       36:  530:    negative = "";
       36:  530-block  0
call    0 returned 36
branch  1 taken 36 (fallthrough)
branch  2 taken 0 (throw)
       36:  530-block  1
        -:  531:  } else {
    #####:  532:    positive = std::string(p, dash);   // Everything up to the dash
    $$$$$:  532-block  0
call    0 never executed
call    1 never executed
branch  2 never executed
branch  3 never executed
    $$$$$:  532-block  1
call    4 never executed
call    5 never executed
call    6 never executed
    %%%%%:  532-block  2
call    7 never executed
    #####:  533:    negative = std::string(dash + 1);  // Everything after the dash
call    0 never executed
call    1 never executed
branch  2 never executed
branch  3 never executed
    $$$$$:  533-block  0
call    4 never executed
call    5 never executed
call    6 never executed
    %%%%%:  533-block  1
call    7 never executed
    #####:  534:    if (positive.empty()) {
call    0 never executed
branch  1 never executed
branch  2 never executed
        -:  535:      // Treat '-test1' as the same as '*-test1'
    #####:  536:      positive = kUniversalFilter;
    $$$$$:  536-block  0
call    0 never executed
branch  1 never executed
branch  2 never executed
    $$$$$:  536-block  1
        -:  537:    }
        -:  538:  }
        -:  539:
        -:  540:  // A filter is a colon-separated list of patterns.  It matches a
        -:  541:  // test if any pattern in it matches the test.
       72:  542:  return (MatchesFilter(full_name, positive.c_str()) &&
       36:  542-block  0
call    0 returned 36
call    1 returned 36
branch  2 taken 36 (fallthrough)
branch  3 taken 0 (throw)
       36:  542-block  1
branch  4 taken 36 (fallthrough)
branch  5 taken 0
       36:  542-block  2
branch  6 taken 36 (fallthrough)
branch  7 taken 0
       36:  542-block  3
    $$$$$:  542-block  4
       72:  543:          !MatchesFilter(full_name, negative.c_str()));
       36:  543-block  0
call    0 returned 36
call    1 returned 36
branch  2 taken 36 (fallthrough)
branch  3 taken 0 (throw)
       36:  543-block  1
        -:  544:}
        -:  545:
        -:  546:#if GTEST_HAS_SEH
        -:  547:// Returns EXCEPTION_EXECUTE_HANDLER if Google Test should handle the
        -:  548:// given SEH exception, or EXCEPTION_CONTINUE_SEARCH otherwise.
        -:  549:// This function is useful as an __except condition.
        -:  550:int UnitTestOptions::GTestShouldProcessSEH(DWORD exception_code) {
        -:  551:  // Google Test should handle a SEH exception if:
        -:  552:  //   1. the user wants it to, AND
        -:  553:  //   2. this is not a breakpoint exception, AND
        -:  554:  //   3. this is not a C++ exception (VC++ implements them via SEH,
        -:  555:  //      apparently).
        -:  556:  //
        -:  557:  // SEH exception code for C++ exceptions.
        -:  558:  // (see http://support.microsoft.com/kb/185294 for more information).
        -:  559:  const DWORD kCxxExceptionCode = 0xe06d7363;
        -:  560:
        -:  561:  bool should_handle = true;
        -:  562:
        -:  563:  if (!GTEST_FLAG(catch_exceptions))
        -:  564:    should_handle = false;
        -:  565:  else if (exception_code == EXCEPTION_BREAKPOINT)
        -:  566:    should_handle = false;
        -:  567:  else if (exception_code == kCxxExceptionCode)
        -:  568:    should_handle = false;
        -:  569:
        -:  570:  return should_handle ? EXCEPTION_EXECUTE_HANDLER : EXCEPTION_CONTINUE_SEARCH;
        -:  571:}
        -:  572:#endif  // GTEST_HAS_SEH
        -:  573:
        -:  574:}  // namespace internal
        -:  575:
        -:  576:// The c'tor sets this object as the test part result reporter used by
        -:  577:// Google Test.  The 'result' parameter specifies where to report the
        -:  578:// results. Intercepts only failures from the current thread.
function _ZN7testing32ScopedFakeTestPartResultReporterC2EPNS_19TestPartResultArrayE called 0 returned 0% blocks executed 0%
    #####:  579:ScopedFakeTestPartResultReporter::ScopedFakeTestPartResultReporter(
    $$$$$:  579-block  0
    #####:  580:    TestPartResultArray* result)
        -:  581:    : intercept_mode_(INTERCEPT_ONLY_CURRENT_THREAD),
    #####:  582:      result_(result) {
    $$$$$:  582-block  0
call    0 never executed
    %%%%%:  582-block  1
call    1 never executed
    #####:  583:  Init();
call    0 never executed
branch  1 never executed
branch  2 never executed
    #####:  584:}
    $$$$$:  584-block  0
        -:  585:
        -:  586:// The c'tor sets this object as the test part result reporter used by
        -:  587:// Google Test.  The 'result' parameter specifies where to report the
        -:  588:// results.
function _ZN7testing32ScopedFakeTestPartResultReporterC2ENS0_13InterceptModeEPNS_19TestPartResultArrayE called 0 returned 0% blocks executed 0%
    #####:  589:ScopedFakeTestPartResultReporter::ScopedFakeTestPartResultReporter(
    $$$$$:  589-block  0
    #####:  590:    InterceptMode intercept_mode, TestPartResultArray* result)
        -:  591:    : intercept_mode_(intercept_mode),
    #####:  592:      result_(result) {
    $$$$$:  592-block  0
call    0 never executed
    %%%%%:  592-block  1
call    1 never executed
    #####:  593:  Init();
call    0 never executed
branch  1 never executed
branch  2 never executed
    #####:  594:}
    $$$$$:  594-block  0
        -:  595:
function _ZN7testing32ScopedFakeTestPartResultReporter4InitEv called 0 returned 0% blocks executed 0%
    #####:  596:void ScopedFakeTestPartResultReporter::Init() {
    $$$$$:  596-block  0
    #####:  597:  internal::UnitTestImpl* const impl = internal::GetUnitTestImpl();
    $$$$$:  597-block  0
call    0 never executed
    #####:  598:  if (intercept_mode_ == INTERCEPT_ALL_THREADS) {
branch  0 never executed
branch  1 never executed
    #####:  599:    old_reporter_ = impl->GetGlobalTestPartResultReporter();
    $$$$$:  599-block  0
call    0 never executed
    #####:  600:    impl->SetGlobalTestPartResultReporter(this);
call    0 never executed
        -:  601:  } else {
    #####:  602:    old_reporter_ = impl->GetTestPartResultReporterForCurrentThread();
    $$$$$:  602-block  0
call    0 never executed
    #####:  603:    impl->SetTestPartResultReporterForCurrentThread(this);
call    0 never executed
        -:  604:  }
    #####:  605:}
        -:  606:
        -:  607:// The d'tor restores the test part result reporter used by Google Test
        -:  608:// before.
function _ZN7testing32ScopedFakeTestPartResultReporterD0Ev called 0 returned 0% blocks executed 0%
function _ZN7testing32ScopedFakeTestPartResultReporterD2Ev called 0 returned 0% blocks executed 0%
    #####:  609:ScopedFakeTestPartResultReporter::~ScopedFakeTestPartResultReporter() {
    $$$$$:  609-block  0
    $$$$$:  609-block  1
    $$$$$:  609-block  2
call    0 never executed
    #####:  610:  internal::UnitTestImpl* const impl = internal::GetUnitTestImpl();
    $$$$$:  610-block  0
call    0 never executed
    #####:  611:  if (intercept_mode_ == INTERCEPT_ALL_THREADS) {
branch  0 never executed
branch  1 never executed
    #####:  612:    impl->SetGlobalTestPartResultReporter(old_reporter_);
    $$$$$:  612-block  0
call    0 never executed
        -:  613:  } else {
    #####:  614:    impl->SetTestPartResultReporterForCurrentThread(old_reporter_);
    $$$$$:  614-block  0
call    0 never executed
        -:  615:  }
    #####:  616:}
    $$$$$:  616-block  0
call    0 never executed
call    1 never executed
        -:  617:
        -:  618:// Increments the test part result count and remembers the result.
        -:  619:// This method is from the TestPartResultReporterInterface interface.
function _ZN7testing32ScopedFakeTestPartResultReporter20ReportTestPartResultERKNS_14TestPartResultE called 0 returned 0% blocks executed 0%
    #####:  620:void ScopedFakeTestPartResultReporter::ReportTestPartResult(
    $$$$$:  620-block  0
        -:  621:    const TestPartResult& result) {
    #####:  622:  result_->Append(result);
    $$$$$:  622-block  0
call    0 never executed
    #####:  623:}
        -:  624:
        -:  625:namespace internal {
        -:  626:
        -:  627:// Returns the type ID of ::testing::Test.  We should always call this
        -:  628:// instead of GetTypeId< ::testing::Test>() to get the type ID of
        -:  629:// testing::Test.  This is to work around a suspected linker bug when
        -:  630:// using Google Test as a framework on Mac OS X.  The bug causes
        -:  631:// GetTypeId< ::testing::Test>() to return different values depending
        -:  632:// on whether the call is from the Google Test framework itself or
        -:  633:// from user test code.  GetTestTypeId() is guaranteed to always
        -:  634:// return the same value, as it always calls GetTypeId<>() from the
        -:  635:// gtest.cc, which is within the Google Test framework.
function _ZN7testing8internal13GetTestTypeIdEv called 37 returned 100% blocks executed 100%
       37:  636:TypeId GetTestTypeId() {
       37:  636-block  0
       37:  637:  return GetTypeId<Test>();
       37:  637-block  0
call    0 returned 37
        -:  638:}
        -:  639:
        -:  640:// The value of GetTestTypeId() as seen from within the Google Test
        -:  641:// library.  This is solely for testing GetTestTypeId().
        1:  642:extern const TypeId kTestTypeIdInGoogleTest = GetTestTypeId();
call    0 returned 1
        -:  643:
        -:  644:// This predicate-formatter checks that 'results' contains a test part
        -:  645:// failure of the given type and that the failure message contains the
        -:  646:// given substring.
function _ZN7testing8internalL13HasOneFailureEPKcS2_S2_RKNS_19TestPartResultArrayENS_14TestPartResult4TypeERKNSt7__cxx1112basic_stringIcSt11char_traitsIcESaIcEEE called 0 returned 0% blocks executed 0%
    #####:  647:static AssertionResult HasOneFailure(const char* /* results_expr */,
    $$$$$:  647-block  0
        -:  648:                                     const char* /* type_expr */,
        -:  649:                                     const char* /* substr_expr */,
        -:  650:                                     const TestPartResultArray& results,
        -:  651:                                     TestPartResult::Type type,
        -:  652:                                     const std::string& substr) {
        -:  653:  const std::string expected(type == TestPartResult::kFatalFailure ?
        -:  654:                        "1 fatal failure" :
    #####:  655:                        "1 non-fatal failure");
    $$$$$:  655-block  0
call    0 never executed
branch  1 never executed
branch  2 never executed
    $$$$$:  655-block  1
    $$$$$:  655-block  2
    $$$$$:  655-block  3
call    3 never executed
branch  4 never executed
branch  5 never executed
    $$$$$:  655-block  4
call    6 never executed
call    7 never executed
    $$$$$:  655-block  5
    %%%%%:  655-block  6
call    8 never executed
    %%%%%:  655-block  7
call    9 never executed
    #####:  656:  Message msg;
call    0 never executed
branch  1 never executed
branch  2 never executed
    $$$$$:  656-block  0
call    3 never executed
    %%%%%:  656-block  1
call    4 never executed
    #####:  657:  if (results.size() != 1) {
    $$$$$:  657-block  0
call    0 never executed
branch  1 never executed
branch  2 never executed
    #####:  658:    msg << "Expected: " << expected << "\n"
call    0 never executed
branch  1 never executed
branch  2 never executed
    $$$$$:  658-block  0
call    3 never executed
branch  4 never executed
branch  5 never executed
    $$$$$:  658-block  1
call    6 never executed
branch  7 never executed
branch  8 never executed
    #####:  659:        << "  Actual: " << results.size() << " failures";
    $$$$$:  659-block  0
call    0 never executed
    $$$$$:  659-block  1
call    1 never executed
branch  2 never executed
branch  3 never executed
    $$$$$:  659-block  2
call    4 never executed
branch  5 never executed
branch  6 never executed
    $$$$$:  659-block  3
call    7 never executed
branch  8 never executed
branch  9 never executed
    %%%%%:  659-block  4
    #####:  660:    for (int i = 0; i < results.size(); i++) {
    $$$$$:  660-block  0
    $$$$$:  660-block  1
call    0 never executed
branch  1 never executed
branch  2 never executed
    $$$$$:  660-block  2
    #####:  661:      msg << "\n" << results.GetTestPartResult(i);
    $$$$$:  661-block  0
call    0 never executed
branch  1 never executed
branch  2 never executed
    $$$$$:  661-block  1
call    3 never executed
branch  4 never executed
branch  5 never executed
    $$$$$:  661-block  2
call    6 never executed
branch  7 never executed
branch  8 never executed
        -:  662:    }
    #####:  663:    return AssertionFailure() << msg;
    $$$$$:  663-block  0
call    0 never executed
branch  1 never executed
branch  2 never executed
    $$$$$:  663-block  1
call    3 never executed
branch  4 never executed
branch  5 never executed
    $$$$$:  663-block  2
call    6 never executed
branch  7 never executed
branch  8 never executed
    $$$$$:  663-block  3
    $$$$$:  663-block  4
call    9 never executed
    %%%%%:  663-block  5
call   10 never executed
        -:  664:  }
        -:  665:
    #####:  666:  const TestPartResult& r = results.GetTestPartResult(0);
    $$$$$:  666-block  0
call    0 never executed
branch  1 never executed
branch  2 never executed
    #####:  667:  if (r.type() != type) {
    $$$$$:  667-block  0
call    0 never executed
branch  1 never executed
branch  2 never executed
    #####:  668:    return AssertionFailure() << "Expected: " << expected << "\n"
    $$$$$:  668-block  0
call    0 never executed
branch  1 never executed
branch  2 never executed
    $$$$$:  668-block  1
call    3 never executed
branch  4 never executed
branch  5 never executed
    $$$$$:  668-block  2
call    6 never executed
branch  7 never executed
branch  8 never executed
    $$$$$:  668-block  3
call    9 never executed
branch 10 never executed
branch 11 never executed
    $$$$$:  668-block  4
call   12 never executed
    %%%%%:  668-block  5
call   13 never executed
    #####:  669:                              << "  Actual:\n"
    $$$$$:  669-block  0
call    0 never executed
branch  1 never executed
branch  2 never executed
    #####:  670:                              << r;
    $$$$$:  670-block  0
call    0 never executed
branch  1 never executed
branch  2 never executed
    $$$$$:  670-block  1
call    3 never executed
branch  4 never executed
branch  5 never executed
    $$$$$:  670-block  2
        -:  671:  }
        -:  672:
    #####:  673:  if (strstr(r.message(), substr.c_str()) == NULL) {
    $$$$$:  673-block  0
call    0 never executed
call    1 never executed
branch  2 never executed
branch  3 never executed
    #####:  674:    return AssertionFailure() << "Expected: " << expected << " containing \""
    $$$$$:  674-block  0
call    0 never executed
branch  1 never executed
branch  2 never executed
    $$$$$:  674-block  1
call    3 never executed
branch  4 never executed
branch  5 never executed
    $$$$$:  674-block  2
call    6 never executed
branch  7 never executed
branch  8 never executed
    $$$$$:  674-block  3
call    9 never executed
branch 10 never executed
branch 11 never executed
    $$$$$:  674-block  4
call   12 never executed
    %%%%%:  674-block  5
call   13 never executed
    #####:  675:                              << substr << "\"\n"
    $$$$$:  675-block  0
call    0 never executed
branch  1 never executed
branch  2 never executed
    $$$$$:  675-block  1
call    3 never executed
branch  4 never executed
branch  5 never executed
    #####:  676:                              << "  Actual:\n"
    $$$$$:  676-block  0
call    0 never executed
branch  1 never executed
branch  2 never executed
    #####:  677:                              << r;
    $$$$$:  677-block  0
call    0 never executed
branch  1 never executed
branch  2 never executed
    $$$$$:  677-block  1
call    3 never executed
branch  4 never executed
branch  5 never executed
    $$$$$:  677-block  2
        -:  678:  }
        -:  679:
    #####:  680:  return AssertionSuccess();
    $$$$$:  680-block  0
call    0 never executed
branch  1 never executed
branch  2 never executed
    $$$$$:  680-block  1
        -:  681:}
        -:  682:
        -:  683:// The constructor of SingleFailureChecker remembers where to look up
        -:  684:// test part results, what type of failure we expect, and what
        -:  685:// substring the failure message should contain.
function _ZN7testing8internal20SingleFailureCheckerC2EPKNS_19TestPartResultArrayENS_14TestPartResult4TypeERKNSt7__cxx1112basic_stringIcSt11char_traitsIcESaIcEEE called 0 returned 0% blocks executed 0%
    #####:  686:SingleFailureChecker::SingleFailureChecker(const TestPartResultArray* results,
    $$$$$:  686-block  0
        -:  687:                                           TestPartResult::Type type,
    #####:  688:                                           const std::string& substr)
    #####:  689:    : results_(results), type_(type), substr_(substr) {}
    $$$$$:  689-block  0
call    0 never executed
        -:  690:
        -:  691:// The destructor of SingleFailureChecker verifies that the given
        -:  692:// TestPartResultArray contains exactly one failure that has the given
        -:  693:// type and contains the given substring.  If that's not the case, a
        -:  694:// non-fatal failure will be generated.
function _ZN7testing8internal20SingleFailureCheckerD2Ev called 0 returned 0% blocks executed 0%
    #####:  695:SingleFailureChecker::~SingleFailureChecker() {
    $$$$$:  695-block  0
call    0 never executed
    #####:  696:  EXPECT_PRED_FORMAT3(HasOneFailure, *results_, type_, substr_);
    $$$$$:  696-block  0
call    0 never executed
call    1 never executed
branch  2 never executed
branch  3 never executed
    $$$$$:  696-block  1
call    4 never executed
call    5 never executed
call    6 never executed
call    7 never executed
call    8 never executed
call    9 never executed
    $$$$$:  696-block  2
call   10 never executed
    #####:  697:}
        -:  698:
function _ZN7testing8internal35DefaultGlobalTestPartResultReporterC2EPNS0_12UnitTestImplE called 1 returned 100% blocks executed 100%
        1:  699:DefaultGlobalTestPartResultReporter::DefaultGlobalTestPartResultReporter(
        1:  699-block  0
        1:  700:    UnitTestImpl* unit_test) : unit_test_(unit_test) {}
        1:  700-block  0
call    0 returned 1
        -:  701:
function _ZN7testing8internal35DefaultGlobalTestPartResultReporter20ReportTestPartResultERKNS_14TestPartResultE called 1 returned 100% blocks executed 100%
        1:  702:void DefaultGlobalTestPartResultReporter::ReportTestPartResult(
        1:  702-block  0
        -:  703:    const TestPartResult& result) {
        1:  704:  unit_test_->current_test_result()->AddTestPartResult(result);
        1:  704-block  0
call    0 returned 1
call    1 returned 1
        1:  705:  unit_test_->listeners()->repeater()->OnTestPartResult(result);
call    0 returned 1
call    1 returned 1
call    2 returned 1
        1:  706:}
        -:  707:
function _ZN7testing8internal38DefaultPerThreadTestPartResultReporterC2EPNS0_12UnitTestImplE called 1 returned 100% blocks executed 100%
        1:  708:DefaultPerThreadTestPartResultReporter::DefaultPerThreadTestPartResultReporter(
        1:  708-block  0
        1:  709:    UnitTestImpl* unit_test) : unit_test_(unit_test) {}
        1:  709-block  0
call    0 returned 1
        -:  710:
function _ZN7testing8internal38DefaultPerThreadTestPartResultReporter20ReportTestPartResultERKNS_14TestPartResultE called 1 returned 100% blocks executed 100%
        1:  711:void DefaultPerThreadTestPartResultReporter::ReportTestPartResult(
        1:  711-block  0
        -:  712:    const TestPartResult& result) {
        1:  713:  unit_test_->GetGlobalTestPartResultReporter()->ReportTestPartResult(result);
        1:  713-block  0
call    0 returned 1
call    1 returned 1
        1:  714:}
        -:  715:
        -:  716:// Returns the global test part result reporter.
        -:  717:TestPartResultReporterInterface*
function _ZN7testing8internal12UnitTestImpl31GetGlobalTestPartResultReporterEv called 1 returned 100% blocks executed 100%
        1:  718:UnitTestImpl::GetGlobalTestPartResultReporter() {
        1:  718-block  0
        1:  719:  internal::MutexLock lock(&global_test_part_result_reporter_mutex_);
        1:  719-block  0
call    0 returned 1
branch  1 taken 1 (fallthrough)
branch  2 taken 0 (throw)
        1:  719-block  1
call    3 returned 1
        1:  720:  return global_test_part_result_repoter_;
        1:  720-block  0
        -:  721:}
        -:  722:
        -:  723:// Sets the global test part result reporter.
function _ZN7testing8internal12UnitTestImpl31SetGlobalTestPartResultReporterEPNS_31TestPartResultReporterInterfaceE called 0 returned 0% blocks executed 0%
    #####:  724:void UnitTestImpl::SetGlobalTestPartResultReporter(
    $$$$$:  724-block  0
        -:  725:    TestPartResultReporterInterface* reporter) {
    #####:  726:  internal::MutexLock lock(&global_test_part_result_reporter_mutex_);
    $$$$$:  726-block  0
call    0 never executed
branch  1 never executed
branch  2 never executed
    $$$$$:  726-block  1
call    3 never executed
    #####:  727:  global_test_part_result_repoter_ = reporter;
    #####:  728:}
        -:  729:
        -:  730:// Returns the test part result reporter for the current thread.
        -:  731:TestPartResultReporterInterface*
function _ZN7testing8internal12UnitTestImpl41GetTestPartResultReporterForCurrentThreadEv called 1 returned 100% blocks executed 100%
        1:  732:UnitTestImpl::GetTestPartResultReporterForCurrentThread() {
        1:  732-block  0
        1:  733:  return per_thread_test_part_result_reporter_.get();
        1:  733-block  0
call    0 returned 1
        -:  734:}
        -:  735:
        -:  736:// Sets the test part result reporter for the current thread.
function _ZN7testing8internal12UnitTestImpl41SetTestPartResultReporterForCurrentThreadEPNS_31TestPartResultReporterInterfaceE called 0 returned 0% blocks executed 0%
    #####:  737:void UnitTestImpl::SetTestPartResultReporterForCurrentThread(
    $$$$$:  737-block  0
        -:  738:    TestPartResultReporterInterface* reporter) {
    #####:  739:  per_thread_test_part_result_reporter_.set(reporter);
    $$$$$:  739-block  0
call    0 never executed
    #####:  740:}
        -:  741:
        -:  742:// Gets the number of successful test cases.
function _ZNK7testing8internal12UnitTestImpl26successful_test_case_countEv called 0 returned 0% blocks executed 0%
    #####:  743:int UnitTestImpl::successful_test_case_count() const {
    $$$$$:  743-block  0
    #####:  744:  return CountIf(test_cases_, TestCasePassed);
    $$$$$:  744-block  0
call    0 never executed
        -:  745:}
        -:  746:
        -:  747:// Gets the number of failed test cases.
function _ZNK7testing8internal12UnitTestImpl22failed_test_case_countEv called 2 returned 100% blocks executed 100%
        2:  748:int UnitTestImpl::failed_test_case_count() const {
        2:  748-block  0
        2:  749:  return CountIf(test_cases_, TestCaseFailed);
        2:  749-block  0
call    0 returned 2
        -:  750:}
        -:  751:
        -:  752:// Gets the number of all test cases.
function _ZNK7testing8internal12UnitTestImpl21total_test_case_countEv called 24 returned 100% blocks executed 100%
       24:  753:int UnitTestImpl::total_test_case_count() const {
       24:  753-block  0
       24:  754:  return static_cast<int>(test_cases_.size());
       24:  754-block  0
call    0 returned 24
        -:  755:}
        -:  756:
        -:  757:// Gets the number of all test cases that contain at least one test
        -:  758:// that should run.
function _ZNK7testing8internal12UnitTestImpl22test_case_to_run_countEv called 2 returned 100% blocks executed 100%
        2:  759:int UnitTestImpl::test_case_to_run_count() const {
        2:  759-block  0
        2:  760:  return CountIf(test_cases_, ShouldRunTestCase);
        2:  760-block  0
call    0 returned 2
        -:  761:}
        -:  762:
        -:  763:// Gets the number of successful tests.
function _ZNK7testing8internal12UnitTestImpl21successful_test_countEv called 1 returned 100% blocks executed 100%
        1:  764:int UnitTestImpl::successful_test_count() const {
        1:  764-block  0
        1:  765:  return SumOverTestCaseList(test_cases_, &TestCase::successful_test_count);
        1:  765-block  0
call    0 returned 1
        -:  766:}
        -:  767:
        -:  768:// Gets the number of failed tests.
function _ZNK7testing8internal12UnitTestImpl17failed_test_countEv called 3 returned 100% blocks executed 100%
        3:  769:int UnitTestImpl::failed_test_count() const {
        3:  769-block  0
        3:  770:  return SumOverTestCaseList(test_cases_, &TestCase::failed_test_count);
        3:  770-block  0
call    0 returned 3
        -:  771:}
        -:  772:
        -:  773:// Gets the number of disabled tests that will be reported in the XML report.
function _ZNK7testing8internal12UnitTestImpl30reportable_disabled_test_countEv called 1 returned 100% blocks executed 100%
        1:  774:int UnitTestImpl::reportable_disabled_test_count() const {
        1:  774-block  0
        1:  775:  return SumOverTestCaseList(test_cases_,
        1:  776:                             &TestCase::reportable_disabled_test_count);
        1:  776-block  0
call    0 returned 1
        -:  777:}
        -:  778:
        -:  779:// Gets the number of disabled tests.
function _ZNK7testing8internal12UnitTestImpl19disabled_test_countEv called 0 returned 0% blocks executed 0%
    #####:  780:int UnitTestImpl::disabled_test_count() const {
    $$$$$:  780-block  0
    #####:  781:  return SumOverTestCaseList(test_cases_, &TestCase::disabled_test_count);
    $$$$$:  781-block  0
call    0 never executed
        -:  782:}
        -:  783:
        -:  784:// Gets the number of tests to be printed in the XML report.
function _ZNK7testing8internal12UnitTestImpl21reportable_test_countEv called 0 returned 0% blocks executed 0%
    #####:  785:int UnitTestImpl::reportable_test_count() const {
    $$$$$:  785-block  0
    #####:  786:  return SumOverTestCaseList(test_cases_, &TestCase::reportable_test_count);
    $$$$$:  786-block  0
call    0 never executed
        -:  787:}
        -:  788:
        -:  789:// Gets the number of all tests.
function _ZNK7testing8internal12UnitTestImpl16total_test_countEv called 0 returned 0% blocks executed 0%
    #####:  790:int UnitTestImpl::total_test_count() const {
    $$$$$:  790-block  0
    #####:  791:  return SumOverTestCaseList(test_cases_, &TestCase::total_test_count);
    $$$$$:  791-block  0
call    0 never executed
        -:  792:}
        -:  793:
        -:  794:// Gets the number of tests that should run.
function _ZNK7testing8internal12UnitTestImpl17test_to_run_countEv called 2 returned 100% blocks executed 100%
        2:  795:int UnitTestImpl::test_to_run_count() const {
        2:  795-block  0
        2:  796:  return SumOverTestCaseList(test_cases_, &TestCase::test_to_run_count);
        2:  796-block  0
call    0 returned 2
        -:  797:}
        -:  798:
        -:  799:// Returns the current OS stack trace as an std::string.
        -:  800://
        -:  801:// The maximum number of stack frames to be included is specified by
        -:  802:// the gtest_stack_trace_depth flag.  The skip_count parameter
        -:  803:// specifies the number of top frames to be skipped, which doesn't
        -:  804:// count against the number of frames to be included.
        -:  805://
        -:  806:// For example, if Foo() calls Bar(), which in turn calls
        -:  807:// CurrentOsStackTraceExceptTop(1), Foo() will be included in the
        -:  808:// trace but Bar() and CurrentOsStackTraceExceptTop() won't.
function _ZN7testing8internal12UnitTestImpl28CurrentOsStackTraceExceptTopB5cxx11Ei called 1 returned 100% blocks executed 100%
        1:  809:std::string UnitTestImpl::CurrentOsStackTraceExceptTop(int skip_count) {
        1:  809-block  0
        1:  810:  return os_stack_trace_getter()->CurrentStackTrace(
        1:  810-block  0
call    0 returned 1
        -:  811:      static_cast<int>(GTEST_FLAG(stack_trace_depth)),
        -:  812:      skip_count + 1
        -:  813:      // Skips the user-specified number of frames plus this function
        -:  814:      // itself.
        1:  815:      );  // NOLINT
call    0 returned 1
        -:  816:}
        -:  817:
        -:  818:// Returns the current time in milliseconds.
function _ZN7testing8internal15GetTimeInMillisEv called 97 returned 100% blocks executed 100%
       97:  819:TimeInMillis GetTimeInMillis() {
       97:  819-block  0
        -:  820:#if GTEST_OS_WINDOWS_MOBILE || defined(__BORLANDC__)
        -:  821:  // Difference between 1970-01-01 and 1601-01-01 in milliseconds.
        -:  822:  // http://analogous.blogspot.com/2005/04/epoch.html
        -:  823:  const TimeInMillis kJavaEpochToWinFileTimeDelta =
        -:  824:    static_cast<TimeInMillis>(116444736UL) * 100000UL;
        -:  825:  const DWORD kTenthMicrosInMilliSecond = 10000;
        -:  826:
        -:  827:  SYSTEMTIME now_systime;
        -:  828:  FILETIME now_filetime;
        -:  829:  ULARGE_INTEGER now_int64;
        -:  830:  // TODO(kenton@google.com): Shouldn't this just use
        -:  831:  //   GetSystemTimeAsFileTime()?
        -:  832:  GetSystemTime(&now_systime);
        -:  833:  if (SystemTimeToFileTime(&now_systime, &now_filetime)) {
        -:  834:    now_int64.LowPart = now_filetime.dwLowDateTime;
        -:  835:    now_int64.HighPart = now_filetime.dwHighDateTime;
        -:  836:    now_int64.QuadPart = (now_int64.QuadPart / kTenthMicrosInMilliSecond) -
        -:  837:      kJavaEpochToWinFileTimeDelta;
        -:  838:    return now_int64.QuadPart;
        -:  839:  }
        -:  840:  return 0;
        -:  841:#elif GTEST_OS_WINDOWS && !GTEST_HAS_GETTIMEOFDAY_
        -:  842:  __timeb64 now;
        -:  843:
        -:  844:  // MSVC 8 deprecates _ftime64(), so we want to suppress warning 4996
        -:  845:  // (deprecated function) there.
        -:  846:  // TODO(kenton@google.com): Use GetTickCount()?  Or use
        -:  847:  //   SystemTimeToFileTime()
        -:  848:  GTEST_DISABLE_MSC_WARNINGS_PUSH_(4996)
        -:  849:  _ftime64(&now);
        -:  850:  GTEST_DISABLE_MSC_WARNINGS_POP_()
        -:  851:
        -:  852:  return static_cast<TimeInMillis>(now.time) * 1000 + now.millitm;
        -:  853:#elif GTEST_HAS_GETTIMEOFDAY_
        -:  854:  struct timeval now;
       97:  855:  gettimeofday(&now, NULL);
       97:  855-block  0
call    0 returned 97
       97:  856:  return static_cast<TimeInMillis>(now.tv_sec) * 1000 + now.tv_usec / 1000;
        -:  857:#else
        -:  858:# error "Don't know how to get the current time on your system."
        -:  859:#endif
        -:  860:}
        -:  861:
        -:  862:// Utilities
        -:  863:
        -:  864:// class String.
        -:  865:
        -:  866:#if GTEST_OS_WINDOWS_MOBILE
        -:  867:// Creates a UTF-16 wide string from the given ANSI string, allocating
        -:  868:// memory using new. The caller is responsible for deleting the return
        -:  869:// value using delete[]. Returns the wide string, or NULL if the
        -:  870:// input is NULL.
        -:  871:LPCWSTR String::AnsiToUtf16(const char* ansi) {
        -:  872:  if (!ansi) return NULL;
        -:  873:  const int length = strlen(ansi);
        -:  874:  const int unicode_length =
        -:  875:      MultiByteToWideChar(CP_ACP, 0, ansi, length,
        -:  876:                          NULL, 0);
        -:  877:  WCHAR* unicode = new WCHAR[unicode_length + 1];
        -:  878:  MultiByteToWideChar(CP_ACP, 0, ansi, length,
        -:  879:                      unicode, unicode_length);
        -:  880:  unicode[unicode_length] = 0;
        -:  881:  return unicode;
        -:  882:}
        -:  883:
        -:  884:// Creates an ANSI string from the given wide string, allocating
        -:  885:// memory using new. The caller is responsible for deleting the return
        -:  886:// value using delete[]. Returns the ANSI string, or NULL if the
        -:  887:// input is NULL.
        -:  888:const char* String::Utf16ToAnsi(LPCWSTR utf16_str)  {
        -:  889:  if (!utf16_str) return NULL;
        -:  890:  const int ansi_length =
        -:  891:      WideCharToMultiByte(CP_ACP, 0, utf16_str, -1,
        -:  892:                          NULL, 0, NULL, NULL);
        -:  893:  char* ansi = new char[ansi_length + 1];
        -:  894:  WideCharToMultiByte(CP_ACP, 0, utf16_str, -1,
        -:  895:                      ansi, ansi_length, NULL, NULL);
        -:  896:  ansi[ansi_length] = 0;
        -:  897:  return ansi;
        -:  898:}
        -:  899:
        -:  900:#endif  // GTEST_OS_WINDOWS_MOBILE
        -:  901:
        -:  902:// Compares two C strings.  Returns true iff they have the same content.
        -:  903://
        -:  904:// Unlike strcmp(), this function can handle NULL argument(s).  A NULL
        -:  905:// C string is considered different to any non-NULL C string,
        -:  906:// including the empty string.
function _ZN7testing8internal6String13CStringEqualsEPKcS3_ called 2 returned 100% blocks executed 67%
[...]
branch  2 never executed
    #####: 5659:      ParseInt32Flag(arg, kStackTraceDepthFlag,
    $$$$$: 5659-block  0
call    0 never executed
    #####: 5660:                     &GTEST_FLAG(stack_trace_depth)) ||
branch  0 never executed
branch  1 never executed
    #####: 5661:      ParseStringFlag(arg, kStreamResultToFlag,
    $$$$$: 5661-block  0
call    0 never executed
        2: 5662:                      &GTEST_FLAG(stream_result_to)) ||
branch  0 taken 1 (fallthrough)
branch  1 taken 0
branch  2 never executed
branch  3 never executed
        1: 5662-block  0
    $$$$$: 5662-block  1
    #####: 5663:      ParseBoolFlag(arg, kThrowOnFailureFlag,
    $$$$$: 5663-block  0
call    0 never executed
        1: 5664:                    &GTEST_FLAG(throw_on_failure));
        1: 5664-block  0
        -: 5665:}
        -: 5666:
        -: 5667:#if GTEST_USE_OWN_FLAGFILE_FLAG_
function _ZN7testing8internalL17LoadFlagsFromFileERKNSt7__cxx1112basic_stringIcSt11char_traitsIcESaIcEEE called 0 returned 0% blocks executed 0%
    #####: 5668:static void LoadFlagsFromFile(const std::string& path) {
    $$$$$: 5668-block  0
    #####: 5669:  FILE* flagfile = posix::FOpen(path.c_str(), "r");
    $$$$$: 5669-block  0
call    0 never executed
call    1 never executed
    #####: 5670:  if (!flagfile) {
branch  0 never executed
branch  1 never executed
    #####: 5671:    GTEST_LOG_(FATAL) << "Unable to open file \"" << GTEST_FLAG(flagfile)
    $$$$$: 5671-block  0
call    0 never executed
branch  1 never executed
branch  2 never executed
    $$$$$: 5671-block  1
call    3 never executed
    $$$$$: 5671-block  2
call    4 never executed
    %%%%%: 5671-block  3
call    5 never executed
    #####: 5672:                      << "\"";
call    0 never executed
branch  1 never executed
branch  2 never executed
    $$$$$: 5672-block  0
call    3 never executed
branch  4 never executed
branch  5 never executed
    $$$$$: 5672-block  1
call    6 never executed
branch  7 never executed
branch  8 never executed
        -: 5673:  }
    #####: 5674:  std::string contents(ReadEntireFile(flagfile));
    $$$$$: 5674-block  0
call    0 never executed
branch  1 never executed
branch  2 never executed
call    3 never executed
    %%%%%: 5674-block  1
call    4 never executed
    #####: 5675:  posix::FClose(flagfile);
    $$$$$: 5675-block  0
call    0 never executed
    #####: 5676:  std::vector<std::string> lines;
call    0 never executed
    $$$$$: 5676-block  0
call    1 never executed
    %%%%%: 5676-block  1
call    2 never executed
    #####: 5677:  SplitString(contents, '\n', &lines);
call    0 never executed
branch  1 never executed
branch  2 never executed
    #####: 5678:  for (size_t i = 0; i < lines.size(); ++i) {
    $$$$$: 5678-block  0
    $$$$$: 5678-block  1
call    0 never executed
branch  1 never executed
branch  2 never executed
    $$$$$: 5678-block  2
    #####: 5679:    if (lines[i].empty())
    $$$$$: 5679-block  0
call    0 never executed
call    1 never executed
branch  2 never executed
branch  3 never executed
    #####: 5680:      continue;
    $$$$$: 5680-block  0
    #####: 5681:    if (!ParseGoogleTestFlag(lines[i].c_str()))
    $$$$$: 5681-block  0
call    0 never executed
call    1 never executed
call    2 never executed
branch  3 never executed
branch  4 never executed
    $$$$$: 5681-block  1
branch  5 never executed
branch  6 never executed
    #####: 5682:      g_help_flag = true;
    $$$$$: 5682-block  0
        -: 5683:  }
    #####: 5684:}
        -: 5685:#endif  // GTEST_USE_OWN_FLAGFILE_FLAG_
        -: 5686:
        -: 5687:// Parses the command line for Google Test flags, without initializing
        -: 5688:// other parts of Google Test.  The type parameter CharType can be
        -: 5689:// instantiated to either char or wchar_t.
        -: 5690:template <typename CharType>
function _ZN7testing8internal28ParseGoogleTestFlagsOnlyImplIwEEvPiPPT_ called 0 returned 0% blocks executed 0%
function _ZN7testing8internal28ParseGoogleTestFlagsOnlyImplIcEEvPiPPT_ called 1 returned 100% blocks executed 45%
        1: 5691:void ParseGoogleTestFlagsOnlyImpl(int* argc, CharType** argv) {
    $$$$$: 5691-block  0
        1: 5691-block  1
        2: 5692:  for (int i = 1; i < *argc; i++) {
    $$$$$: 5692-block  0
    $$$$$: 5692-block  1
branch  0 never executed
branch  1 never executed
        1: 5692-block  2
        2: 5692-block  3
branch  2 taken 1 (fallthrough)
branch  3 taken 1
        2: 5693:    const std::string arg_string = StreamableToString(argv[i]);
    $$$$$: 5693-block  0
call    0 never executed
branch  1 never executed
branch  2 never executed
    $$$$$: 5693-block  1
call    3 never executed
    %%%%%: 5693-block  2
call    4 never executed
        1: 5693-block  3
call    5 returned 1
branch  6 taken 1 (fallthrough)
branch  7 taken 0 (throw)
        1: 5693-block  4
call    8 returned 1
    %%%%%: 5693-block  5
call    9 never executed
        1: 5694:    const char* const arg = arg_string.c_str();
    $$$$$: 5694-block  0
call    0 never executed
        1: 5694-block  1
call    1 returned 1
        -: 5695:
        -: 5696:    using internal::ParseBoolFlag;
        -: 5697:    using internal::ParseInt32Flag;
        -: 5698:    using internal::ParseStringFlag;
        -: 5699:
        1: 5700:    bool remove_flag = false;
        1: 5701:    if (ParseGoogleTestFlag(arg)) {
call    0 never executed
branch  1 never executed
branch  2 never executed
    $$$$$: 5701-block  0
branch  3 never executed
branch  4 never executed
call    5 returned 1
branch  6 taken 1 (fallthrough)
branch  7 taken 0 (throw)
        1: 5701-block  1
branch  8 taken 1 (fallthrough)
branch  9 taken 0
        1: 5702:      remove_flag = true;
    $$$$$: 5702-block  0
        1: 5702-block  1
        -: 5703:#if GTEST_USE_OWN_FLAGFILE_FLAG_
    #####: 5704:    } else if (ParseStringFlag(arg, kFlagfileFlag, &GTEST_FLAG(flagfile))) {
    $$$$$: 5704-block  0
call    0 never executed
branch  1 never executed
branch  2 never executed
    $$$$$: 5704-block  1
branch  3 never executed
branch  4 never executed
    $$$$$: 5704-block  2
call    5 never executed
branch  6 never executed
branch  7 never executed
    $$$$$: 5704-block  3
branch  8 never executed
branch  9 never executed
    #####: 5705:      LoadFlagsFromFile(GTEST_FLAG(flagfile));
    $$$$$: 5705-block  0
call    0 never executed
branch  1 never executed
branch  2 never executed
    $$$$$: 5705-block  1
call    3 never executed
branch  4 never executed
branch  5 never executed
    #####: 5706:      remove_flag = true;
    $$$$$: 5706-block  0
    $$$$$: 5706-block  1
        -: 5707:#endif  // GTEST_USE_OWN_FLAGFILE_FLAG_
    #####: 5708:    } else if (arg_string == "--help" || arg_string == "-h" ||
    $$$$$: 5708-block  0
call    0 never executed
branch  1 never executed
branch  2 never executed
    $$$$$: 5708-block  1
call    3 never executed
branch  4 never executed
branch  5 never executed
    $$$$$: 5708-block  2
branch  6 never executed
branch  7 never executed
    $$$$$: 5708-block  3
branch  8 never executed
branch  9 never executed
    $$$$$: 5708-block  4
branch 10 never executed
branch 11 never executed
    $$$$$: 5708-block  5
call   12 never executed
branch 13 never executed
branch 14 never executed
    $$$$$: 5708-block  6
call   15 never executed
branch 16 never executed
branch 17 never executed
    $$$$$: 5708-block  7
branch 18 never executed
branch 19 never executed
    $$$$$: 5708-block  8
branch 20 never executed
branch 21 never executed
    $$$$$: 5708-block  9
branch 22 never executed
branch 23 never executed
    #####: 5709:               arg_string == "-?" || arg_string == "/?" ||
    $$$$$: 5709-block  0
branch  0 never executed
branch  1 never executed
    $$$$$: 5709-block  1
call    2 never executed
branch  3 never executed
branch  4 never executed
    $$$$$: 5709-block  2
call    5 never executed
branch  6 never executed
branch  7 never executed
    $$$$$: 5709-block  3
branch  8 never executed
branch  9 never executed
branch 10 never executed
branch 11 never executed
    $$$$$: 5709-block  4
    $$$$$: 5709-block  5
    $$$$$: 5709-block  6
branch 12 never executed
branch 13 never executed
    $$$$$: 5709-block  7
call   14 never executed
branch 15 never executed
branch 16 never executed
    $$$$$: 5709-block  8
call   17 never executed
branch 18 never executed
branch 19 never executed
    $$$$$: 5709-block  9
branch 20 never executed
branch 21 never executed
branch 22 never executed
branch 23 never executed
    $$$$$: 5709-block 10
    $$$$$: 5709-block 11
    #####: 5710:               HasGoogleTestFlagPrefix(arg)) {
    $$$$$: 5710-block  0
call    0 never executed
    $$$$$: 5710-block  1
call    1 never executed
        -: 5711:      // Both help flag and unrecognized Google Test flags (excluding
        -: 5712:      // internal ones) trigger help display.
    #####: 5713:      g_help_flag = true;
    $$$$$: 5713-block  0
    $$$$$: 5713-block  1
        -: 5714:    }
        -: 5715:
        1: 5716:    if (remove_flag) {
    $$$$$: 5716-block  0
branch  0 never executed
branch  1 never executed
        1: 5716-block  1
branch  2 taken 1 (fallthrough)
branch  3 taken 0
        -: 5717:      // Shift the remainder of the argv list left by one.  Note
        -: 5718:      // that argv has (*argc + 1) elements, the last one always being
        -: 5719:      // NULL.  The following loop moves the trailing NULL element as
        -: 5720:      // well.
        2: 5721:      for (int j = i; j != *argc; j++) {
    $$$$$: 5721-block  0
    $$$$$: 5721-block  1
branch  0 never executed
branch  1 never executed
    $$$$$: 5721-block  2
        1: 5721-block  3
        2: 5721-block  4
branch  2 taken 1 (fallthrough)
branch  3 taken 1
        1: 5721-block  5
        1: 5722:        argv[j] = argv[j + 1];
        -: 5723:      }
        -: 5724:
        -: 5725:      // Decrements the argument count.
        1: 5726:      (*argc)--;
        -: 5727:
        -: 5728:      // We also need to decrement the iterator as we just removed
        -: 5729:      // an element.
        1: 5730:      i--;
    $$$$$: 5730-block  0
        1: 5730-block  1
        -: 5731:    }
        -: 5732:  }
        -: 5733:
        1: 5734:  if (g_help_flag) {
    $$$$$: 5734-block  0
branch  0 never executed
branch  1 never executed
        1: 5734-block  1
branch  2 taken 0 (fallthrough)
branch  3 taken 1
        -: 5735:    // We print the help here instead of in RUN_ALL_TESTS(), as the
        -: 5736:    // latter may not be called at all if the user is using Google
        -: 5737:    // Test with another testing framework.
    #####: 5738:    PrintColorEncoded(kColorEncodedHelpMessage);
    $$$$$: 5738-block  0
call    0 never executed
    $$$$$: 5738-block  1
call    1 never executed
        -: 5739:  }
        1: 5740:}
    $$$$$: 5740-block  0
        1: 5740-block  1
        -: 5741:
        -: 5742:// Parses the command line for Google Test flags, without initializing
        -: 5743:// other parts of Google Test.
function _ZN7testing8internal24ParseGoogleTestFlagsOnlyEPiPPc called 1 returned 100% blocks executed 100%
        1: 5744:void ParseGoogleTestFlagsOnly(int* argc, char** argv) {
        1: 5744-block  0
        1: 5745:  ParseGoogleTestFlagsOnlyImpl(argc, argv);
        1: 5745-block  0
call    0 returned 1
        1: 5746:}
function _ZN7testing8internal24ParseGoogleTestFlagsOnlyEPiPPw called 0 returned 0% blocks executed 0%
    #####: 5747:void ParseGoogleTestFlagsOnly(int* argc, wchar_t** argv) {
    $$$$$: 5747-block  0
    #####: 5748:  ParseGoogleTestFlagsOnlyImpl(argc, argv);
    $$$$$: 5748-block  0
call    0 never executed
    #####: 5749:}
        -: 5750:
        -: 5751:// The internal implementation of InitGoogleTest().
        -: 5752://
        -: 5753:// The type parameter CharType can be instantiated to either char or
        -: 5754:// wchar_t.
        -: 5755:template <typename CharType>
function _ZN7testing8internal18InitGoogleTestImplIwEEvPiPPT_ called 0 returned 0% blocks executed 0%
function _ZN7testing8internal18InitGoogleTestImplIcEEvPiPPT_ called 1 returned 100% blocks executed 83%
        1: 5756:void InitGoogleTestImpl(int* argc, CharType** argv) {
    $$$$$: 5756-block  0
        1: 5756-block  1
        -: 5757:  // We don't want to run the initialization code twice.
        1: 5758:  if (GTestIsInitialized()) return;
    $$$$$: 5758-block  0
call    0 never executed
branch  1 never executed
branch  2 never executed
    $$$$$: 5758-block  1
        1: 5758-block  2
call    3 returned 1
branch  4 taken 0 (fallthrough)
branch  5 taken 1
    $$$$$: 5758-block  3
        -: 5759:
        1: 5760:  if (*argc <= 0) return;
    $$$$$: 5760-block  0
branch  0 never executed
branch  1 never executed
    $$$$$: 5760-block  1
        1: 5760-block  2
branch  2 taken 0 (fallthrough)
branch  3 taken 1
    $$$$$: 5760-block  3
        -: 5761:
        1: 5762:  g_argvs.clear();
    $$$$$: 5762-block  0
call    0 never executed
        1: 5762-block  1
call    1 returned 1
        3: 5763:  for (int i = 0; i != *argc; i++) {
    $$$$$: 5763-block  0
branch  0 never executed
branch  1 never executed
        3: 5763-block  1
branch  2 taken 2 (fallthrough)
branch  3 taken 1
        2: 5764:    g_argvs.push_back(StreamableToString(argv[i]));
    $$$$$: 5764-block  0
call    0 never executed
call    1 never executed
branch  2 never executed
branch  3 never executed
    $$$$$: 5764-block  1
call    4 never executed
    %%%%%: 5764-block  2
call    5 never executed
        2: 5764-block  3
call    6 returned 2
call    7 returned 2
branch  8 taken 2 (fallthrough)
branch  9 taken 0 (throw)
        2: 5764-block  4
call   10 returned 2
    %%%%%: 5764-block  5
call   11 never executed
        -: 5765:  }
        -: 5766:
        1: 5767:  ParseGoogleTestFlagsOnly(argc, argv);
    $$$$$: 5767-block  0
call    0 never executed
        1: 5767-block  1
call    1 returned 1
        1: 5768:  GetUnitTestImpl()->PostFlagParsingInit();
call    0 never executed
call    1 never executed
    $$$$$: 5768-block  0
call    2 returned 1
call    3 returned 1
        1: 5768-block  1
        -: 5769:}
        -: 5770:
        -: 5771:}  // namespace internal
        -: 5772:
        -: 5773:// Initializes Google Test.  This must be called before calling
        -: 5774:// RUN_ALL_TESTS().  In particular, it parses a command line for the
        -: 5775:// flags that Google Test recognizes.  Whenever a Google Test flag is
        -: 5776:// seen, it is removed from argv, and *argc is decremented.
        -: 5777://
        -: 5778:// No value is returned.  Instead, the Google Test flag variables are
        -: 5779:// updated.
        -: 5780://
        -: 5781:// Calling the function for the second time has no user-visible effect.
function _ZN7testing14InitGoogleTestEPiPPc called 1 returned 100% blocks executed 100%
        1: 5782:void InitGoogleTest(int* argc, char** argv) {
        1: 5782-block  0
        -: 5783:#if defined(GTEST_CUSTOM_INIT_GOOGLE_TEST_FUNCTION_)
        -: 5784:  GTEST_CUSTOM_INIT_GOOGLE_TEST_FUNCTION_(argc, argv);
        -: 5785:#else  // defined(GTEST_CUSTOM_INIT_GOOGLE_TEST_FUNCTION_)
        1: 5786:  internal::InitGoogleTestImpl(argc, argv);
        1: 5786-block  0
call    0 returned 1
        -: 5787:#endif  // defined(GTEST_CUSTOM_INIT_GOOGLE_TEST_FUNCTION_)
        1: 5788:}
        -: 5789:
        -: 5790:// This overloaded version can be used in Windows programs compiled in
        -: 5791:// UNICODE mode.
function _ZN7testing14InitGoogleTestEPiPPw called 0 returned 0% blocks executed 0%
    #####: 5792:void InitGoogleTest(int* argc, wchar_t** argv) {
    $$$$$: 5792-block  0
        -: 5793:#if defined(GTEST_CUSTOM_INIT_GOOGLE_TEST_FUNCTION_)
        -: 5794:  GTEST_CUSTOM_INIT_GOOGLE_TEST_FUNCTION_(argc, argv);
        -: 5795:#else  // defined(GTEST_CUSTOM_INIT_GOOGLE_TEST_FUNCTION_)
    #####: 5796:  internal::InitGoogleTestImpl(argc, argv);
    $$$$$: 5796-block  0
call    0 never executed
        -: 5797:#endif  // defined(GTEST_CUSTOM_INIT_GOOGLE_TEST_FUNCTION_)
    #####: 5798:}
        -: 5799:
function _ZN7testing7TempDirB5cxx11Ev called 0 returned 0% blocks executed 0%
    #####: 5800:std::string TempDir() {
    $$$$$: 5800-block  0
        -: 5801:#if defined(GTEST_CUSTOM_TEMPDIR_FUNCTION_)
        -: 5802:  return GTEST_CUSTOM_TEMPDIR_FUNCTION_();
        -: 5803:#endif
        -: 5804:
        -: 5805:#if GTEST_OS_WINDOWS_MOBILE
        -: 5806:  return "\\temp\\";
        -: 5807:#elif GTEST_OS_WINDOWS
    #####: 5808:  const char* temp_dir = internal::posix::GetEnv("TEMP");
    $$$$$: 5808-block  0
call    0 never executed
    #####: 5809:  if (temp_dir == NULL || temp_dir[0] == '\0')
branch  0 never executed
branch  1 never executed
    $$$$$: 5809-block  0
branch  2 never executed
branch  3 never executed
    #####: 5810:    return "\\temp\\";
    $$$$$: 5810-block  0
call    0 never executed
call    1 never executed
branch  2 never executed
branch  3 never executed
    $$$$$: 5810-block  1
call    4 never executed
    %%%%%: 5810-block  2
call    5 never executed
call    6 never executed
    #####: 5811:  else if (temp_dir[strlen(temp_dir) - 1] == '\\')
    $$$$$: 5811-block  0
branch  0 never executed
branch  1 never executed
    #####: 5812:    return temp_dir;
    $$$$$: 5812-block  0
call    0 never executed
call    1 never executed
branch  2 never executed
branch  3 never executed
    $$$$$: 5812-block  1
call    4 never executed
    %%%%%: 5812-block  2
call    5 never executed
call    6 never executed
        -: 5813:  else
    #####: 5814:    return std::string(temp_dir) + "\\";
    $$$$$: 5814-block  0
call    0 never executed
call    1 never executed
branch  2 never executed
branch  3 never executed
    $$$$$: 5814-block  1
call    4 never executed
branch  5 never executed
branch  6 never executed
    $$$$$: 5814-block  2
    $$$$$: 5814-block  3
call    7 never executed
call    8 never executed
    $$$$$: 5814-block  4
    %%%%%: 5814-block  5
call    9 never executed
    %%%%%: 5814-block  6
call   10 never executed
        -: 5815:#elif GTEST_OS_LINUX_ANDROID
        -: 5816:  return "/sdcard/";
        -: 5817:#else
        -: 5818:  return "/tmp/";
        -: 5819:#endif  // GTEST_OS_WINDOWS_MOBILE
        -: 5820:}
        -: 5821:
        -: 5822:// Class ScopedTrace
        -: 5823:
        -: 5824:// Pushes the given source file location and message onto a per-thread
        -: 5825:// trace stack maintained by Google Test.
function _ZN7testing11ScopedTrace9PushTraceEPKciNSt7__cxx1112basic_stringIcSt11char_traitsIcESaIcEEE called 0 returned 0% blocks executed 0%
    #####: 5826:void ScopedTrace::PushTrace(const char* file, int line, std::string message) {
    $$$$$: 5826-block  0
    #####: 5827:  internal::TraceInfo trace;
    $$$$$: 5827-block  0
call    0 never executed
    $$$$$: 5827-block  1
call    1 never executed
    %%%%%: 5827-block  2
call    2 never executed
    #####: 5828:  trace.file = file;
    #####: 5829:  trace.line = line;
    #####: 5830:  trace.message.swap(message);
call    0 never executed
        -: 5831:
    #####: 5832:  UnitTest::GetInstance()->PushGTestTrace(trace);
call    0 never executed
branch  1 never executed
branch  2 never executed
    $$$$$: 5832-block  0
call    3 never executed
branch  4 never executed
branch  5 never executed
    #####: 5833:}
        -: 5834:
        -: 5835:// Pops the info pushed by the c'tor.
function _ZN7testing11ScopedTraceD2Ev called 0 returned 0% blocks executed 0%
    #####: 5836:ScopedTrace::~ScopedTrace()
    $$$$$: 5836-block  0
        -: 5837:    GTEST_LOCK_EXCLUDED_(&UnitTest::mutex_) {
    #####: 5838:  UnitTest::GetInstance()->PopGTestTrace();
    $$$$$: 5838-block  0
call    0 never executed
call    1 never executed
    #####: 5839:}
        -: 5840:
        -: 5841:}  // namespace testing
