        -:    0:Source:c:/mingw/lib/gcc/mingw32/6.3.0/include/c++/bits/stl_construct.h
        -:    0:Graph:C:\Users\valum\Documents\GitHub\TPI-AED1-2C2021\cmake-build-debug-coverage\lib\googletest-master\googlemock\gtest\CMakeFiles\gtest.dir\src\gtest-all.cc.gcno
        -:    0:Data:C:\Users\valum\Documents\GitHub\TPI-AED1-2C2021\cmake-build-debug-coverage\lib\googletest-master\googlemock\gtest\CMakeFiles\gtest.dir\src\gtest-all.cc.gcda
        -:    0:Runs:1
        -:    0:Programs:1
        -:    1:// nonstandard construct and destroy functions -*- C++ -*-
        -:    2:
        -:    3:// Copyright (C) 2001-2016 Free Software Foundation, Inc.
        -:    4://
        -:    5:// This file is part of the GNU ISO C++ Library.  This library is free
        -:    6:// software; you can redistribute it and/or modify it under the
        -:    7:// terms of the GNU General Public License as published by the
        -:    8:// Free Software Foundation; either version 3, or (at your option)
        -:    9:// any later version.
        -:   10:
        -:   11:// This library is distributed in the hope that it will be useful,
        -:   12:// but WITHOUT ANY WARRANTY; without even the implied warranty of
        -:   13:// MERCHANTABILITY or FITNESS FOR A PARTICULAR PURPOSE.  See the
        -:   14:// GNU General Public License for more details.
        -:   15:
        -:   16:// Under Section 7 of GPL version 3, you are granted additional
        -:   17:// permissions described in the GCC Runtime Library Exception, version
        -:   18:// 3.1, as published by the Free Software Foundation.
        -:   19:
        -:   20:// You should have received a copy of the GNU General Public License and
        -:   21:// a copy of the GCC Runtime Library Exception along with this program;
        -:   22:// see the files COPYING3 and COPYING.RUNTIME respectively.  If not, see
        -:   23:// <http://www.gnu.org/licenses/>.
        -:   24:
        -:   25:/*
        -:   26: *
        -:   27: * Copyright (c) 1994
        -:   28: * Hewlett-Packard Company
        -:   29: *
        -:   30: * Permission to use, copy, modify, distribute and sell this software
        -:   31: * and its documentation for any purpose is hereby granted without fee,
        -:   32: * provided that the above copyright notice appear in all copies and
        -:   33: * that both that copyright notice and this permission notice appear
        -:   34: * in supporting documentation.  Hewlett-Packard Company makes no
        -:   35: * representations about the suitability of this software for any
        -:   36: * purpose.  It is provided "as is" without express or implied warranty.
        -:   37: *
        -:   38: *
        -:   39: * Copyright (c) 1996,1997
        -:   40: * Silicon Graphics Computer Systems, Inc.
        -:   41: *
        -:   42: * Permission to use, copy, modify, distribute and sell this software
        -:   43: * and its documentation for any purpose is hereby granted without fee,
        -:   44: * provided that the above copyright notice appear in all copies and
        -:   45: * that both that copyright notice and this permission notice appear
        -:   46: * in supporting documentation.  Silicon Graphics makes no
        -:   47: * representations about the suitability of this software for any
        -:   48: * purpose.  It is provided "as is" without express or implied warranty.
        -:   49: */
        -:   50:
        -:   51:/** @file bits/stl_construct.h
        -:   52: *  This is an internal header file, included by other library headers.
        -:   53: *  Do not attempt to use it directly. @headername{memory}
        -:   54: */
        -:   55:
        -:   56:#ifndef _STL_CONSTRUCT_H
        -:   57:#define _STL_CONSTRUCT_H 1
        -:   58:
        -:   59:#include <new>
        -:   60:#include <bits/move.h>
        -:   61:#include <ext/alloc_traits.h>
        -:   62:
        -:   63:namespace std _GLIBCXX_VISIBILITY(default)
        -:   64:{
        -:   65:_GLIBCXX_BEGIN_NAMESPACE_VERSION
        -:   66:
        -:   67:  /**
        -:   68:   * Constructs an object in existing memory by invoking an allocated
        -:   69:   * object's constructor with an initializer.
        -:   70:   */
        -:   71:#if __cplusplus >= 201103L
        -:   72:  template<typename _T1, typename... _Args>
        -:   73:    inline void
function _ZSt10_ConstructINSt7__cxx1112basic_stringIcSt11char_traitsIcESaIcEEEJRKPKcEEvPT_DpOT0_ called 0 returned 0% blocks executed 0%
function _ZSt10_ConstructINSt7__cxx1112basic_stringIcSt11char_traitsIcESaIcEEEJS5_EEvPT_DpOT0_ called 1 returned 100% blocks executed 86%
function _ZSt10_ConstructIN7testing8internal10linked_ptrINS1_26ThreadLocalValueHolderBaseEEEJRKS4_EEvPT_DpOT0_ called 0 returned 0% blocks executed 0%
function _ZSt10_ConstructIN7testing8internal9TraceInfoEJS2_EEvPT_DpOT0_ called 0 returned 0% blocks executed 0%
function _ZSt10_ConstructIN7testing12TestPropertyEJS1_EEvPT_DpOT0_ called 0 returned 0% blocks executed 0%
function _ZSt10_ConstructIN7testing14TestPartResultEJS1_EEvPT_DpOT0_ called 0 returned 0% blocks executed 0%
function _ZSt10_ConstructISt6vectorIN7testing8internal13edit_distance8EditTypeESaIS4_EEJRKS6_EEvPT_DpOT0_ called 0 returned 0% blocks executed 0%
function _ZSt10_ConstructISt6vectorIdSaIdEEJRKS2_EEvPT_DpOT0_ called 0 returned 0% blocks executed 0%
function _ZSt10_ConstructINSt7__cxx1112basic_stringIcSt11char_traitsIcESaIcEEEJRKS5_EEvPT_DpOT0_ called 2 returned 100% blocks executed 78%
        3:   74:    _Construct(_T1* __p, _Args&&... __args)
    $$$$$:   74-block  0
        1:   74-block  1
    $$$$$:   74-block  2
    $$$$$:   74-block  3
    $$$$$:   74-block  4
    $$$$$:   74-block  5
    $$$$$:   74-block  6
    $$$$$:   74-block  7
        2:   74-block  8
        3:   75:    { ::new(static_cast<void*>(__p)) _T1(std::forward<_Args>(__args)...); }
    $$$$$:   75-block  0
call    0 never executed
call    1 never executed
call    2 never executed
branch  3 never executed
branch  4 never executed
    $$$$$:   75-block  1
call    5 never executed
branch  6 never executed
branch  7 never executed
    $$$$$:   75-block  2
    $$$$$:   75-block  3
    $$$$$:   75-block  4
call    8 never executed
    %%%%%:   75-block  5
call    9 never executed
    %%%%%:   75-block  6
call   10 never executed
        1:   75-block  7
call   11 returned 1
call   12 returned 1
branch 13 taken 1 (fallthrough)
branch 14 taken 0
        1:   75-block  8
call   15 returned 1
    $$$$$:   75-block  9
    $$$$$:   75-block 10
call   16 never executed
call   17 never executed
branch 18 never executed
branch 19 never executed
    $$$$$:   75-block 11
call   20 never executed
branch 21 never executed
branch 22 never executed
    $$$$$:   75-block 12
    $$$$$:   75-block 13
    $$$$$:   75-block 14
    %%%%%:   75-block 15
call   23 never executed
    $$$$$:   75-block 16
call   24 never executed
call   25 never executed
branch 26 never executed
branch 27 never executed
    $$$$$:   75-block 17
call   28 never executed
    $$$$$:   75-block 18
    $$$$$:   75-block 19
call   29 never executed
call   30 never executed
branch 31 never executed
branch 32 never executed
    $$$$$:   75-block 20
call   33 never executed
    $$$$$:   75-block 21
    $$$$$:   75-block 22
call   34 never executed
call   35 never executed
branch 36 never executed
branch 37 never executed
    $$$$$:   75-block 23
call   38 never executed
    $$$$$:   75-block 24
    $$$$$:   75-block 25
call   39 never executed
call   40 never executed
branch 41 never executed
branch 42 never executed
    $$$$$:   75-block 26
call   43 never executed
branch 44 never executed
branch 45 never executed
    $$$$$:   75-block 27
    $$$$$:   75-block 28
    $$$$$:   75-block 29
    %%%%%:   75-block 30
call   46 never executed
    $$$$$:   75-block 31
call   47 never executed
call   48 never executed
branch 49 never executed
branch 50 never executed
    $$$$$:   75-block 32
call   51 never executed
branch 52 never executed
branch 53 never executed
    $$$$$:   75-block 33
    $$$$$:   75-block 34
    $$$$$:   75-block 35
    %%%%%:   75-block 36
call   54 never executed
        2:   75-block 37
call   55 returned 2
call   56 returned 2
branch 57 taken 2 (fallthrough)
branch 58 taken 0
        2:   75-block 38
call   59 returned 2
branch 60 taken 2 (fallthrough)
branch 61 taken 0 (throw)
        2:   75-block 39
    $$$$$:   75-block 40
        2:   75-block 41
    %%%%%:   75-block 42
call   62 never executed
        -:   76:#else
        -:   77:  template<typename _T1, typename _T2>
        -:   78:    inline void
        -:   79:    _Construct(_T1* __p, const _T2& __value)
        -:   80:    {
        -:   81:      // _GLIBCXX_RESOLVE_LIB_DEFECTS
        -:   82:      // 402. wrong new expression in [some_]allocator::construct
        -:   83:      ::new(static_cast<void*>(__p)) _T1(__value);
        -:   84:    }
        -:   85:#endif
        -:   86:
        -:   87:  /**
        -:   88:   * Destroy the object pointed to by a pointer type.
        -:   89:   */
        -:   90:  template<typename _Tp>
        -:   91:    inline void
function _ZSt8_DestroyIN7testing8internal9TraceInfoEEvPT_ called 0 returned 0% blocks executed 0%
function _ZSt8_DestroyIN7testing8internal10linked_ptrINS1_26ThreadLocalValueHolderBaseEEEEvPT_ called 2 returned 100% blocks executed 100%
function _ZSt8_DestroyIN7testing12TestPropertyEEvPT_ called 0 returned 0% blocks executed 0%
function _ZSt8_DestroyISt6vectorIN7testing8internal13edit_distance8EditTypeESaIS4_EEEvPT_ called 0 returned 0% blocks executed 0%
function _ZSt8_DestroyISt6vectorIdSaIdEEEvPT_ called 0 returned 0% blocks executed 0%
function _ZSt8_DestroyINSt7__cxx1112basic_stringIcSt11char_traitsIcESaIcEEEEvPT_ called 5 returned 100% blocks executed 100%
function _ZSt8_DestroyIN7testing14TestPartResultEEvPT_ called 1 returned 100% blocks executed 100%
        8:   92:    _Destroy(_Tp* __pointer)
    $$$$$:   92-block  0
        2:   92-block  1
    $$$$$:   92-block  2
    $$$$$:   92-block  3
    $$$$$:   92-block  4
        5:   92-block  5
        1:   92-block  6
        8:   93:    { __pointer->~_Tp(); }
    $$$$$:   93-block  0
call    0 never executed
        2:   93-block  1
call    1 returned 2
    $$$$$:   93-block  2
call    2 never executed
    $$$$$:   93-block  3
call    3 never executed
    $$$$$:   93-block  4
call    4 never executed
        5:   93-block  5
call    5 returned 5
        1:   93-block  6
call    6 returned 1
        -:   94:
        -:   95:  template<bool>
        -:   96:    struct _Destroy_aux
        -:   97:    {
        -:   98:      template<typename _ForwardIterator>
        -:   99:        static void
function _ZNSt12_Destroy_auxILb0EE9__destroyIPN7testing8internal9TraceInfoEEEvT_S6_ called 1 returned 100% blocks executed 40%
function _ZNSt12_Destroy_auxILb0EE9__destroyIPN7testing8internal10linked_ptrINS3_26ThreadLocalValueHolderBaseEEEEEvT_S8_ called 4 returned 100% blocks executed 100%
function _ZNSt12_Destroy_auxILb0EE9__destroyIPN7testing12TestPropertyEEEvT_S5_ called 95 returned 100% blocks executed 40%
function _ZNSt12_Destroy_auxILb0EE9__destroyIPSt6vectorIN7testing8internal13edit_distance8EditTypeESaIS6_EEEEvT_SA_ called 0 returned 0% blocks executed 0%
function _ZNSt12_Destroy_auxILb0EE9__destroyIPSt6vectorIdSaIdEEEEvT_S6_ called 0 returned 0% blocks executed 0%
function _ZNSt12_Destroy_auxILb0EE9__destroyIPNSt7__cxx1112basic_stringIcSt11char_traitsIcESaIcEEEEEvT_S9_ called 6 returned 100% blocks executed 100%
function _ZNSt12_Destroy_auxILb0EE9__destroyIPN7testing14TestPartResultEEEvT_S5_ called 96 returned 100% blocks executed 100%
      202:  100:        __destroy(_ForwardIterator __first, _ForwardIterator __last)
        1:  100-block  0
        4:  100-block  1
       95:  100-block  2
    $$$$$:  100-block  3
    $$$$$:  100-block  4
        6:  100-block  5
       96:  100-block  6
        -:  101:	{
      210:  102:	  for (; __first != __last; ++__first)
        1:  102-block  0
branch  0 taken 0 (fallthrough)
branch  1 taken 1
        6:  102-block  1
branch  2 taken 2 (fallthrough)
branch  3 taken 4
       95:  102-block  2
branch  4 taken 0 (fallthrough)
branch  5 taken 95
    $$$$$:  102-block  3
branch  6 never executed
branch  7 never executed
    $$$$$:  102-block  4
branch  8 never executed
branch  9 never executed
       11:  102-block  5
branch 10 taken 5 (fallthrough)
branch 11 taken 6
       97:  102-block  6
branch 12 taken 1 (fallthrough)
branch 13 taken 96
        8:  103:	    std::_Destroy(std::__addressof(*__first));
    $$$$$:  103-block  0
call    0 never executed
call    1 never executed
        2:  103-block  1
call    2 returned 2
call    3 returned 2
    $$$$$:  103-block  2
call    4 never executed
call    5 never executed
    $$$$$:  103-block  3
call    6 never executed
call    7 never executed
    $$$$$:  103-block  4
call    8 never executed
call    9 never executed
        5:  103-block  5
call   10 returned 5
call   11 returned 5
        1:  103-block  6
call   12 returned 1
call   13 returned 1
      202:  104:	}
        -:  105:    };
        -:  106:
        -:  107:  template<>
        -:  108:    struct _Destroy_aux<true>
        -:  109:    {
        -:  110:      template<typename _ForwardIterator>
        -:  111:        static void
function _ZNSt12_Destroy_auxILb1EE9__destroyIPPN7testing8TestCaseEEEvT_S6_ called 6 returned 100% blocks executed 100%
function _ZNSt12_Destroy_auxILb1EE9__destroyIPPN7testing11EnvironmentEEEvT_S6_ called 1 returned 100% blocks executed 100%
function _ZNSt12_Destroy_auxILb1EE9__destroyIPPN7testing17TestEventListenerEEEvT_S6_ called 2 returned 100% blocks executed 100%
function _ZNSt12_Destroy_auxILb1EE9__destroyIPiEEvT_S3_ called 0 returned 0% blocks executed 0%
function _ZNSt12_Destroy_auxILb1EE9__destroyIPPN7testing8TestInfoEEEvT_S6_ called 35 returned 100% blocks executed 100%
function _ZNSt12_Destroy_auxILb1EE9__destroyIPjEEvT_S3_ called 0 returned 0% blocks executed 0%
function _ZNSt12_Destroy_auxILb1EE9__destroyIPN7testing8internal13edit_distance8EditTypeEEEvT_S7_ called 0 returned 0% blocks executed 0%
function _ZNSt12_Destroy_auxILb1EE9__destroyIPdEEvT_S3_ called 0 returned 0% blocks executed 0%
function _ZNSt12_Destroy_auxILb1EE9__destroyIPPN7testing8internal29ParameterizedTestCaseInfoBaseEEEvT_S7_ called 1 returned 100% blocks executed 100%
       45:  112:        __destroy(_ForwardIterator, _ForwardIterator) { }
        6:  112-block  0
        1:  112-block  1
        2:  112-block  2
    $$$$$:  112-block  3
       35:  112-block  4
    $$$$$:  112-block  5
    $$$$$:  112-block  6
    $$$$$:  112-block  7
        1:  112-block  8
        -:  113:    };
        -:  114:
        -:  115:  /**
        -:  116:   * Destroy a range of objects.  If the value_type of the object has
        -:  117:   * a trivial destructor, the compiler should optimize all of this
        -:  118:   * away, otherwise the objects' destructors must be invoked.
        -:  119:   */
        -:  120:  template<typename _ForwardIterator>
        -:  121:    inline void
function _ZSt8_DestroyIPN7testing8internal9TraceInfoEEvT_S4_ called 1 returned 100% blocks executed 100%
function _ZSt8_DestroyIPN7testing8internal10linked_ptrINS1_26ThreadLocalValueHolderBaseEEEEvT_S6_ called 4 returned 100% blocks executed 100%
function _ZSt8_DestroyIPPN7testing8TestCaseEEvT_S4_ called 6 returned 100% blocks executed 100%
function _ZSt8_DestroyIPPN7testing11EnvironmentEEvT_S4_ called 1 returned 100% blocks executed 100%
function _ZSt8_DestroyIPPN7testing17TestEventListenerEEvT_S4_ called 2 returned 100% blocks executed 100%
function _ZSt8_DestroyIPiEvT_S1_ called 0 returned 0% blocks executed 0%
function _ZSt8_DestroyIPPN7testing8TestInfoEEvT_S4_ called 35 returned 100% blocks executed 100%
function _ZSt8_DestroyIPN7testing12TestPropertyEEvT_S3_ called 95 returned 100% blocks executed 100%
function _ZSt8_DestroyIPjEvT_S1_ called 0 returned 0% blocks executed 0%
function _ZSt8_DestroyIPSt6vectorIN7testing8internal13edit_distance8EditTypeESaIS4_EEEvT_S8_ called 0 returned 0% blocks executed 0%
function _ZSt8_DestroyIPN7testing8internal13edit_distance8EditTypeEEvT_S5_ called 0 returned 0% blocks executed 0%
function _ZSt8_DestroyIPSt6vectorIdSaIdEEEvT_S4_ called 0 returned 0% blocks executed 0%
function _ZSt8_DestroyIPdEvT_S1_ called 0 returned 0% blocks executed 0%
function _ZSt8_DestroyIPNSt7__cxx1112basic_stringIcSt11char_traitsIcESaIcEEEEvT_S7_ called 6 returned 100% blocks executed 100%
function _ZSt8_DestroyIPN7testing14TestPartResultEEvT_S3_ called 96 returned 100% blocks executed 100%
function _ZSt8_DestroyIPPN7testing8internal29ParameterizedTestCaseInfoBaseEEvT_S5_ called 1 returned 100% blocks executed 100%
      247:  122:    _Destroy(_ForwardIterator __first, _ForwardIterator __last)
        1:  122-block  0
        4:  122-block  1
        6:  122-block  2
        1:  122-block  3
        2:  122-block  4
    $$$$$:  122-block  5
       35:  122-block  6
       95:  122-block  7
    $$$$$:  122-block  8
    $$$$$:  122-block  9
    $$$$$:  122-block 10
    $$$$$:  122-block 11
    $$$$$:  122-block 12
        6:  122-block 13
       96:  122-block 14
        1:  122-block 15
        -:  123:    {
        -:  124:      typedef typename iterator_traits<_ForwardIterator>::value_type
        -:  125:                       _Value_type;
      247:  126:      std::_Destroy_aux<__has_trivial_destructor(_Value_type)>::
        1:  126-block  0
call    0 returned 1
        4:  126-block  1
call    1 returned 4
        6:  126-block  2
call    2 returned 6
        1:  126-block  3
call    3 returned 1
        2:  126-block  4
call    4 returned 2
    $$$$$:  126-block  5
call    5 never executed
       35:  126-block  6
call    6 returned 35
       95:  126-block  7
call    7 returned 95
    $$$$$:  126-block  8
call    8 never executed
    $$$$$:  126-block  9
call    9 never executed
    $$$$$:  126-block 10
call   10 never executed
    $$$$$:  126-block 11
call   11 never executed
    $$$$$:  126-block 12
call   12 never executed
        6:  126-block 13
call   13 returned 6
       96:  126-block 14
call   14 returned 96
        1:  126-block 15
call   15 returned 1
        -:  127:	__destroy(__first, __last);
      247:  128:    }
        -:  129:
        -:  130:  /**
        -:  131:   * Destroy a range of objects using the supplied allocator.  For
        -:  132:   * nondefault allocators we do not optimize away invocation of 
        -:  133:   * destroy() even if _Tp has a trivial destructor.
        -:  134:   */
        -:  135:
        -:  136:  template<typename _ForwardIterator, typename _Allocator>
        -:  137:    void
        -:  138:    _Destroy(_ForwardIterator __first, _ForwardIterator __last,
        -:  139:	     _Allocator& __alloc)
        -:  140:    {
        -:  141:      typedef __gnu_cxx::__alloc_traits<_Allocator> __traits;
        -:  142:      for (; __first != __last; ++__first)
        -:  143:	__traits::destroy(__alloc, std::__addressof(*__first));
        -:  144:    }
        -:  145:
        -:  146:  template<typename _ForwardIterator, typename _Tp>
        -:  147:    inline void
function _ZSt8_DestroyIPN7testing8internal9TraceInfoES2_EvT_S4_RSaIT0_E called 1 returned 100% blocks executed 100%
function _ZSt8_DestroyIPN7testing8internal10linked_ptrINS1_26ThreadLocalValueHolderBaseEEES4_EvT_S6_RSaIT0_E called 4 returned 100% blocks executed 100%
function _ZSt8_DestroyIPPN7testing8TestCaseES2_EvT_S4_RSaIT0_E called 6 returned 100% blocks executed 100%
function _ZSt8_DestroyIPPN7testing11EnvironmentES2_EvT_S4_RSaIT0_E called 1 returned 100% blocks executed 100%
function _ZSt8_DestroyIPPN7testing17TestEventListenerES2_EvT_S4_RSaIT0_E called 2 returned 100% blocks executed 100%
function _ZSt8_DestroyIPiiEvT_S1_RSaIT0_E called 0 returned 0% blocks executed 0%
function _ZSt8_DestroyIPPN7testing8TestInfoES2_EvT_S4_RSaIT0_E called 35 returned 100% blocks executed 100%
function _ZSt8_DestroyIPN7testing12TestPropertyES1_EvT_S3_RSaIT0_E called 95 returned 100% blocks executed 100%
function _ZSt8_DestroyIPjjEvT_S1_RSaIT0_E called 0 returned 0% blocks executed 0%
function _ZSt8_DestroyIPSt6vectorIN7testing8internal13edit_distance8EditTypeESaIS4_EES6_EvT_S8_RSaIT0_E called 0 returned 0% blocks executed 0%
function _ZSt8_DestroyIPN7testing8internal13edit_distance8EditTypeES3_EvT_S5_RSaIT0_E called 0 returned 0% blocks executed 0%
function _ZSt8_DestroyIPSt6vectorIdSaIdEES2_EvT_S4_RSaIT0_E called 0 returned 0% blocks executed 0%
function _ZSt8_DestroyIPddEvT_S1_RSaIT0_E called 0 returned 0% blocks executed 0%
function _ZSt8_DestroyIPNSt7__cxx1112basic_stringIcSt11char_traitsIcESaIcEEES5_EvT_S7_RSaIT0_E called 6 returned 100% blocks executed 100%
function _ZSt8_DestroyIPN7testing14TestPartResultES1_EvT_S3_RSaIT0_E called 96 returned 100% blocks executed 100%
function _ZSt8_DestroyIPPN7testing8internal29ParameterizedTestCaseInfoBaseES3_EvT_S5_RSaIT0_E called 1 returned 100% blocks executed 100%
      247:  148:    _Destroy(_ForwardIterator __first, _ForwardIterator __last,
        1:  148-block  0
        4:  148-block  1
        6:  148-block  2
        1:  148-block  3
        2:  148-block  4
    $$$$$:  148-block  5
       35:  148-block  6
       95:  148-block  7
    $$$$$:  148-block  8
    $$$$$:  148-block  9
    $$$$$:  148-block 10
    $$$$$:  148-block 11
    $$$$$:  148-block 12
        6:  148-block 13
       96:  148-block 14
        1:  148-block 15
        -:  149:	     allocator<_Tp>&)
        -:  150:    {
      247:  151:      _Destroy(__first, __last);
        1:  151-block  0
call    0 returned 1
        4:  151-block  1
call    1 returned 4
        6:  151-block  2
call    2 returned 6
        1:  151-block  3
call    3 returned 1
        2:  151-block  4
call    4 returned 2
    $$$$$:  151-block  5
call    5 never executed
       35:  151-block  6
call    6 returned 35
       95:  151-block  7
call    7 returned 95
    $$$$$:  151-block  8
call    8 never executed
    $$$$$:  151-block  9
call    9 never executed
    $$$$$:  151-block 10
call   10 never executed
    $$$$$:  151-block 11
call   11 never executed
    $$$$$:  151-block 12
call   12 never executed
        6:  151-block 13
call   13 returned 6
       96:  151-block 14
call   14 returned 96
        1:  151-block 15
call   15 returned 1
      247:  152:    }
        -:  153:
        -:  154:_GLIBCXX_END_NAMESPACE_VERSION
        -:  155:} // namespace std
        -:  156:
        -:  157:#endif /* _STL_CONSTRUCT_H */
        -:  158:
